[0.021s] Invoking command in '/home/bobby/nexon_ws/build/nav2_dstar_lite': /usr/bin/cmake --build /home/bobby/nexon_ws/build/nav2_dstar_lite -- -j4 -l4
[0.098s] [100%] Built target dstar_lite_planner
[0.120s] Invoked command in '/home/bobby/nexon_ws/build/nav2_dstar_lite' returned '0': /usr/bin/cmake --build /home/bobby/nexon_ws/build/nav2_dstar_lite -- -j4 -l4
[0.126s] Invoking command in '/home/bobby/nexon_ws/build/nav2_dstar_lite': /usr/bin/cmake --install /home/bobby/nexon_ws/build/nav2_dstar_lite
[0.132s] -- Install configuration: ""
[0.132s] -- Up-to-date: /home/bobby/nexon_ws/install/nav2_dstar_lite/share/nav2_dstar_lite/pluginlib_plugins.xml
[0.133s] -- Up-to-date: /home/bobby/nexon_ws/install/nav2_dstar_lite/lib/libdstar_lite_planner.so
[0.133s] -- Up-to-date: /home/bobby/nexon_ws/install/nav2_dstar_lite/include
[0.133s] -- Up-to-date: /home/bobby/nexon_ws/install/nav2_dstar_lite/include/nav2_dstar_lite
[0.133s] -- Up-to-date: /home/bobby/nexon_ws/install/nav2_dstar_lite/include/nav2_dstar_lite/dstar_lite_planner.hpp
[0.133s] -- Up-to-date: /home/bobby/nexon_ws/install/nav2_dstar_lite/share/ament_index/resource_index/package_run_dependencies/nav2_dstar_lite
[0.135s] -- Up-to-date: /home/bobby/nexon_ws/install/nav2_dstar_lite/share/ament_index/resource_index/parent_prefix_path/nav2_dstar_lite
[0.135s] -- Up-to-date: /home/bobby/nexon_ws/install/nav2_dstar_lite/share/nav2_dstar_lite/environment/ament_prefix_path.sh
[0.135s] -- Up-to-date: /home/bobby/nexon_ws/install/nav2_dstar_lite/share/nav2_dstar_lite/environment/ament_prefix_path.dsv
[0.135s] -- Up-to-date: /home/bobby/nexon_ws/install/nav2_dstar_lite/share/nav2_dstar_lite/environment/path.sh
[0.135s] -- Up-to-date: /home/bobby/nexon_ws/install/nav2_dstar_lite/share/nav2_dstar_lite/environment/path.dsv
[0.135s] -- Up-to-date: /home/bobby/nexon_ws/install/nav2_dstar_lite/share/nav2_dstar_lite/local_setup.bash
[0.135s] -- Up-to-date: /home/bobby/nexon_ws/install/nav2_dstar_lite/share/nav2_dstar_lite/local_setup.sh
[0.135s] -- Up-to-date: /home/bobby/nexon_ws/install/nav2_dstar_lite/share/nav2_dstar_lite/local_setup.zsh
[0.135s] -- Up-to-date: /home/bobby/nexon_ws/install/nav2_dstar_lite/share/nav2_dstar_lite/local_setup.dsv
[0.135s] -- Installing: /home/bobby/nexon_ws/install/nav2_dstar_lite/share/nav2_dstar_lite/package.dsv
[0.135s] -- Up-to-date: /home/bobby/nexon_ws/install/nav2_dstar_lite/share/ament_index/resource_index/packages/nav2_dstar_lite
[0.135s] -- Up-to-date: /home/bobby/nexon_ws/install/nav2_dstar_lite/share/ament_index/resource_index/nav2_core__pluginlib__plugin/nav2_dstar_lite
[0.135s] -- Up-to-date: /home/bobby/nexon_ws/install/nav2_dstar_lite/share/nav2_dstar_lite/cmake/nav2_dstar_liteConfig.cmake
[0.136s] -- Up-to-date: /home/bobby/nexon_ws/install/nav2_dstar_lite/share/nav2_dstar_lite/cmake/nav2_dstar_liteConfig-version.cmake
[0.136s] -- Up-to-date: /home/bobby/nexon_ws/install/nav2_dstar_lite/share/nav2_dstar_lite/package.xml
[0.138s] Invoked command in '/home/bobby/nexon_ws/build/nav2_dstar_lite' returned '0': /usr/bin/cmake --install /home/bobby/nexon_ws/build/nav2_dstar_lite
