[0.017s] Invoking command in '/home/bobby/nexon_ws/build/sllidar_ros2': CMAKE_PREFIX_PATH=/home/bobby/nexon_ws/install/sllidar_ros2:/home/bobby/nexon_ws/install/nexon_navigation:/home/bobby/nexon_ws/install/nexon_description:/home/bobby/nexon_ws/install/nexon_bringup:/home/bobby/nexon_ws/install/nexon_base:/home/bobby/nexon_ws/install/nexon:/home/bobby/nexon_ws/install/lock_system:/home/bobby/nexon_ws/install/imu_kalman_pkg:/home/bobby/nexon_ws/install/gamepad_pkg:/home/bobby/nexon_ws/install/gamepad_bt_pkg:/home/bobby/nexon_ws/install/data_visual:/opt/ros/humble:/home/bobby/nexon_ws/install/nav2_dstar_lite:/home/bobby/nexon_ws/install/micro_ros_setup:/home/bobby/nexon_ws/install/micro_ros_agent /usr/bin/cmake /home/bobby/nexon_ws/sllidar_ros2 -DCMAKE_INSTALL_PREFIX=/home/bobby/nexon_ws/install/sllidar_ros2
[0.051s] -- Found ament_cmake: 1.3.12 (/opt/ros/humble/share/ament_cmake/cmake)
[0.373s] -- Override CMake install command with custom implementation using symlinks instead of copying resources
[0.383s] -- Found rclcpp: 16.0.16 (/opt/ros/humble/share/rclcpp/cmake)
[0.458s] -- Found rosidl_generator_c: 3.1.7 (/opt/ros/humble/share/rosidl_generator_c/cmake)
[0.461s] -- Found rosidl_adapter: 3.1.7 (/opt/ros/humble/share/rosidl_adapter/cmake)
[0.479s] -- Found rosidl_generator_cpp: 3.1.7 (/opt/ros/humble/share/rosidl_generator_cpp/cmake)
[0.511s] -- Using all available rosidl_typesupport_c: rosidl_typesupport_fastrtps_c;rosidl_typesupport_introspection_c
[0.540s] -- Using all available rosidl_typesupport_cpp: rosidl_typesupport_fastrtps_cpp;rosidl_typesupport_introspection_cpp
[0.592s] -- Found rmw_implementation_cmake: 6.1.2 (/opt/ros/humble/share/rmw_implementation_cmake/cmake)
[0.595s] -- Found rmw_fastrtps_cpp: 6.2.9 (/opt/ros/humble/share/rmw_fastrtps_cpp/cmake)
[0.816s] -- Using RMW implementation 'rmw_fastrtps_cpp' as default
[0.877s] -- Found sensor_msgs: 4.9.0 (/opt/ros/humble/share/sensor_msgs/cmake)
[0.904s] -- Found std_srvs: 4.9.0 (/opt/ros/humble/share/std_srvs/cmake)
[1.050s] -- Configuring done
[1.085s] -- Generating done
[1.093s] -- Build files have been written to: /home/bobby/nexon_ws/build/sllidar_ros2
[1.105s] Invoked command in '/home/bobby/nexon_ws/build/sllidar_ros2' returned '0': CMAKE_PREFIX_PATH=/home/bobby/nexon_ws/install/sllidar_ros2:/home/bobby/nexon_ws/install/nexon_navigation:/home/bobby/nexon_ws/install/nexon_description:/home/bobby/nexon_ws/install/nexon_bringup:/home/bobby/nexon_ws/install/nexon_base:/home/bobby/nexon_ws/install/nexon:/home/bobby/nexon_ws/install/lock_system:/home/bobby/nexon_ws/install/imu_kalman_pkg:/home/bobby/nexon_ws/install/gamepad_pkg:/home/bobby/nexon_ws/install/gamepad_bt_pkg:/home/bobby/nexon_ws/install/data_visual:/opt/ros/humble:/home/bobby/nexon_ws/install/nav2_dstar_lite:/home/bobby/nexon_ws/install/micro_ros_setup:/home/bobby/nexon_ws/install/micro_ros_agent /usr/bin/cmake /home/bobby/nexon_ws/sllidar_ros2 -DCMAKE_INSTALL_PREFIX=/home/bobby/nexon_ws/install/sllidar_ros2
[1.106s] Invoking command in '/home/bobby/nexon_ws/build/sllidar_ros2': CMAKE_PREFIX_PATH=/home/bobby/nexon_ws/install/sllidar_ros2:/home/bobby/nexon_ws/install/nexon_navigation:/home/bobby/nexon_ws/install/nexon_description:/home/bobby/nexon_ws/install/nexon_bringup:/home/bobby/nexon_ws/install/nexon_base:/home/bobby/nexon_ws/install/nexon:/home/bobby/nexon_ws/install/lock_system:/home/bobby/nexon_ws/install/imu_kalman_pkg:/home/bobby/nexon_ws/install/gamepad_pkg:/home/bobby/nexon_ws/install/gamepad_bt_pkg:/home/bobby/nexon_ws/install/data_visual:/opt/ros/humble:/home/bobby/nexon_ws/install/nav2_dstar_lite:/home/bobby/nexon_ws/install/micro_ros_setup:/home/bobby/nexon_ws/install/micro_ros_agent /usr/bin/cmake --build /home/bobby/nexon_ws/build/sllidar_ros2 -- -j4 -l4
[1.157s] [35m[1mConsolidate compiler generated dependencies of target sllidar_client[0m
[1.162s] [35m[1mConsolidate compiler generated dependencies of target sllidar_node[0m
[1.175s] [ 10%] Built target sllidar_client
[1.194s] [100%] Built target sllidar_node
[1.203s] Invoked command in '/home/bobby/nexon_ws/build/sllidar_ros2' returned '0': CMAKE_PREFIX_PATH=/home/bobby/nexon_ws/install/sllidar_ros2:/home/bobby/nexon_ws/install/nexon_navigation:/home/bobby/nexon_ws/install/nexon_description:/home/bobby/nexon_ws/install/nexon_bringup:/home/bobby/nexon_ws/install/nexon_base:/home/bobby/nexon_ws/install/nexon:/home/bobby/nexon_ws/install/lock_system:/home/bobby/nexon_ws/install/imu_kalman_pkg:/home/bobby/nexon_ws/install/gamepad_pkg:/home/bobby/nexon_ws/install/gamepad_bt_pkg:/home/bobby/nexon_ws/install/data_visual:/opt/ros/humble:/home/bobby/nexon_ws/install/nav2_dstar_lite:/home/bobby/nexon_ws/install/micro_ros_setup:/home/bobby/nexon_ws/install/micro_ros_agent /usr/bin/cmake --build /home/bobby/nexon_ws/build/sllidar_ros2 -- -j4 -l4
[1.206s] Invoking command in '/home/bobby/nexon_ws/build/sllidar_ros2': CMAKE_PREFIX_PATH=/home/bobby/nexon_ws/install/sllidar_ros2:/home/bobby/nexon_ws/install/nexon_navigation:/home/bobby/nexon_ws/install/nexon_description:/home/bobby/nexon_ws/install/nexon_bringup:/home/bobby/nexon_ws/install/nexon_base:/home/bobby/nexon_ws/install/nexon:/home/bobby/nexon_ws/install/lock_system:/home/bobby/nexon_ws/install/imu_kalman_pkg:/home/bobby/nexon_ws/install/gamepad_pkg:/home/bobby/nexon_ws/install/gamepad_bt_pkg:/home/bobby/nexon_ws/install/data_visual:/opt/ros/humble:/home/bobby/nexon_ws/install/nav2_dstar_lite:/home/bobby/nexon_ws/install/micro_ros_setup:/home/bobby/nexon_ws/install/micro_ros_agent /usr/bin/cmake --install /home/bobby/nexon_ws/build/sllidar_ros2
[1.210s] -- Install configuration: ""
[1.212s] -- Execute custom install script
[1.212s] -- Up-to-date symlink: /home/bobby/nexon_ws/install/sllidar_ros2/share/sllidar_ros2/launch/sllidar_a1_launch.py
[1.212s] -- Up-to-date symlink: /home/bobby/nexon_ws/install/sllidar_ros2/share/sllidar_ros2/launch/sllidar_a2m12_launch .py
[1.212s] -- Up-to-date symlink: /home/bobby/nexon_ws/install/sllidar_ros2/share/sllidar_ros2/launch/sllidar_a2m7_launch.py
[1.212s] -- Up-to-date symlink: /home/bobby/nexon_ws/install/sllidar_ros2/share/sllidar_ros2/launch/sllidar_a2m8_launch.py
[1.212s] -- Up-to-date symlink: /home/bobby/nexon_ws/install/sllidar_ros2/share/sllidar_ros2/launch/sllidar_a3_launch.py
[1.212s] -- Up-to-date symlink: /home/bobby/nexon_ws/install/sllidar_ros2/share/sllidar_ros2/launch/sllidar_c1_launch.py
[1.212s] -- Up-to-date symlink: /home/bobby/nexon_ws/install/sllidar_ros2/share/sllidar_ros2/launch/sllidar_s1_launch.py
[1.212s] -- Up-to-date symlink: /home/bobby/nexon_ws/install/sllidar_ros2/share/sllidar_ros2/launch/sllidar_s1_tcp_launch.py
[1.212s] -- Up-to-date symlink: /home/bobby/nexon_ws/install/sllidar_ros2/share/sllidar_ros2/launch/sllidar_s2_launch.py
[1.212s] -- Up-to-date symlink: /home/bobby/nexon_ws/install/sllidar_ros2/share/sllidar_ros2/launch/sllidar_s2e_launch.py
[1.212s] -- Up-to-date symlink: /home/bobby/nexon_ws/install/sllidar_ros2/share/sllidar_ros2/launch/sllidar_s3_launch.py
[1.212s] -- Up-to-date symlink: /home/bobby/nexon_ws/install/sllidar_ros2/share/sllidar_ros2/launch/sllidar_t1_launch.py
[1.212s] -- Up-to-date symlink: /home/bobby/nexon_ws/install/sllidar_ros2/share/sllidar_ros2/launch/view_sllidar_a1_launch.py
[1.213s] -- Up-to-date symlink: /home/bobby/nexon_ws/install/sllidar_ros2/share/sllidar_ros2/launch/view_sllidar_a2m12_launch.py
[1.213s] -- Up-to-date symlink: /home/bobby/nexon_ws/install/sllidar_ros2/share/sllidar_ros2/launch/view_sllidar_a2m7_launch.py
[1.213s] -- Up-to-date symlink: /home/bobby/nexon_ws/install/sllidar_ros2/share/sllidar_ros2/launch/view_sllidar_a2m8_launch.py
[1.213s] -- Up-to-date symlink: /home/bobby/nexon_ws/install/sllidar_ros2/share/sllidar_ros2/launch/view_sllidar_a3_launch.py
[1.213s] -- Up-to-date symlink: /home/bobby/nexon_ws/install/sllidar_ros2/share/sllidar_ros2/launch/view_sllidar_c1_launch.py
[1.214s] -- Up-to-date symlink: /home/bobby/nexon_ws/install/sllidar_ros2/share/sllidar_ros2/launch/view_sllidar_s1_launch.py
[1.214s] -- Up-to-date symlink: /home/bobby/nexon_ws/install/sllidar_ros2/share/sllidar_ros2/launch/view_sllidar_s1_tcp_launch.py
[1.214s] -- Up-to-date symlink: /home/bobby/nexon_ws/install/sllidar_ros2/share/sllidar_ros2/launch/view_sllidar_s2_launch.py
[1.214s] -- Up-to-date symlink: /home/bobby/nexon_ws/install/sllidar_ros2/share/sllidar_ros2/launch/view_sllidar_s2e_launch.py
[1.214s] -- Up-to-date symlink: /home/bobby/nexon_ws/install/sllidar_ros2/share/sllidar_ros2/launch/view_sllidar_s3_launch.py
[1.214s] -- Up-to-date symlink: /home/bobby/nexon_ws/install/sllidar_ros2/share/sllidar_ros2/launch/view_sllidar_t1_launch.py
[1.214s] -- Up-to-date symlink: /home/bobby/nexon_ws/install/sllidar_ros2/share/sllidar_ros2/rviz/sllidar_ros2.rviz
[1.214s] -- Up-to-date symlink: /home/bobby/nexon_ws/install/sllidar_ros2/lib/sllidar_ros2/sllidar_node
[1.215s] -- Up-to-date symlink: /home/bobby/nexon_ws/install/sllidar_ros2/lib/sllidar_ros2/sllidar_client
[1.215s] -- Up-to-date symlink: /home/bobby/nexon_ws/install/sllidar_ros2/share/ament_index/resource_index/package_run_dependencies/sllidar_ros2
[1.215s] -- Up-to-date symlink: /home/bobby/nexon_ws/install/sllidar_ros2/share/ament_index/resource_index/parent_prefix_path/sllidar_ros2
[1.215s] -- Up-to-date symlink: /home/bobby/nexon_ws/install/sllidar_ros2/share/sllidar_ros2/environment/ament_prefix_path.sh
[1.215s] -- Up-to-date symlink: /home/bobby/nexon_ws/install/sllidar_ros2/share/sllidar_ros2/environment/ament_prefix_path.dsv
[1.215s] -- Up-to-date symlink: /home/bobby/nexon_ws/install/sllidar_ros2/share/sllidar_ros2/environment/path.sh
[1.215s] -- Up-to-date symlink: /home/bobby/nexon_ws/install/sllidar_ros2/share/sllidar_ros2/environment/path.dsv
[1.216s] -- Up-to-date symlink: /home/bobby/nexon_ws/install/sllidar_ros2/share/sllidar_ros2/local_setup.bash
[1.216s] -- Up-to-date symlink: /home/bobby/nexon_ws/install/sllidar_ros2/share/sllidar_ros2/local_setup.sh
[1.216s] -- Up-to-date symlink: /home/bobby/nexon_ws/install/sllidar_ros2/share/sllidar_ros2/local_setup.zsh
[1.216s] -- Up-to-date symlink: /home/bobby/nexon_ws/install/sllidar_ros2/share/sllidar_ros2/local_setup.dsv
[1.216s] -- Symlinking: /home/bobby/nexon_ws/install/sllidar_ros2/share/sllidar_ros2/package.dsv
[1.225s] -- Up-to-date symlink: /home/bobby/nexon_ws/install/sllidar_ros2/share/ament_index/resource_index/packages/sllidar_ros2
[1.226s] -- Up-to-date symlink: /home/bobby/nexon_ws/install/sllidar_ros2/share/sllidar_ros2/cmake/ament_cmake_export_dependencies-extras.cmake
[1.226s] -- Up-to-date symlink: /home/bobby/nexon_ws/install/sllidar_ros2/share/sllidar_ros2/cmake/ament_cmake_export_include_directories-extras.cmake
[1.226s] -- Up-to-date symlink: /home/bobby/nexon_ws/install/sllidar_ros2/share/sllidar_ros2/cmake/sllidar_ros2Config.cmake
[1.226s] -- Up-to-date symlink: /home/bobby/nexon_ws/install/sllidar_ros2/share/sllidar_ros2/cmake/sllidar_ros2Config-version.cmake
[1.226s] -- Up-to-date symlink: /home/bobby/nexon_ws/install/sllidar_ros2/share/sllidar_ros2/package.xml
[1.229s] Invoked command in '/home/bobby/nexon_ws/build/sllidar_ros2' returned '0': CMAKE_PREFIX_PATH=/home/bobby/nexon_ws/install/sllidar_ros2:/home/bobby/nexon_ws/install/nexon_navigation:/home/bobby/nexon_ws/install/nexon_description:/home/bobby/nexon_ws/install/nexon_bringup:/home/bobby/nexon_ws/install/nexon_base:/home/bobby/nexon_ws/install/nexon:/home/bobby/nexon_ws/install/lock_system:/home/bobby/nexon_ws/install/imu_kalman_pkg:/home/bobby/nexon_ws/install/gamepad_pkg:/home/bobby/nexon_ws/install/gamepad_bt_pkg:/home/bobby/nexon_ws/install/data_visual:/opt/ros/humble:/home/bobby/nexon_ws/install/nav2_dstar_lite:/home/bobby/nexon_ws/install/micro_ros_setup:/home/bobby/nexon_ws/install/micro_ros_agent /usr/bin/cmake --install /home/bobby/nexon_ws/build/sllidar_ros2
