[0.018s] Invoking command in '/home/bobby/nexon_ws/build/nexon_navigation': CMAKE_PREFIX_PATH=${CMAKE_PREFIX_PATH}:/home/bobby/nexon_ws/install/imu_kalman_pkg:/home/bobby/nexon_ws/install/gamepad_pkg:/home/bobby/nexon_ws/install/gamepad_bt_pkg:/home/bobby/nexon_ws/install/data_visual:/opt/ros/humble /usr/bin/cmake /home/bobby/nexon_ws/src/nexon/nexon_navigation -DAMENT_CMAKE_SYMLINK_INSTALL=1 -DCMAKE_INSTALL_PREFIX=/home/bobby/nexon_ws/install/nexon_navigation
[0.109s] -- The C compiler identification is GNU 11.4.0
[0.201s] -- The CXX compiler identification is GNU 11.4.0
[0.224s] -- Detecting C compiler ABI info
[0.308s] -- Detecting C compiler ABI info - done
[0.318s] -- Check for working C compiler: /usr/bin/cc - skipped
[0.318s] -- Detecting C compile features
[0.326s] -- Detecting C compile features - done
[0.331s] -- Detecting CXX compiler ABI info
[0.468s] -- Detecting CXX compiler ABI info - done
[0.484s] -- Check for working CXX compiler: /usr/bin/c++ - skipped
[0.484s] -- Detecting CXX compile features
[0.485s] -- Detecting CXX compile features - done
[0.491s] -- Found ament_cmake: 1.3.12 (/opt/ros/humble/share/ament_cmake/cmake)
[0.742s] -- Found Python3: /usr/bin/python3 (found version "3.10.12") found components: Interpreter 
[1.033s] -- Override CMake install command with custom implementation using symlinks instead of copying resources
[1.425s] -- Configuring done
[1.428s] -- Generating done
[1.433s] -- Build files have been written to: /home/bobby/nexon_ws/build/nexon_navigation
[1.438s] Invoked command in '/home/bobby/nexon_ws/build/nexon_navigation' returned '0': CMAKE_PREFIX_PATH=${CMAKE_PREFIX_PATH}:/home/bobby/nexon_ws/install/imu_kalman_pkg:/home/bobby/nexon_ws/install/gamepad_pkg:/home/bobby/nexon_ws/install/gamepad_bt_pkg:/home/bobby/nexon_ws/install/data_visual:/opt/ros/humble /usr/bin/cmake /home/bobby/nexon_ws/src/nexon/nexon_navigation -DAMENT_CMAKE_SYMLINK_INSTALL=1 -DCMAKE_INSTALL_PREFIX=/home/bobby/nexon_ws/install/nexon_navigation
[1.443s] Invoking command in '/home/bobby/nexon_ws/build/nexon_navigation': CMAKE_PREFIX_PATH=${CMAKE_PREFIX_PATH}:/home/bobby/nexon_ws/install/imu_kalman_pkg:/home/bobby/nexon_ws/install/gamepad_pkg:/home/bobby/nexon_ws/install/gamepad_bt_pkg:/home/bobby/nexon_ws/install/data_visual:/opt/ros/humble /usr/bin/cmake --build /home/bobby/nexon_ws/build/nexon_navigation -- -j4 -l4
[1.572s] Invoked command in '/home/bobby/nexon_ws/build/nexon_navigation' returned '0': CMAKE_PREFIX_PATH=${CMAKE_PREFIX_PATH}:/home/bobby/nexon_ws/install/imu_kalman_pkg:/home/bobby/nexon_ws/install/gamepad_pkg:/home/bobby/nexon_ws/install/gamepad_bt_pkg:/home/bobby/nexon_ws/install/data_visual:/opt/ros/humble /usr/bin/cmake --build /home/bobby/nexon_ws/build/nexon_navigation -- -j4 -l4
[1.573s] Invoking command in '/home/bobby/nexon_ws/build/nexon_navigation': CMAKE_PREFIX_PATH=${CMAKE_PREFIX_PATH}:/home/bobby/nexon_ws/install/imu_kalman_pkg:/home/bobby/nexon_ws/install/gamepad_pkg:/home/bobby/nexon_ws/install/gamepad_bt_pkg:/home/bobby/nexon_ws/install/data_visual:/opt/ros/humble /usr/bin/cmake --install /home/bobby/nexon_ws/build/nexon_navigation
[1.589s] -- Install configuration: ""
[1.589s] -- Execute custom install script
[1.589s] -- Symlinking: /home/bobby/nexon_ws/install/nexon_navigation/share/nexon_navigation/launch/navigation.launch.py
[1.618s] -- Symlinking: /home/bobby/nexon_ws/install/nexon_navigation/share/nexon_navigation/launch/slam.launch.py
[1.647s] -- Symlinking: /home/bobby/nexon_ws/install/nexon_navigation/share/nexon_navigation/rviz/nexon_navigation.rviz
[1.679s] -- Symlinking: /home/bobby/nexon_ws/install/nexon_navigation/share/nexon_navigation/rviz/nexon_navigation_minimal.rviz
[1.705s] -- Symlinking: /home/bobby/nexon_ws/install/nexon_navigation/share/nexon_navigation/rviz/nexon_slam.rviz
[1.726s] -- Symlinking: /home/bobby/nexon_ws/install/nexon_navigation/share/nexon_navigation/config/navigation.yaml
[1.749s] -- Symlinking: /home/bobby/nexon_ws/install/nexon_navigation/share/nexon_navigation/config/navigation_sim.yaml
[1.772s] -- Symlinking: /home/bobby/nexon_ws/install/nexon_navigation/share/nexon_navigation/config/slam.yaml
[1.797s] -- Symlinking: /home/bobby/nexon_ws/install/nexon_navigation/share/nexon_navigation/maps/map.pgm
[1.820s] -- Symlinking: /home/bobby/nexon_ws/install/nexon_navigation/share/nexon_navigation/maps/map.yaml
[1.846s] -- Symlinking: /home/bobby/nexon_ws/install/nexon_navigation/share/nexon_navigation/maps/playground.pgm
[1.880s] -- Symlinking: /home/bobby/nexon_ws/install/nexon_navigation/share/nexon_navigation/maps/playground.yaml
[1.910s] -- Symlinking: /home/bobby/nexon_ws/install/nexon_navigation/share/ament_index/resource_index/package_run_dependencies/nexon_navigation
[1.934s] -- Symlinking: /home/bobby/nexon_ws/install/nexon_navigation/share/ament_index/resource_index/parent_prefix_path/nexon_navigation
[1.964s] -- Symlinking: /home/bobby/nexon_ws/install/nexon_navigation/share/nexon_navigation/environment/ament_prefix_path.sh
[1.992s] -- Symlinking: /home/bobby/nexon_ws/install/nexon_navigation/share/nexon_navigation/environment/ament_prefix_path.dsv
[2.023s] -- Symlinking: /home/bobby/nexon_ws/install/nexon_navigation/share/nexon_navigation/environment/path.sh
[2.045s] -- Symlinking: /home/bobby/nexon_ws/install/nexon_navigation/share/nexon_navigation/environment/path.dsv
[2.064s] -- Symlinking: /home/bobby/nexon_ws/install/nexon_navigation/share/nexon_navigation/local_setup.bash
[2.099s] -- Symlinking: /home/bobby/nexon_ws/install/nexon_navigation/share/nexon_navigation/local_setup.sh
[2.129s] -- Symlinking: /home/bobby/nexon_ws/install/nexon_navigation/share/nexon_navigation/local_setup.zsh
[2.166s] -- Symlinking: /home/bobby/nexon_ws/install/nexon_navigation/share/nexon_navigation/local_setup.dsv
[2.191s] -- Symlinking: /home/bobby/nexon_ws/install/nexon_navigation/share/nexon_navigation/package.dsv
[2.228s] -- Symlinking: /home/bobby/nexon_ws/install/nexon_navigation/share/ament_index/resource_index/packages/nexon_navigation
[2.278s] -- Symlinking: /home/bobby/nexon_ws/install/nexon_navigation/share/nexon_navigation/cmake/nexon_navigationConfig.cmake
[2.341s] -- Symlinking: /home/bobby/nexon_ws/install/nexon_navigation/share/nexon_navigation/cmake/nexon_navigationConfig-version.cmake
[2.379s] -- Symlinking: /home/bobby/nexon_ws/install/nexon_navigation/share/nexon_navigation/package.xml
[2.446s] Invoked command in '/home/bobby/nexon_ws/build/nexon_navigation' returned '0': CMAKE_PREFIX_PATH=${CMAKE_PREFIX_PATH}:/home/bobby/nexon_ws/install/imu_kalman_pkg:/home/bobby/nexon_ws/install/gamepad_pkg:/home/bobby/nexon_ws/install/gamepad_bt_pkg:/home/bobby/nexon_ws/install/data_visual:/opt/ros/humble /usr/bin/cmake --install /home/bobby/nexon_ws/build/nexon_navigation
