-- Found ament_cmake: 1.3.12 (/opt/ros/humble/share/ament_cmake/cmake)
-- Found rclcpp: 16.0.16 (/opt/ros/humble/share/rclcpp/cmake)
-- Found rosidl_generator_c: 3.1.7 (/opt/ros/humble/share/rosidl_generator_c/cmake)
-- Found rosidl_adapter: 3.1.7 (/opt/ros/humble/share/rosidl_adapter/cmake)
-- Found rosidl_generator_cpp: 3.1.7 (/opt/ros/humble/share/rosidl_generator_cpp/cmake)
-- Using all available rosidl_typesupport_c: rosidl_typesupport_fastrtps_c;rosidl_typesupport_introspection_c
-- Using all available rosidl_typesupport_cpp: rosidl_typesupport_fastrtps_cpp;rosidl_typesupport_introspection_cpp
-- Found rmw_implementation_cmake: 6.1.2 (/opt/ros/humble/share/rmw_implementation_cmake/cmake)
-- Found rmw_fastrtps_cpp: 6.2.9 (/opt/ros/humble/share/rmw_fastrtps_cpp/cmake)
-- Using RMW implementation 'rmw_fastrtps_cpp' as default
-- Found nav2_core: 1.1.20 (/opt/ros/humble/share/nav2_core/cmake)
-- Ensuring Eigen3 include directory is part of orocos-kdl CMake target
-- Configuring done
-- Generating done
-- Build files have been written to: /home/bobby/nexon_ws/build/nav2_dstar_lite
[ 50%] [32mBuilding CXX object CMakeFiles/dstar_lite_planner.dir/src/dstar_lite_planner.cpp.o[0m
[100%] [32m[1mLinking CXX shared library libdstar_lite_planner.so[0m
[100%] Built target dstar_lite_planner
-- Install configuration: ""
-- Installing: /home/bobby/nexon_ws/install/nav2_dstar_lite/share/nav2_dstar_lite/pluginlib_plugins.xml
-- Installing: /home/bobby/nexon_ws/install/nav2_dstar_lite/lib/libdstar_lite_planner.so
-- Set runtime path of "/home/bobby/nexon_ws/install/nav2_dstar_lite/lib/libdstar_lite_planner.so" to ""
-- Installing: /home/bobby/nexon_ws/install/nav2_dstar_lite/include
-- Installing: /home/bobby/nexon_ws/install/nav2_dstar_lite/include/nav2_dstar_lite
-- Installing: /home/bobby/nexon_ws/install/nav2_dstar_lite/include/nav2_dstar_lite/dstar_lite_planner.hpp
-- Installing: /home/bobby/nexon_ws/install/nav2_dstar_lite/share/ament_index/resource_index/package_run_dependencies/nav2_dstar_lite
-- Installing: /home/bobby/nexon_ws/install/nav2_dstar_lite/share/ament_index/resource_index/parent_prefix_path/nav2_dstar_lite
-- Installing: /home/bobby/nexon_ws/install/nav2_dstar_lite/share/nav2_dstar_lite/environment/ament_prefix_path.sh
-- Installing: /home/bobby/nexon_ws/install/nav2_dstar_lite/share/nav2_dstar_lite/environment/ament_prefix_path.dsv
-- Installing: /home/bobby/nexon_ws/install/nav2_dstar_lite/share/nav2_dstar_lite/environment/path.sh
-- Installing: /home/bobby/nexon_ws/install/nav2_dstar_lite/share/nav2_dstar_lite/environment/path.dsv
-- Installing: /home/bobby/nexon_ws/install/nav2_dstar_lite/share/nav2_dstar_lite/local_setup.bash
-- Installing: /home/bobby/nexon_ws/install/nav2_dstar_lite/share/nav2_dstar_lite/local_setup.sh
-- Installing: /home/bobby/nexon_ws/install/nav2_dstar_lite/share/nav2_dstar_lite/local_setup.zsh
-- Installing: /home/bobby/nexon_ws/install/nav2_dstar_lite/share/nav2_dstar_lite/local_setup.dsv
-- Installing: /home/bobby/nexon_ws/install/nav2_dstar_lite/share/nav2_dstar_lite/package.dsv
-- Installing: /home/bobby/nexon_ws/install/nav2_dstar_lite/share/ament_index/resource_index/packages/nav2_dstar_lite
-- Installing: /home/bobby/nexon_ws/install/nav2_dstar_lite/share/ament_index/resource_index/nav2_core__pluginlib__plugin/nav2_dstar_lite
-- Installing: /home/bobby/nexon_ws/install/nav2_dstar_lite/share/nav2_dstar_lite/cmake/nav2_dstar_liteConfig.cmake
-- Installing: /home/bobby/nexon_ws/install/nav2_dstar_lite/share/nav2_dstar_lite/cmake/nav2_dstar_liteConfig-version.cmake
-- Installing: /home/bobby/nexon_ws/install/nav2_dstar_lite/share/nav2_dstar_lite/package.xml
