[0.031s] Invoking command in '/home/bobby/nexon_ws/build/nav2_dstar_lite': /usr/bin/cmake /home/bobby/nexon_ws/src/nav2_dstar_lite -DCATKIN_INSTALL_INTO_PREFIX_ROOT=0 -DCMAKE_INSTALL_PREFIX=/home/bobby/nexon_ws/install/nav2_dstar_lite
[0.074s] -- Found ament_cmake: 1.3.12 (/opt/ros/humble/share/ament_cmake/cmake)
[0.468s] -- Found rclcpp: 16.0.16 (/opt/ros/humble/share/rclcpp/cmake)
[0.586s] -- Found rosidl_generator_c: 3.1.7 (/opt/ros/humble/share/rosidl_generator_c/cmake)
[0.592s] -- Found rosidl_adapter: 3.1.7 (/opt/ros/humble/share/rosidl_adapter/cmake)
[0.634s] -- Found rosidl_generator_cpp: 3.1.7 (/opt/ros/humble/share/rosidl_generator_cpp/cmake)
[0.697s] -- Using all available rosidl_typesupport_c: rosidl_typesupport_fastrtps_c;rosidl_typesupport_introspection_c
[0.780s] -- Using all available rosidl_typesupport_cpp: rosidl_typesupport_fastrtps_cpp;rosidl_typesupport_introspection_cpp
[0.965s] -- Found rmw_implementation_cmake: 6.1.2 (/opt/ros/humble/share/rmw_implementation_cmake/cmake)
[0.969s] -- Found rmw_fastrtps_cpp: 6.2.9 (/opt/ros/humble/share/rmw_fastrtps_cpp/cmake)
[1.243s] -- Using RMW implementation 'rmw_fastrtps_cpp' as default
[1.434s] -- Found nav2_core: 1.1.20 (/opt/ros/humble/share/nav2_core/cmake)
[2.254s] -- Ensuring Eigen3 include directory is part of orocos-kdl CMake target
[2.867s] -- Configuring done
[3.123s] -- Generating done
[3.159s] -- Build files have been written to: /home/bobby/nexon_ws/build/nav2_dstar_lite
[3.224s] Invoked command in '/home/bobby/nexon_ws/build/nav2_dstar_lite' returned '0': /usr/bin/cmake /home/bobby/nexon_ws/src/nav2_dstar_lite -DCATKIN_INSTALL_INTO_PREFIX_ROOT=0 -DCMAKE_INSTALL_PREFIX=/home/bobby/nexon_ws/install/nav2_dstar_lite
[3.224s] Invoking command in '/home/bobby/nexon_ws/build/nav2_dstar_lite': /usr/bin/cmake --build /home/bobby/nexon_ws/build/nav2_dstar_lite -- -j4 -l4
[3.378s] [ 50%] [32mBuilding CXX object CMakeFiles/dstar_lite_planner.dir/src/dstar_lite_planner.cpp.o[0m
[18.279s] [100%] [32m[1mLinking CXX shared library libdstar_lite_planner.so[0m
[19.460s] [100%] Built target dstar_lite_planner
[19.482s] Invoked command in '/home/bobby/nexon_ws/build/nav2_dstar_lite' returned '0': /usr/bin/cmake --build /home/bobby/nexon_ws/build/nav2_dstar_lite -- -j4 -l4
[19.495s] Invoking command in '/home/bobby/nexon_ws/build/nav2_dstar_lite': /usr/bin/cmake --install /home/bobby/nexon_ws/build/nav2_dstar_lite
[19.504s] -- Install configuration: ""
[19.508s] -- Installing: /home/bobby/nexon_ws/install/nav2_dstar_lite/share/nav2_dstar_lite/pluginlib_plugins.xml
[19.510s] -- Installing: /home/bobby/nexon_ws/install/nav2_dstar_lite/lib/libdstar_lite_planner.so
[19.510s] -- Set runtime path of "/home/bobby/nexon_ws/install/nav2_dstar_lite/lib/libdstar_lite_planner.so" to ""
[19.510s] -- Installing: /home/bobby/nexon_ws/install/nav2_dstar_lite/include
[19.510s] -- Installing: /home/bobby/nexon_ws/install/nav2_dstar_lite/include/nav2_dstar_lite
[19.510s] -- Installing: /home/bobby/nexon_ws/install/nav2_dstar_lite/include/nav2_dstar_lite/dstar_lite_planner.hpp
[19.511s] -- Installing: /home/bobby/nexon_ws/install/nav2_dstar_lite/share/ament_index/resource_index/package_run_dependencies/nav2_dstar_lite
[19.516s] -- Installing: /home/bobby/nexon_ws/install/nav2_dstar_lite/share/ament_index/resource_index/parent_prefix_path/nav2_dstar_lite
[19.516s] -- Installing: /home/bobby/nexon_ws/install/nav2_dstar_lite/share/nav2_dstar_lite/environment/ament_prefix_path.sh
[19.516s] -- Installing: /home/bobby/nexon_ws/install/nav2_dstar_lite/share/nav2_dstar_lite/environment/ament_prefix_path.dsv
[19.516s] -- Installing: /home/bobby/nexon_ws/install/nav2_dstar_lite/share/nav2_dstar_lite/environment/path.sh
[19.516s] -- Installing: /home/bobby/nexon_ws/install/nav2_dstar_lite/share/nav2_dstar_lite/environment/path.dsv
[19.516s] -- Installing: /home/bobby/nexon_ws/install/nav2_dstar_lite/share/nav2_dstar_lite/local_setup.bash
[19.516s] -- Installing: /home/bobby/nexon_ws/install/nav2_dstar_lite/share/nav2_dstar_lite/local_setup.sh
[19.517s] -- Installing: /home/bobby/nexon_ws/install/nav2_dstar_lite/share/nav2_dstar_lite/local_setup.zsh
[19.517s] -- Installing: /home/bobby/nexon_ws/install/nav2_dstar_lite/share/nav2_dstar_lite/local_setup.dsv
[19.517s] -- Installing: /home/bobby/nexon_ws/install/nav2_dstar_lite/share/nav2_dstar_lite/package.dsv
[19.517s] -- Installing: /home/bobby/nexon_ws/install/nav2_dstar_lite/share/ament_index/resource_index/packages/nav2_dstar_lite
[19.517s] -- Installing: /home/bobby/nexon_ws/install/nav2_dstar_lite/share/ament_index/resource_index/nav2_core__pluginlib__plugin/nav2_dstar_lite
[19.518s] -- Installing: /home/bobby/nexon_ws/install/nav2_dstar_lite/share/nav2_dstar_lite/cmake/nav2_dstar_liteConfig.cmake
[19.519s] -- Installing: /home/bobby/nexon_ws/install/nav2_dstar_lite/share/nav2_dstar_lite/cmake/nav2_dstar_liteConfig-version.cmake
[19.520s] -- Installing: /home/bobby/nexon_ws/install/nav2_dstar_lite/share/nav2_dstar_lite/package.xml
[19.523s] Invoked command in '/home/bobby/nexon_ws/build/nav2_dstar_lite' returned '0': /usr/bin/cmake --install /home/bobby/nexon_ws/build/nav2_dstar_lite
