running develop
running egg_info
creating gamepad_pkg.egg-info
writing gamepad_pkg.egg-info/PKG-INFO
writing dependency_links to gamepad_pkg.egg-info/dependency_links.txt
writing entry points to gamepad_pkg.egg-info/entry_points.txt
writing requirements to gamepad_pkg.egg-info/requires.txt
writing top-level names to gamepad_pkg.egg-info/top_level.txt
writing manifest file 'gamepad_pkg.egg-info/SOURCES.txt'
reading manifest file 'gamepad_pkg.egg-info/SOURCES.txt'
writing manifest file 'gamepad_pkg.egg-info/SOURCES.txt'
running build_ext
Creating /home/bobby/nexon_ws/install/gamepad_pkg/lib/python3.10/site-packages/gamepad-pkg.egg-link (link to .)
Installing gamepad_testing script to /home/bobby/nexon_ws/install/gamepad_pkg/lib/gamepad_pkg

Installed /home/bobby/nexon_ws/build/gamepad_pkg
running symlink_data
creating /home/bobby/nexon_ws/install/gamepad_pkg/share/ament_index
creating /home/bobby/nexon_ws/install/gamepad_pkg/share/ament_index/resource_index
creating /home/bobby/nexon_ws/install/gamepad_pkg/share/ament_index/resource_index/packages
symbolically linking /home/bobby/nexon_ws/build/gamepad_pkg/resource/gamepad_pkg -> /home/bobby/nexon_ws/install/gamepad_pkg/share/ament_index/resource_index/packages
symbolically linking /home/bobby/nexon_ws/build/gamepad_pkg/package.xml -> /home/bobby/nexon_ws/install/gamepad_pkg/share/gamepad_pkg
