[1.308s] Invoking command in '/home/bobby/nexon_ws/src/nexon/data_visual': PYTHONPATH=/home/bobby/nexon_ws/build/data_visual/prefix_override:/usr/lib/python3/dist-packages/colcon_core/task/python/colcon_distutils_commands:/home/bobby/nexon_ws/install/data_visual/lib/python3.10/site-packages:${PYTHONPATH} /usr/bin/python3 -W ignore:setup.py install is deprecated -W ignore:easy_install command is deprecated setup.py egg_info --egg-base ../../../build/data_visual build --build-base /home/bobby/nexon_ws/build/data_visual/build install --record /home/bobby/nexon_ws/build/data_visual/install.log --single-version-externally-managed install_data
[1.795s] running egg_info
[1.797s] writing ../../../build/data_visual/data_visual.egg-info/PKG-INFO
[1.797s] writing dependency_links to ../../../build/data_visual/data_visual.egg-info/dependency_links.txt
[1.797s] writing entry points to ../../../build/data_visual/data_visual.egg-info/entry_points.txt
[1.797s] writing requirements to ../../../build/data_visual/data_visual.egg-info/requires.txt
[1.799s] writing top-level names to ../../../build/data_visual/data_visual.egg-info/top_level.txt
[1.800s] reading manifest file '../../../build/data_visual/data_visual.egg-info/SOURCES.txt'
[1.800s] adding license file 'LICENSE'
[1.801s] writing manifest file '../../../build/data_visual/data_visual.egg-info/SOURCES.txt'
[1.801s] running build
[1.801s] running build_py
[1.801s] running install
[1.801s] running install_lib
[1.803s] running install_data
[1.803s] running install_egg_info
[1.805s] removing '/home/bobby/nexon_ws/install/data_visual/lib/python3.10/site-packages/data_visual-0.0.0-py3.10.egg-info' (and everything under it)
[1.807s] Copying ../../../build/data_visual/data_visual.egg-info to /home/bobby/nexon_ws/install/data_visual/lib/python3.10/site-packages/data_visual-0.0.0-py3.10.egg-info
[1.807s] running install_scripts
[1.824s] Installing data_visual_node script to /home/bobby/nexon_ws/install/data_visual/lib/data_visual
[1.826s] writing list of installed files to '/home/bobby/nexon_ws/build/data_visual/install.log'
[2.052s] Invoked command in '/home/bobby/nexon_ws/src/nexon/data_visual' returned '0': PYTHONPATH=/home/bobby/nexon_ws/build/data_visual/prefix_override:/usr/lib/python3/dist-packages/colcon_core/task/python/colcon_distutils_commands:/home/bobby/nexon_ws/install/data_visual/lib/python3.10/site-packages:${PYTHONPATH} /usr/bin/python3 -W ignore:setup.py install is deprecated -W ignore:easy_install command is deprecated setup.py egg_info --egg-base ../../../build/data_visual build --build-base /home/bobby/nexon_ws/build/data_visual/build install --record /home/bobby/nexon_ws/build/data_visual/install.log --single-version-externally-managed install_data
