[0.015s] Invoking command in '/home/bobby/nexon_ws/build/nexon_bringup': AMENT_PREFIX_PATH=/home/bobby/nexon_ws/install/micro_ros_agent:${AMENT_PREFIX_PATH} CMAKE_PREFIX_PATH=/home/bobby/nexon_ws/install/micro_ros_agent:/opt/ros/humble LD_LIBRARY_PATH=/home/bobby/nexon_ws/install/micro_ros_agent/lib:${LD_LIBRARY_PATH} /usr/bin/cmake /home/bobby/nexon_ws/src/nexon/nexon_bringup -DAMENT_CMAKE_SYMLINK_INSTALL=1 -DCMAKE_INSTALL_PREFIX=/home/bobby/nexon_ws/install/nexon_bringup
[0.053s] -- Found ament_cmake: 1.3.12 (/opt/ros/humble/share/ament_cmake/cmake)
[0.246s] -- Override CMake install command with custom implementation using symlinks instead of copying resources
[0.341s] -- Configuring done
[0.350s] -- Generating done
[0.356s] -- Build files have been written to: /home/bobby/nexon_ws/build/nexon_bringup
[0.360s] Invoked command in '/home/bobby/nexon_ws/build/nexon_bringup' returned '0': AMENT_PREFIX_PATH=/home/bobby/nexon_ws/install/micro_ros_agent:${AMENT_PREFIX_PATH} CMAKE_PREFIX_PATH=/home/bobby/nexon_ws/install/micro_ros_agent:/opt/ros/humble LD_LIBRARY_PATH=/home/bobby/nexon_ws/install/micro_ros_agent/lib:${LD_LIBRARY_PATH} /usr/bin/cmake /home/bobby/nexon_ws/src/nexon/nexon_bringup -DAMENT_CMAKE_SYMLINK_INSTALL=1 -DCMAKE_INSTALL_PREFIX=/home/bobby/nexon_ws/install/nexon_bringup
[0.364s] Invoking command in '/home/bobby/nexon_ws/build/nexon_bringup': AMENT_PREFIX_PATH=/home/bobby/nexon_ws/install/micro_ros_agent:${AMENT_PREFIX_PATH} CMAKE_PREFIX_PATH=/home/bobby/nexon_ws/install/micro_ros_agent:/opt/ros/humble LD_LIBRARY_PATH=/home/bobby/nexon_ws/install/micro_ros_agent/lib:${LD_LIBRARY_PATH} /usr/bin/cmake --build /home/bobby/nexon_ws/build/nexon_bringup -- -j4 -l4
[0.416s] Invoked command in '/home/bobby/nexon_ws/build/nexon_bringup' returned '0': AMENT_PREFIX_PATH=/home/bobby/nexon_ws/install/micro_ros_agent:${AMENT_PREFIX_PATH} CMAKE_PREFIX_PATH=/home/bobby/nexon_ws/install/micro_ros_agent:/opt/ros/humble LD_LIBRARY_PATH=/home/bobby/nexon_ws/install/micro_ros_agent/lib:${LD_LIBRARY_PATH} /usr/bin/cmake --build /home/bobby/nexon_ws/build/nexon_bringup -- -j4 -l4
[0.417s] Invoking command in '/home/bobby/nexon_ws/build/nexon_bringup': AMENT_PREFIX_PATH=/home/bobby/nexon_ws/install/micro_ros_agent:${AMENT_PREFIX_PATH} CMAKE_PREFIX_PATH=/home/bobby/nexon_ws/install/micro_ros_agent:/opt/ros/humble LD_LIBRARY_PATH=/home/bobby/nexon_ws/install/micro_ros_agent/lib:${LD_LIBRARY_PATH} /usr/bin/cmake --install /home/bobby/nexon_ws/build/nexon_bringup
[0.424s] -- Install configuration: ""
[0.425s] -- Execute custom install script
[0.426s] -- Symlinking: /home/bobby/nexon_ws/install/nexon_bringup/share/nexon_bringup/launch/bringup.launch.py
[0.436s] -- Symlinking: /home/bobby/nexon_ws/install/nexon_bringup/share/nexon_bringup/launch/custom_robot.launch.py
[0.450s] -- Symlinking: /home/bobby/nexon_ws/install/nexon_bringup/share/nexon_bringup/launch/default_robot.launch.py
[0.456s] -- Symlinking: /home/bobby/nexon_ws/install/nexon_bringup/share/nexon_bringup/launch/depth.launch.py
[0.474s] -- Symlinking: /home/bobby/nexon_ws/install/nexon_bringup/share/nexon_bringup/launch/extra.launch.py
[0.483s] -- Symlinking: /home/bobby/nexon_ws/install/nexon_bringup/share/nexon_bringup/launch/joy_teleop.launch.py
[0.495s] -- Symlinking: /home/bobby/nexon_ws/install/nexon_bringup/share/nexon_bringup/launch/lasers.launch.py
[0.505s] -- Symlinking: /home/bobby/nexon_ws/install/nexon_bringup/share/nexon_bringup/launch/realsense_obstacle.launch.py
[0.514s] -- Symlinking: /home/bobby/nexon_ws/install/nexon_bringup/share/nexon_bringup/launch/sensors.launch.py
[0.525s] -- Symlinking: /home/bobby/nexon_ws/install/nexon_bringup/share/nexon_bringup/config/box_laser_filter.yaml
[0.535s] -- Symlinking: /home/bobby/nexon_ws/install/nexon_bringup/share/nexon_bringup/config/fake_laser.yaml
[0.547s] -- Symlinking: /home/bobby/nexon_ws/install/nexon_bringup/share/nexon_bringup/config/joy.yaml
[0.558s] -- Symlinking: /home/bobby/nexon_ws/install/nexon_bringup/share/nexon_bringup/config/zed_common.yaml
[0.567s] -- Symlinking: /home/bobby/nexon_ws/install/nexon_bringup/share/ament_index/resource_index/package_run_dependencies/nexon_bringup
[0.578s] -- Symlinking: /home/bobby/nexon_ws/install/nexon_bringup/share/ament_index/resource_index/parent_prefix_path/nexon_bringup
[0.588s] -- Symlinking: /home/bobby/nexon_ws/install/nexon_bringup/share/nexon_bringup/environment/ament_prefix_path.sh
[0.598s] -- Symlinking: /home/bobby/nexon_ws/install/nexon_bringup/share/nexon_bringup/environment/ament_prefix_path.dsv
[0.611s] -- Symlinking: /home/bobby/nexon_ws/install/nexon_bringup/share/nexon_bringup/environment/path.sh
[0.625s] -- Symlinking: /home/bobby/nexon_ws/install/nexon_bringup/share/nexon_bringup/environment/path.dsv
[0.645s] -- Symlinking: /home/bobby/nexon_ws/install/nexon_bringup/share/nexon_bringup/local_setup.bash
[0.657s] -- Symlinking: /home/bobby/nexon_ws/install/nexon_bringup/share/nexon_bringup/local_setup.sh
[0.668s] -- Symlinking: /home/bobby/nexon_ws/install/nexon_bringup/share/nexon_bringup/local_setup.zsh
[0.678s] -- Symlinking: /home/bobby/nexon_ws/install/nexon_bringup/share/nexon_bringup/local_setup.dsv
[0.691s] -- Symlinking: /home/bobby/nexon_ws/install/nexon_bringup/share/nexon_bringup/package.dsv
[0.702s] -- Symlinking: /home/bobby/nexon_ws/install/nexon_bringup/share/ament_index/resource_index/packages/nexon_bringup
[0.713s] -- Symlinking: /home/bobby/nexon_ws/install/nexon_bringup/share/nexon_bringup/cmake/nexon_bringupConfig.cmake
[0.720s] -- Symlinking: /home/bobby/nexon_ws/install/nexon_bringup/share/nexon_bringup/cmake/nexon_bringupConfig-version.cmake
[0.728s] -- Symlinking: /home/bobby/nexon_ws/install/nexon_bringup/share/nexon_bringup/package.xml
[0.743s] Invoked command in '/home/bobby/nexon_ws/build/nexon_bringup' returned '0': AMENT_PREFIX_PATH=/home/bobby/nexon_ws/install/micro_ros_agent:${AMENT_PREFIX_PATH} CMAKE_PREFIX_PATH=/home/bobby/nexon_ws/install/micro_ros_agent:/opt/ros/humble LD_LIBRARY_PATH=/home/bobby/nexon_ws/install/micro_ros_agent/lib:${LD_LIBRARY_PATH} /usr/bin/cmake --install /home/bobby/nexon_ws/build/nexon_bringup
