running egg_info
writing ../../../build/data_visual/data_visual.egg-info/PKG-INFO
writing dependency_links to ../../../build/data_visual/data_visual.egg-info/dependency_links.txt
writing entry points to ../../../build/data_visual/data_visual.egg-info/entry_points.txt
writing requirements to ../../../build/data_visual/data_visual.egg-info/requires.txt
writing top-level names to ../../../build/data_visual/data_visual.egg-info/top_level.txt
reading manifest file '../../../build/data_visual/data_visual.egg-info/SOURCES.txt'
adding license file 'LICENSE'
writing manifest file '../../../build/data_visual/data_visual.egg-info/SOURCES.txt'
running build
running build_py
running install
running install_lib
running install_data
running install_egg_info
removing '/home/bobby/nexon_ws/install/data_visual/lib/python3.10/site-packages/data_visual-0.0.0-py3.10.egg-info' (and everything under it)
Copying ../../../build/data_visual/data_visual.egg-info to /home/bobby/nexon_ws/install/data_visual/lib/python3.10/site-packages/data_visual-0.0.0-py3.10.egg-info
running install_scripts
Installing data_visual_node script to /home/bobby/nexon_ws/install/data_visual/lib/data_visual
writing list of installed files to '/home/bobby/nexon_ws/build/data_visual/install.log'
