[0.020s] Invoking command in '/home/bobby/nexon_ws/build/nexon': CMAKE_PREFIX_PATH=/opt/ros/humble /usr/bin/cmake --build /home/bobby/nexon_ws/build/nexon -- -j4 -l4
[0.072s] Invoked command in '/home/bobby/nexon_ws/build/nexon' returned '0': CMAKE_PREFIX_PATH=/opt/ros/humble /usr/bin/cmake --build /home/bobby/nexon_ws/build/nexon -- -j4 -l4
[0.075s] Invoking command in '/home/bobby/nexon_ws/build/nexon': CMAKE_PREFIX_PATH=/opt/ros/humble /usr/bin/cmake --install /home/bobby/nexon_ws/build/nexon
[0.097s] -- Install configuration: ""
[0.098s] -- Execute custom install script
[0.099s] -- Up-to-date symlink: /home/bobby/nexon_ws/install/nexon/share/ament_index/resource_index/package_run_dependencies/nexon
[0.099s] -- Up-to-date symlink: /home/bobby/nexon_ws/install/nexon/share/ament_index/resource_index/parent_prefix_path/nexon
[0.100s] -- Up-to-date symlink: /home/bobby/nexon_ws/install/nexon/share/nexon/environment/ament_prefix_path.sh
[0.100s] -- Up-to-date symlink: /home/bobby/nexon_ws/install/nexon/share/nexon/environment/ament_prefix_path.dsv
[0.100s] -- Up-to-date symlink: /home/bobby/nexon_ws/install/nexon/share/nexon/environment/path.sh
[0.102s] -- Up-to-date symlink: /home/bobby/nexon_ws/install/nexon/share/nexon/environment/path.dsv
[0.102s] -- Up-to-date symlink: /home/bobby/nexon_ws/install/nexon/share/nexon/local_setup.bash
[0.102s] -- Up-to-date symlink: /home/bobby/nexon_ws/install/nexon/share/nexon/local_setup.sh
[0.102s] -- Up-to-date symlink: /home/bobby/nexon_ws/install/nexon/share/nexon/local_setup.zsh
[0.102s] -- Up-to-date symlink: /home/bobby/nexon_ws/install/nexon/share/nexon/local_setup.dsv
[0.109s] -- Symlinking: /home/bobby/nexon_ws/install/nexon/share/nexon/package.dsv
[0.151s] -- Up-to-date symlink: /home/bobby/nexon_ws/install/nexon/share/ament_index/resource_index/packages/nexon
[0.151s] -- Up-to-date symlink: /home/bobby/nexon_ws/install/nexon/share/nexon/cmake/nexonConfig.cmake
[0.151s] -- Up-to-date symlink: /home/bobby/nexon_ws/install/nexon/share/nexon/cmake/nexonConfig-version.cmake
[0.152s] -- Up-to-date symlink: /home/bobby/nexon_ws/install/nexon/share/nexon/package.xml
[0.173s] Invoked command in '/home/bobby/nexon_ws/build/nexon' returned '0': CMAKE_PREFIX_PATH=/opt/ros/humble /usr/bin/cmake --install /home/bobby/nexon_ws/build/nexon
