[0.818s] Invoking command in '/home/bobby/nexon_ws/src/nexon/lock_system': PYTHONPATH=/home/bobby/nexon_ws/build/lock_system/prefix_override:/usr/lib/python3/dist-packages/colcon_core/task/python/colcon_distutils_commands:/home/bobby/nexon_ws/install/lock_system/lib/python3.10/site-packages:${PYTHONPATH} /usr/bin/python3 -W ignore:setup.py install is deprecated -W ignore:easy_install command is deprecated setup.py egg_info --egg-base ../../../build/lock_system build --build-base /home/bobby/nexon_ws/build/lock_system/build install --record /home/bobby/nexon_ws/build/lock_system/install.log --single-version-externally-managed install_data
[1.006s] running egg_info
[1.006s] writing ../../../build/lock_system/lock_system.egg-info/PKG-INFO
[1.006s] writing dependency_links to ../../../build/lock_system/lock_system.egg-info/dependency_links.txt
[1.007s] writing entry points to ../../../build/lock_system/lock_system.egg-info/entry_points.txt
[1.007s] writing requirements to ../../../build/lock_system/lock_system.egg-info/requires.txt
[1.007s] writing top-level names to ../../../build/lock_system/lock_system.egg-info/top_level.txt
[1.009s] reading manifest file '../../../build/lock_system/lock_system.egg-info/SOURCES.txt'
[1.009s] writing manifest file '../../../build/lock_system/lock_system.egg-info/SOURCES.txt'
[1.009s] running build
[1.009s] running build_py
[1.010s] running install
[1.010s] running install_lib
[1.011s] running install_data
[1.011s] running install_egg_info
[1.013s] removing '/home/bobby/nexon_ws/install/lock_system/lib/python3.10/site-packages/lock_system-0.0.0-py3.10.egg-info' (and everything under it)
[1.013s] Copying ../../../build/lock_system/lock_system.egg-info to /home/bobby/nexon_ws/install/lock_system/lib/python3.10/site-packages/lock_system-0.0.0-py3.10.egg-info
[1.014s] running install_scripts
[1.030s] Installing lock_system_master script to /home/bobby/nexon_ws/install/lock_system/lib/lock_system
[1.030s] writing list of installed files to '/home/bobby/nexon_ws/build/lock_system/install.log'
[1.050s] Invoked command in '/home/bobby/nexon_ws/src/nexon/lock_system' returned '0': PYTHONPATH=/home/bobby/nexon_ws/build/lock_system/prefix_override:/usr/lib/python3/dist-packages/colcon_core/task/python/colcon_distutils_commands:/home/bobby/nexon_ws/install/lock_system/lib/python3.10/site-packages:${PYTHONPATH} /usr/bin/python3 -W ignore:setup.py install is deprecated -W ignore:easy_install command is deprecated setup.py egg_info --egg-base ../../../build/lock_system build --build-base /home/bobby/nexon_ws/build/lock_system/build install --record /home/bobby/nexon_ws/build/lock_system/install.log --single-version-externally-managed install_data
