[0.027s] Invoking command in '/home/bobby/nexon_ws/build/nexon_base': CMAKE_PREFIX_PATH=/home/bobby/nexon_ws/install/sllidar_ros2:/home/bobby/nexon_ws/install/nexon_navigation:/home/bobby/nexon_ws/install/nexon_description:/home/bobby/nexon_ws/install/nexon_bringup:/home/bobby/nexon_ws/install/nexon_base:/home/bobby/nexon_ws/install/nexon:/home/bobby/nexon_ws/install/lock_system:/home/bobby/nexon_ws/install/imu_kalman_pkg:/home/bobby/nexon_ws/install/gamepad_pkg:/home/bobby/nexon_ws/install/gamepad_bt_pkg:/home/bobby/nexon_ws/install/data_visual:/opt/ros/humble:/home/bobby/nexon_ws/install/nav2_dstar_lite:/home/bobby/nexon_ws/install/micro_ros_setup:/home/bobby/nexon_ws/install/micro_ros_agent /usr/bin/cmake --build /home/bobby/nexon_ws/build/nexon_base -- -j4 -l4
[0.072s] Invoked command in '/home/bobby/nexon_ws/build/nexon_base' returned '0': CMAKE_PREFIX_PATH=/home/bobby/nexon_ws/install/sllidar_ros2:/home/bobby/nexon_ws/install/nexon_navigation:/home/bobby/nexon_ws/install/nexon_description:/home/bobby/nexon_ws/install/nexon_bringup:/home/bobby/nexon_ws/install/nexon_base:/home/bobby/nexon_ws/install/nexon:/home/bobby/nexon_ws/install/lock_system:/home/bobby/nexon_ws/install/imu_kalman_pkg:/home/bobby/nexon_ws/install/gamepad_pkg:/home/bobby/nexon_ws/install/gamepad_bt_pkg:/home/bobby/nexon_ws/install/data_visual:/opt/ros/humble:/home/bobby/nexon_ws/install/nav2_dstar_lite:/home/bobby/nexon_ws/install/micro_ros_setup:/home/bobby/nexon_ws/install/micro_ros_agent /usr/bin/cmake --build /home/bobby/nexon_ws/build/nexon_base -- -j4 -l4
[0.076s] Invoking command in '/home/bobby/nexon_ws/build/nexon_base': CMAKE_PREFIX_PATH=/home/bobby/nexon_ws/install/sllidar_ros2:/home/bobby/nexon_ws/install/nexon_navigation:/home/bobby/nexon_ws/install/nexon_description:/home/bobby/nexon_ws/install/nexon_bringup:/home/bobby/nexon_ws/install/nexon_base:/home/bobby/nexon_ws/install/nexon:/home/bobby/nexon_ws/install/lock_system:/home/bobby/nexon_ws/install/imu_kalman_pkg:/home/bobby/nexon_ws/install/gamepad_pkg:/home/bobby/nexon_ws/install/gamepad_bt_pkg:/home/bobby/nexon_ws/install/data_visual:/opt/ros/humble:/home/bobby/nexon_ws/install/nav2_dstar_lite:/home/bobby/nexon_ws/install/micro_ros_setup:/home/bobby/nexon_ws/install/micro_ros_agent /usr/bin/cmake --install /home/bobby/nexon_ws/build/nexon_base
[0.082s] -- Install configuration: ""
[0.083s] -- Execute custom install script
[0.084s] -- Up-to-date symlink: /home/bobby/nexon_ws/install/nexon_base/share/nexon_base/config/ekf.yaml
[0.084s] -- Up-to-date symlink: /home/bobby/nexon_ws/install/nexon_base/share/ament_index/resource_index/package_run_dependencies/nexon_base
[0.085s] -- Up-to-date symlink: /home/bobby/nexon_ws/install/nexon_base/share/ament_index/resource_index/parent_prefix_path/nexon_base
[0.085s] -- Up-to-date symlink: /home/bobby/nexon_ws/install/nexon_base/share/nexon_base/environment/ament_prefix_path.sh
[0.085s] -- Up-to-date symlink: /home/bobby/nexon_ws/install/nexon_base/share/nexon_base/environment/ament_prefix_path.dsv
[0.087s] -- Up-to-date symlink: /home/bobby/nexon_ws/install/nexon_base/share/nexon_base/environment/path.sh
[0.087s] -- Up-to-date symlink: /home/bobby/nexon_ws/install/nexon_base/share/nexon_base/environment/path.dsv
[0.087s] -- Up-to-date symlink: /home/bobby/nexon_ws/install/nexon_base/share/nexon_base/local_setup.bash
[0.088s] -- Up-to-date symlink: /home/bobby/nexon_ws/install/nexon_base/share/nexon_base/local_setup.sh
[0.088s] -- Up-to-date symlink: /home/bobby/nexon_ws/install/nexon_base/share/nexon_base/local_setup.zsh
[0.089s] -- Up-to-date symlink: /home/bobby/nexon_ws/install/nexon_base/share/nexon_base/local_setup.dsv
[0.089s] -- Symlinking: /home/bobby/nexon_ws/install/nexon_base/share/nexon_base/package.dsv
[0.096s] -- Up-to-date symlink: /home/bobby/nexon_ws/install/nexon_base/share/ament_index/resource_index/packages/nexon_base
[0.097s] -- Up-to-date symlink: /home/bobby/nexon_ws/install/nexon_base/share/nexon_base/cmake/nexon_baseConfig.cmake
[0.098s] -- Up-to-date symlink: /home/bobby/nexon_ws/install/nexon_base/share/nexon_base/cmake/nexon_baseConfig-version.cmake
[0.098s] -- Up-to-date symlink: /home/bobby/nexon_ws/install/nexon_base/share/nexon_base/package.xml
[0.108s] Invoked command in '/home/bobby/nexon_ws/build/nexon_base' returned '0': CMAKE_PREFIX_PATH=/home/bobby/nexon_ws/install/sllidar_ros2:/home/bobby/nexon_ws/install/nexon_navigation:/home/bobby/nexon_ws/install/nexon_description:/home/bobby/nexon_ws/install/nexon_bringup:/home/bobby/nexon_ws/install/nexon_base:/home/bobby/nexon_ws/install/nexon:/home/bobby/nexon_ws/install/lock_system:/home/bobby/nexon_ws/install/imu_kalman_pkg:/home/bobby/nexon_ws/install/gamepad_pkg:/home/bobby/nexon_ws/install/gamepad_bt_pkg:/home/bobby/nexon_ws/install/data_visual:/opt/ros/humble:/home/bobby/nexon_ws/install/nav2_dstar_lite:/home/bobby/nexon_ws/install/micro_ros_setup:/home/bobby/nexon_ws/install/micro_ros_agent /usr/bin/cmake --install /home/bobby/nexon_ws/build/nexon_base
