[0.024s] Invoking command in '/home/bobby/nexon_ws/build/sllidar_ros2': CMAKE_PREFIX_PATH=/home/bobby/nexon_ws/install/sllidar_ros2:/home/bobby/nexon_ws/install/nexon_navigation:/home/bobby/nexon_ws/install/nexon_description:/home/bobby/nexon_ws/install/nexon_bringup:/home/bobby/nexon_ws/install/nexon_base:/home/bobby/nexon_ws/install/nexon:/home/bobby/nexon_ws/install/lock_system:/home/bobby/nexon_ws/install/imu_kalman_pkg:/home/bobby/nexon_ws/install/gamepad_pkg:/home/bobby/nexon_ws/install/gamepad_bt_pkg:/home/bobby/nexon_ws/install/data_visual:/opt/ros/humble:/home/bobby/nexon_ws/install/nav2_dstar_lite:/home/bobby/nexon_ws/install/micro_ros_setup:/home/bobby/nexon_ws/install/micro_ros_agent /usr/bin/cmake --build /home/bobby/nexon_ws/build/sllidar_ros2 -- -j4 -l4
[0.109s] [ 90%] Built target sllidar_node
[0.115s] [100%] Built target sllidar_client
[0.138s] Invoked command in '/home/bobby/nexon_ws/build/sllidar_ros2' returned '0': CMAKE_PREFIX_PATH=/home/bobby/nexon_ws/install/sllidar_ros2:/home/bobby/nexon_ws/install/nexon_navigation:/home/bobby/nexon_ws/install/nexon_description:/home/bobby/nexon_ws/install/nexon_bringup:/home/bobby/nexon_ws/install/nexon_base:/home/bobby/nexon_ws/install/nexon:/home/bobby/nexon_ws/install/lock_system:/home/bobby/nexon_ws/install/imu_kalman_pkg:/home/bobby/nexon_ws/install/gamepad_pkg:/home/bobby/nexon_ws/install/gamepad_bt_pkg:/home/bobby/nexon_ws/install/data_visual:/opt/ros/humble:/home/bobby/nexon_ws/install/nav2_dstar_lite:/home/bobby/nexon_ws/install/micro_ros_setup:/home/bobby/nexon_ws/install/micro_ros_agent /usr/bin/cmake --build /home/bobby/nexon_ws/build/sllidar_ros2 -- -j4 -l4
[0.138s] Invoking command in '/home/bobby/nexon_ws/build/sllidar_ros2': CMAKE_PREFIX_PATH=/home/bobby/nexon_ws/install/sllidar_ros2:/home/bobby/nexon_ws/install/nexon_navigation:/home/bobby/nexon_ws/install/nexon_description:/home/bobby/nexon_ws/install/nexon_bringup:/home/bobby/nexon_ws/install/nexon_base:/home/bobby/nexon_ws/install/nexon:/home/bobby/nexon_ws/install/lock_system:/home/bobby/nexon_ws/install/imu_kalman_pkg:/home/bobby/nexon_ws/install/gamepad_pkg:/home/bobby/nexon_ws/install/gamepad_bt_pkg:/home/bobby/nexon_ws/install/data_visual:/opt/ros/humble:/home/bobby/nexon_ws/install/nav2_dstar_lite:/home/bobby/nexon_ws/install/micro_ros_setup:/home/bobby/nexon_ws/install/micro_ros_agent /usr/bin/cmake --install /home/bobby/nexon_ws/build/sllidar_ros2
[0.145s] -- Install configuration: ""
[0.145s] -- Execute custom install script
[0.146s] -- Up-to-date symlink: /home/bobby/nexon_ws/install/sllidar_ros2/share/sllidar_ros2/launch/sllidar_a1_launch.py
[0.149s] -- Up-to-date symlink: /home/bobby/nexon_ws/install/sllidar_ros2/share/sllidar_ros2/launch/sllidar_a2m12_launch .py
[0.149s] -- Up-to-date symlink: /home/bobby/nexon_ws/install/sllidar_ros2/share/sllidar_ros2/launch/sllidar_a2m7_launch.py
[0.149s] -- Up-to-date symlink: /home/bobby/nexon_ws/install/sllidar_ros2/share/sllidar_ros2/launch/sllidar_a2m8_launch.py
[0.149s] -- Up-to-date symlink: /home/bobby/nexon_ws/install/sllidar_ros2/share/sllidar_ros2/launch/sllidar_a3_launch.py
[0.149s] -- Up-to-date symlink: /home/bobby/nexon_ws/install/sllidar_ros2/share/sllidar_ros2/launch/sllidar_c1_launch.py
[0.149s] -- Up-to-date symlink: /home/bobby/nexon_ws/install/sllidar_ros2/share/sllidar_ros2/launch/sllidar_s1_launch.py
[0.149s] -- Up-to-date symlink: /home/bobby/nexon_ws/install/sllidar_ros2/share/sllidar_ros2/launch/sllidar_s1_tcp_launch.py
[0.149s] -- Up-to-date symlink: /home/bobby/nexon_ws/install/sllidar_ros2/share/sllidar_ros2/launch/sllidar_s2_launch.py
[0.149s] -- Up-to-date symlink: /home/bobby/nexon_ws/install/sllidar_ros2/share/sllidar_ros2/launch/sllidar_s2e_launch.py
[0.149s] -- Up-to-date symlink: /home/bobby/nexon_ws/install/sllidar_ros2/share/sllidar_ros2/launch/sllidar_s3_launch.py
[0.149s] -- Up-to-date symlink: /home/bobby/nexon_ws/install/sllidar_ros2/share/sllidar_ros2/launch/sllidar_t1_launch.py
[0.149s] -- Up-to-date symlink: /home/bobby/nexon_ws/install/sllidar_ros2/share/sllidar_ros2/launch/view_sllidar_a1_launch.py
[0.149s] -- Up-to-date symlink: /home/bobby/nexon_ws/install/sllidar_ros2/share/sllidar_ros2/launch/view_sllidar_a2m12_launch.py
[0.154s] -- Up-to-date symlink: /home/bobby/nexon_ws/install/sllidar_ros2/share/sllidar_ros2/launch/view_sllidar_a2m7_launch.py
[0.154s] -- Up-to-date symlink: /home/bobby/nexon_ws/install/sllidar_ros2/share/sllidar_ros2/launch/view_sllidar_a2m8_launch.py
[0.154s] -- Up-to-date symlink: /home/bobby/nexon_ws/install/sllidar_ros2/share/sllidar_ros2/launch/view_sllidar_a3_launch.py
[0.155s] -- Up-to-date symlink: /home/bobby/nexon_ws/install/sllidar_ros2/share/sllidar_ros2/launch/view_sllidar_c1_launch.py
[0.155s] -- Up-to-date symlink: /home/bobby/nexon_ws/install/sllidar_ros2/share/sllidar_ros2/launch/view_sllidar_s1_launch.py
[0.155s] -- Up-to-date symlink: /home/bobby/nexon_ws/install/sllidar_ros2/share/sllidar_ros2/launch/view_sllidar_s1_tcp_launch.py
[0.155s] -- Up-to-date symlink: /home/bobby/nexon_ws/install/sllidar_ros2/share/sllidar_ros2/launch/view_sllidar_s2_launch.py
[0.155s] -- Up-to-date symlink: /home/bobby/nexon_ws/install/sllidar_ros2/share/sllidar_ros2/launch/view_sllidar_s2e_launch.py
[0.155s] -- Up-to-date symlink: /home/bobby/nexon_ws/install/sllidar_ros2/share/sllidar_ros2/launch/view_sllidar_s3_launch.py
[0.155s] -- Up-to-date symlink: /home/bobby/nexon_ws/install/sllidar_ros2/share/sllidar_ros2/launch/view_sllidar_t1_launch.py
[0.155s] -- Up-to-date symlink: /home/bobby/nexon_ws/install/sllidar_ros2/share/sllidar_ros2/rviz/sllidar_ros2.rviz
[0.155s] -- Up-to-date symlink: /home/bobby/nexon_ws/install/sllidar_ros2/lib/sllidar_ros2/sllidar_node
[0.155s] -- Up-to-date symlink: /home/bobby/nexon_ws/install/sllidar_ros2/lib/sllidar_ros2/sllidar_client
[0.155s] -- Up-to-date symlink: /home/bobby/nexon_ws/install/sllidar_ros2/share/ament_index/resource_index/package_run_dependencies/sllidar_ros2
[0.155s] -- Up-to-date symlink: /home/bobby/nexon_ws/install/sllidar_ros2/share/ament_index/resource_index/parent_prefix_path/sllidar_ros2
[0.155s] -- Up-to-date symlink: /home/bobby/nexon_ws/install/sllidar_ros2/share/sllidar_ros2/environment/ament_prefix_path.sh
[0.156s] -- Up-to-date symlink: /home/bobby/nexon_ws/install/sllidar_ros2/share/sllidar_ros2/environment/ament_prefix_path.dsv
[0.156s] -- Up-to-date symlink: /home/bobby/nexon_ws/install/sllidar_ros2/share/sllidar_ros2/environment/path.sh
[0.156s] -- Up-to-date symlink: /home/bobby/nexon_ws/install/sllidar_ros2/share/sllidar_ros2/environment/path.dsv
[0.156s] -- Up-to-date symlink: /home/bobby/nexon_ws/install/sllidar_ros2/share/sllidar_ros2/local_setup.bash
[0.156s] -- Up-to-date symlink: /home/bobby/nexon_ws/install/sllidar_ros2/share/sllidar_ros2/local_setup.sh
[0.156s] -- Up-to-date symlink: /home/bobby/nexon_ws/install/sllidar_ros2/share/sllidar_ros2/local_setup.zsh
[0.156s] -- Up-to-date symlink: /home/bobby/nexon_ws/install/sllidar_ros2/share/sllidar_ros2/local_setup.dsv
[0.156s] -- Symlinking: /home/bobby/nexon_ws/install/sllidar_ros2/share/sllidar_ros2/package.dsv
[0.165s] -- Up-to-date symlink: /home/bobby/nexon_ws/install/sllidar_ros2/share/ament_index/resource_index/packages/sllidar_ros2
[0.165s] -- Up-to-date symlink: /home/bobby/nexon_ws/install/sllidar_ros2/share/sllidar_ros2/cmake/ament_cmake_export_dependencies-extras.cmake
[0.166s] -- Up-to-date symlink: /home/bobby/nexon_ws/install/sllidar_ros2/share/sllidar_ros2/cmake/ament_cmake_export_include_directories-extras.cmake
[0.166s] -- Up-to-date symlink: /home/bobby/nexon_ws/install/sllidar_ros2/share/sllidar_ros2/cmake/sllidar_ros2Config.cmake
[0.166s] -- Up-to-date symlink: /home/bobby/nexon_ws/install/sllidar_ros2/share/sllidar_ros2/cmake/sllidar_ros2Config-version.cmake
[0.166s] -- Up-to-date symlink: /home/bobby/nexon_ws/install/sllidar_ros2/share/sllidar_ros2/package.xml
[0.168s] Invoked command in '/home/bobby/nexon_ws/build/sllidar_ros2' returned '0': CMAKE_PREFIX_PATH=/home/bobby/nexon_ws/install/sllidar_ros2:/home/bobby/nexon_ws/install/nexon_navigation:/home/bobby/nexon_ws/install/nexon_description:/home/bobby/nexon_ws/install/nexon_bringup:/home/bobby/nexon_ws/install/nexon_base:/home/bobby/nexon_ws/install/nexon:/home/bobby/nexon_ws/install/lock_system:/home/bobby/nexon_ws/install/imu_kalman_pkg:/home/bobby/nexon_ws/install/gamepad_pkg:/home/bobby/nexon_ws/install/gamepad_bt_pkg:/home/bobby/nexon_ws/install/data_visual:/opt/ros/humble:/home/bobby/nexon_ws/install/nav2_dstar_lite:/home/bobby/nexon_ws/install/micro_ros_setup:/home/bobby/nexon_ws/install/micro_ros_agent /usr/bin/cmake --install /home/bobby/nexon_ws/build/sllidar_ros2
