[1.258s] Invoking command in '/home/bobby/nexon_ws/src/nexon/data_visual': PYTHONPATH=/home/bobby/nexon_ws/build/data_visual/prefix_override:/usr/lib/python3/dist-packages/colcon_core/task/python/colcon_distutils_commands:/home/bobby/nexon_ws/install/data_visual/lib/python3.10/site-packages:${PYTHONPATH} /usr/bin/python3 -W ignore:setup.py install is deprecated -W ignore:easy_install command is deprecated setup.py egg_info --egg-base ../../../build/data_visual build --build-base /home/bobby/nexon_ws/build/data_visual/build install --record /home/bobby/nexon_ws/build/data_visual/install.log --single-version-externally-managed install_data
[1.593s] running egg_info
[1.599s] writing ../../../build/data_visual/data_visual.egg-info/PKG-INFO
[1.604s] writing dependency_links to ../../../build/data_visual/data_visual.egg-info/dependency_links.txt
[1.604s] writing entry points to ../../../build/data_visual/data_visual.egg-info/entry_points.txt
[1.604s] writing requirements to ../../../build/data_visual/data_visual.egg-info/requires.txt
[1.604s] writing top-level names to ../../../build/data_visual/data_visual.egg-info/top_level.txt
[1.621s] reading manifest file '../../../build/data_visual/data_visual.egg-info/SOURCES.txt'
[1.621s] adding license file 'LICENSE'
[1.628s] writing manifest file '../../../build/data_visual/data_visual.egg-info/SOURCES.txt'
[1.628s] running build
[1.628s] running build_py
[1.634s] running install
[1.634s] running install_lib
[1.637s] running install_data
[1.637s] running install_egg_info
[1.641s] removing '/home/bobby/nexon_ws/install/data_visual/lib/python3.10/site-packages/data_visual-0.0.0-py3.10.egg-info' (and everything under it)
[1.645s] Copying ../../../build/data_visual/data_visual.egg-info to /home/bobby/nexon_ws/install/data_visual/lib/python3.10/site-packages/data_visual-0.0.0-py3.10.egg-info
[1.647s] running install_scripts
[1.679s] Installing data_visual_node script to /home/bobby/nexon_ws/install/data_visual/lib/data_visual
[1.679s] writing list of installed files to '/home/bobby/nexon_ws/build/data_visual/install.log'
[1.933s] Invoked command in '/home/bobby/nexon_ws/src/nexon/data_visual' returned '0': PYTHONPATH=/home/bobby/nexon_ws/build/data_visual/prefix_override:/usr/lib/python3/dist-packages/colcon_core/task/python/colcon_distutils_commands:/home/bobby/nexon_ws/install/data_visual/lib/python3.10/site-packages:${PYTHONPATH} /usr/bin/python3 -W ignore:setup.py install is deprecated -W ignore:easy_install command is deprecated setup.py egg_info --egg-base ../../../build/data_visual build --build-base /home/bobby/nexon_ws/build/data_visual/build install --record /home/bobby/nexon_ws/build/data_visual/install.log --single-version-externally-managed install_data
