[0.044s] Invoking command in '/home/bobby/nexon_ws/build/nexon': CMAKE_PREFIX_PATH=${CMAKE_PREFIX_PATH}:/home/bobby/nexon_ws/install/imu_kalman_pkg:/home/bobby/nexon_ws/install/gamepad_pkg:/home/bobby/nexon_ws/install/gamepad_bt_pkg:/home/bobby/nexon_ws/install/data_visual:/opt/ros/humble /usr/bin/cmake /home/bobby/nexon_ws/src/nexon/nexon -DAMENT_CMAKE_SYMLINK_INSTALL=1 -DCMAKE_INSTALL_PREFIX=/home/bobby/nexon_ws/install/nexon
[0.179s] -- The C compiler identification is GNU 11.4.0
[0.266s] -- The CXX compiler identification is GNU 11.4.0
[0.277s] -- Detecting C compiler ABI info
[0.424s] -- Detecting C compiler ABI info - done
[0.452s] -- Check for working C compiler: /usr/bin/cc - skipped
[0.452s] -- Detecting C compile features
[0.452s] -- Detecting C compile features - done
[0.456s] -- Detecting CXX compiler ABI info
[0.631s] -- Detecting CXX compiler ABI info - done
[0.649s] -- Check for working CXX compiler: /usr/bin/c++ - skipped
[0.649s] -- Detecting CXX compile features
[0.649s] -- Detecting CXX compile features - done
[0.649s] -- Found ament_cmake: 1.3.12 (/opt/ros/humble/share/ament_cmake/cmake)
[1.012s] -- Found Python3: /usr/bin/python3 (found version "3.10.12") found components: Interpreter 
[1.222s] -- Override CMake install command with custom implementation using symlinks instead of copying resources
[1.545s] -- Configuring done
[1.548s] -- Generating done
[1.557s] -- Build files have been written to: /home/bobby/nexon_ws/build/nexon
[1.568s] Invoked command in '/home/bobby/nexon_ws/build/nexon' returned '0': CMAKE_PREFIX_PATH=${CMAKE_PREFIX_PATH}:/home/bobby/nexon_ws/install/imu_kalman_pkg:/home/bobby/nexon_ws/install/gamepad_pkg:/home/bobby/nexon_ws/install/gamepad_bt_pkg:/home/bobby/nexon_ws/install/data_visual:/opt/ros/humble /usr/bin/cmake /home/bobby/nexon_ws/src/nexon/nexon -DAMENT_CMAKE_SYMLINK_INSTALL=1 -DCMAKE_INSTALL_PREFIX=/home/bobby/nexon_ws/install/nexon
[1.581s] Invoking command in '/home/bobby/nexon_ws/build/nexon': CMAKE_PREFIX_PATH=${CMAKE_PREFIX_PATH}:/home/bobby/nexon_ws/install/imu_kalman_pkg:/home/bobby/nexon_ws/install/gamepad_pkg:/home/bobby/nexon_ws/install/gamepad_bt_pkg:/home/bobby/nexon_ws/install/data_visual:/opt/ros/humble /usr/bin/cmake --build /home/bobby/nexon_ws/build/nexon -- -j4 -l4
[1.688s] Invoked command in '/home/bobby/nexon_ws/build/nexon' returned '0': CMAKE_PREFIX_PATH=${CMAKE_PREFIX_PATH}:/home/bobby/nexon_ws/install/imu_kalman_pkg:/home/bobby/nexon_ws/install/gamepad_pkg:/home/bobby/nexon_ws/install/gamepad_bt_pkg:/home/bobby/nexon_ws/install/data_visual:/opt/ros/humble /usr/bin/cmake --build /home/bobby/nexon_ws/build/nexon -- -j4 -l4
[1.689s] Invoking command in '/home/bobby/nexon_ws/build/nexon': CMAKE_PREFIX_PATH=${CMAKE_PREFIX_PATH}:/home/bobby/nexon_ws/install/imu_kalman_pkg:/home/bobby/nexon_ws/install/gamepad_pkg:/home/bobby/nexon_ws/install/gamepad_bt_pkg:/home/bobby/nexon_ws/install/data_visual:/opt/ros/humble /usr/bin/cmake --install /home/bobby/nexon_ws/build/nexon
[1.718s] -- Install configuration: ""
[1.718s] -- Execute custom install script
[1.718s] -- Symlinking: /home/bobby/nexon_ws/install/nexon/share/ament_index/resource_index/package_run_dependencies/nexon
[1.732s] -- Symlinking: /home/bobby/nexon_ws/install/nexon/share/ament_index/resource_index/parent_prefix_path/nexon
[1.744s] -- Symlinking: /home/bobby/nexon_ws/install/nexon/share/nexon/environment/ament_prefix_path.sh
[1.761s] -- Symlinking: /home/bobby/nexon_ws/install/nexon/share/nexon/environment/ament_prefix_path.dsv
[1.778s] -- Symlinking: /home/bobby/nexon_ws/install/nexon/share/nexon/environment/path.sh
[1.788s] -- Symlinking: /home/bobby/nexon_ws/install/nexon/share/nexon/environment/path.dsv
[1.799s] -- Symlinking: /home/bobby/nexon_ws/install/nexon/share/nexon/local_setup.bash
[1.814s] -- Symlinking: /home/bobby/nexon_ws/install/nexon/share/nexon/local_setup.sh
[1.841s] -- Symlinking: /home/bobby/nexon_ws/install/nexon/share/nexon/local_setup.zsh
[1.856s] -- Symlinking: /home/bobby/nexon_ws/install/nexon/share/nexon/local_setup.dsv
[1.866s] -- Symlinking: /home/bobby/nexon_ws/install/nexon/share/nexon/package.dsv
[1.883s] -- Symlinking: /home/bobby/nexon_ws/install/nexon/share/ament_index/resource_index/packages/nexon
[1.900s] -- Symlinking: /home/bobby/nexon_ws/install/nexon/share/nexon/cmake/nexonConfig.cmake
[1.927s] -- Symlinking: /home/bobby/nexon_ws/install/nexon/share/nexon/cmake/nexonConfig-version.cmake
[1.944s] -- Symlinking: /home/bobby/nexon_ws/install/nexon/share/nexon/package.xml
[1.968s] Invoked command in '/home/bobby/nexon_ws/build/nexon' returned '0': CMAKE_PREFIX_PATH=${CMAKE_PREFIX_PATH}:/home/bobby/nexon_ws/install/imu_kalman_pkg:/home/bobby/nexon_ws/install/gamepad_pkg:/home/bobby/nexon_ws/install/gamepad_bt_pkg:/home/bobby/nexon_ws/install/data_visual:/opt/ros/humble /usr/bin/cmake --install /home/bobby/nexon_ws/build/nexon
