running develop
running egg_info
creating imu_kalman_pkg.egg-info
writing imu_kalman_pkg.egg-info/PKG-INFO
writing dependency_links to imu_kalman_pkg.egg-info/dependency_links.txt
writing entry points to imu_kalman_pkg.egg-info/entry_points.txt
writing requirements to imu_kalman_pkg.egg-info/requires.txt
writing top-level names to imu_kalman_pkg.egg-info/top_level.txt
writing manifest file 'imu_kalman_pkg.egg-info/SOURCES.txt'
reading manifest file 'imu_kalman_pkg.egg-info/SOURCES.txt'
writing manifest file 'imu_kalman_pkg.egg-info/SOURCES.txt'
running build_ext
Creating /home/bobby/nexon_ws/install/imu_kalman_pkg/lib/python3.10/site-packages/imu-kalman-pkg.egg-link (link to .)
Installing imu_kalman_filter script to /home/bobby/nexon_ws/install/imu_kalman_pkg/lib/imu_kalman_pkg

Installed /home/bobby/nexon_ws/build/imu_kalman_pkg
running symlink_data
creating /home/bobby/nexon_ws/install/imu_kalman_pkg/share/ament_index
creating /home/bobby/nexon_ws/install/imu_kalman_pkg/share/ament_index/resource_index
creating /home/bobby/nexon_ws/install/imu_kalman_pkg/share/ament_index/resource_index/packages
symbolically linking /home/bobby/nexon_ws/build/imu_kalman_pkg/resource/imu_kalman_pkg -> /home/bobby/nexon_ws/install/imu_kalman_pkg/share/ament_index/resource_index/packages
symbolically linking /home/bobby/nexon_ws/build/imu_kalman_pkg/package.xml -> /home/bobby/nexon_ws/install/imu_kalman_pkg/share/imu_kalman_pkg
