[1.246s] Invoking command in '/home/bobby/nexon_ws/build/imu_kalman_pkg': PYTHONPATH=/home/bobby/nexon_ws/build/imu_kalman_pkg/prefix_override:/usr/lib/python3/dist-packages/colcon_core/task/python/colcon_distutils_commands:/home/bobby/nexon_ws/install/imu_kalman_pkg/lib/python3.10/site-packages:${PYTHONPATH} /usr/bin/python3 -W ignore:setup.py install is deprecated -W ignore:easy_install command is deprecated setup.py develop --editable --build-directory /home/bobby/nexon_ws/build/imu_kalman_pkg/build --no-deps symlink_data
[1.582s] running develop
[1.855s] running egg_info
[1.855s] creating imu_kalman_pkg.egg-info
[1.856s] writing imu_kalman_pkg.egg-info/PKG-INFO
[1.856s] writing dependency_links to imu_kalman_pkg.egg-info/dependency_links.txt
[1.856s] writing entry points to imu_kalman_pkg.egg-info/entry_points.txt
[1.856s] writing requirements to imu_kalman_pkg.egg-info/requires.txt
[1.857s] writing top-level names to imu_kalman_pkg.egg-info/top_level.txt
[1.857s] writing manifest file 'imu_kalman_pkg.egg-info/SOURCES.txt'
[1.859s] reading manifest file 'imu_kalman_pkg.egg-info/SOURCES.txt'
[1.860s] writing manifest file 'imu_kalman_pkg.egg-info/SOURCES.txt'
[1.869s] running build_ext
[1.869s] Creating /home/bobby/nexon_ws/install/imu_kalman_pkg/lib/python3.10/site-packages/imu-kalman-pkg.egg-link (link to .)
[1.872s] Installing imu_kalman_filter script to /home/bobby/nexon_ws/install/imu_kalman_pkg/lib/imu_kalman_pkg
[1.877s] 
[1.877s] Installed /home/bobby/nexon_ws/build/imu_kalman_pkg
[1.877s] running symlink_data
[1.877s] creating /home/bobby/nexon_ws/install/imu_kalman_pkg/share/ament_index
[1.877s] creating /home/bobby/nexon_ws/install/imu_kalman_pkg/share/ament_index/resource_index
[1.877s] creating /home/bobby/nexon_ws/install/imu_kalman_pkg/share/ament_index/resource_index/packages
[1.878s] symbolically linking /home/bobby/nexon_ws/build/imu_kalman_pkg/resource/imu_kalman_pkg -> /home/bobby/nexon_ws/install/imu_kalman_pkg/share/ament_index/resource_index/packages
[1.880s] symbolically linking /home/bobby/nexon_ws/build/imu_kalman_pkg/package.xml -> /home/bobby/nexon_ws/install/imu_kalman_pkg/share/imu_kalman_pkg
[1.946s] Invoked command in '/home/bobby/nexon_ws/build/imu_kalman_pkg' returned '0': PYTHONPATH=/home/bobby/nexon_ws/build/imu_kalman_pkg/prefix_override:/usr/lib/python3/dist-packages/colcon_core/task/python/colcon_distutils_commands:/home/bobby/nexon_ws/install/imu_kalman_pkg/lib/python3.10/site-packages:${PYTHONPATH} /usr/bin/python3 -W ignore:setup.py install is deprecated -W ignore:easy_install command is deprecated setup.py develop --editable --build-directory /home/bobby/nexon_ws/build/imu_kalman_pkg/build --no-deps symlink_data
