[0.011s] Invoking command in '/home/bobby/nexon_ws/build/nexon': CMAKE_PREFIX_PATH=/home/bobby/nexon_ws/install/sllidar_ros2:/home/bobby/nexon_ws/install/nexon_navigation:/home/bobby/nexon_ws/install/nexon_description:/home/bobby/nexon_ws/install/nexon_bringup:/home/bobby/nexon_ws/install/nexon_base:/home/bobby/nexon_ws/install/nexon:/home/bobby/nexon_ws/install/lock_system:/home/bobby/nexon_ws/install/imu_kalman_pkg:/home/bobby/nexon_ws/install/gamepad_pkg:/home/bobby/nexon_ws/install/gamepad_bt_pkg:/home/bobby/nexon_ws/install/data_visual:/opt/ros/humble:/home/bobby/nexon_ws/install/nav2_dstar_lite:/home/bobby/nexon_ws/install/micro_ros_setup:/home/bobby/nexon_ws/install/micro_ros_agent /usr/bin/cmake /home/bobby/nexon_ws/src/nexon/nexon -DCMAKE_INSTALL_PREFIX=/home/bobby/nexon_ws/install/nexon
[0.026s] -- Found ament_cmake: 1.3.12 (/opt/ros/humble/share/ament_cmake/cmake)
[0.189s] -- Override CMake install command with custom implementation using symlinks instead of copying resources
[0.323s] -- Configuring done
[0.331s] -- Generating done
[0.336s] -- Build files have been written to: /home/bobby/nexon_ws/build/nexon
[0.350s] Invoked command in '/home/bobby/nexon_ws/build/nexon' returned '0': CMAKE_PREFIX_PATH=/home/bobby/nexon_ws/install/sllidar_ros2:/home/bobby/nexon_ws/install/nexon_navigation:/home/bobby/nexon_ws/install/nexon_description:/home/bobby/nexon_ws/install/nexon_bringup:/home/bobby/nexon_ws/install/nexon_base:/home/bobby/nexon_ws/install/nexon:/home/bobby/nexon_ws/install/lock_system:/home/bobby/nexon_ws/install/imu_kalman_pkg:/home/bobby/nexon_ws/install/gamepad_pkg:/home/bobby/nexon_ws/install/gamepad_bt_pkg:/home/bobby/nexon_ws/install/data_visual:/opt/ros/humble:/home/bobby/nexon_ws/install/nav2_dstar_lite:/home/bobby/nexon_ws/install/micro_ros_setup:/home/bobby/nexon_ws/install/micro_ros_agent /usr/bin/cmake /home/bobby/nexon_ws/src/nexon/nexon -DCMAKE_INSTALL_PREFIX=/home/bobby/nexon_ws/install/nexon
[0.350s] Invoking command in '/home/bobby/nexon_ws/build/nexon': CMAKE_PREFIX_PATH=/home/bobby/nexon_ws/install/sllidar_ros2:/home/bobby/nexon_ws/install/nexon_navigation:/home/bobby/nexon_ws/install/nexon_description:/home/bobby/nexon_ws/install/nexon_bringup:/home/bobby/nexon_ws/install/nexon_base:/home/bobby/nexon_ws/install/nexon:/home/bobby/nexon_ws/install/lock_system:/home/bobby/nexon_ws/install/imu_kalman_pkg:/home/bobby/nexon_ws/install/gamepad_pkg:/home/bobby/nexon_ws/install/gamepad_bt_pkg:/home/bobby/nexon_ws/install/data_visual:/opt/ros/humble:/home/bobby/nexon_ws/install/nav2_dstar_lite:/home/bobby/nexon_ws/install/micro_ros_setup:/home/bobby/nexon_ws/install/micro_ros_agent /usr/bin/cmake --build /home/bobby/nexon_ws/build/nexon -- -j4 -l4
[0.426s] Invoked command in '/home/bobby/nexon_ws/build/nexon' returned '0': CMAKE_PREFIX_PATH=/home/bobby/nexon_ws/install/sllidar_ros2:/home/bobby/nexon_ws/install/nexon_navigation:/home/bobby/nexon_ws/install/nexon_description:/home/bobby/nexon_ws/install/nexon_bringup:/home/bobby/nexon_ws/install/nexon_base:/home/bobby/nexon_ws/install/nexon:/home/bobby/nexon_ws/install/lock_system:/home/bobby/nexon_ws/install/imu_kalman_pkg:/home/bobby/nexon_ws/install/gamepad_pkg:/home/bobby/nexon_ws/install/gamepad_bt_pkg:/home/bobby/nexon_ws/install/data_visual:/opt/ros/humble:/home/bobby/nexon_ws/install/nav2_dstar_lite:/home/bobby/nexon_ws/install/micro_ros_setup:/home/bobby/nexon_ws/install/micro_ros_agent /usr/bin/cmake --build /home/bobby/nexon_ws/build/nexon -- -j4 -l4
[0.438s] Invoking command in '/home/bobby/nexon_ws/build/nexon': CMAKE_PREFIX_PATH=/home/bobby/nexon_ws/install/sllidar_ros2:/home/bobby/nexon_ws/install/nexon_navigation:/home/bobby/nexon_ws/install/nexon_description:/home/bobby/nexon_ws/install/nexon_bringup:/home/bobby/nexon_ws/install/nexon_base:/home/bobby/nexon_ws/install/nexon:/home/bobby/nexon_ws/install/lock_system:/home/bobby/nexon_ws/install/imu_kalman_pkg:/home/bobby/nexon_ws/install/gamepad_pkg:/home/bobby/nexon_ws/install/gamepad_bt_pkg:/home/bobby/nexon_ws/install/data_visual:/opt/ros/humble:/home/bobby/nexon_ws/install/nav2_dstar_lite:/home/bobby/nexon_ws/install/micro_ros_setup:/home/bobby/nexon_ws/install/micro_ros_agent /usr/bin/cmake --install /home/bobby/nexon_ws/build/nexon
[0.451s] -- Install configuration: ""
[0.454s] -- Execute custom install script
[0.458s] -- Up-to-date symlink: /home/bobby/nexon_ws/install/nexon/share/ament_index/resource_index/package_run_dependencies/nexon
[0.458s] -- Up-to-date symlink: /home/bobby/nexon_ws/install/nexon/share/ament_index/resource_index/parent_prefix_path/nexon
[0.459s] -- Up-to-date symlink: /home/bobby/nexon_ws/install/nexon/share/nexon/environment/ament_prefix_path.sh
[0.459s] -- Up-to-date symlink: /home/bobby/nexon_ws/install/nexon/share/nexon/environment/ament_prefix_path.dsv
[0.462s] -- Up-to-date symlink: /home/bobby/nexon_ws/install/nexon/share/nexon/environment/path.sh
[0.467s] -- Up-to-date symlink: /home/bobby/nexon_ws/install/nexon/share/nexon/environment/path.dsv
[0.467s] -- Up-to-date symlink: /home/bobby/nexon_ws/install/nexon/share/nexon/local_setup.bash
[0.467s] -- Up-to-date symlink: /home/bobby/nexon_ws/install/nexon/share/nexon/local_setup.sh
[0.467s] -- Up-to-date symlink: /home/bobby/nexon_ws/install/nexon/share/nexon/local_setup.zsh
[0.469s] -- Up-to-date symlink: /home/bobby/nexon_ws/install/nexon/share/nexon/local_setup.dsv
[0.469s] -- Symlinking: /home/bobby/nexon_ws/install/nexon/share/nexon/package.dsv
[0.506s] -- Up-to-date symlink: /home/bobby/nexon_ws/install/nexon/share/ament_index/resource_index/packages/nexon
[0.510s] -- Up-to-date symlink: /home/bobby/nexon_ws/install/nexon/share/nexon/cmake/nexonConfig.cmake
[0.510s] -- Up-to-date symlink: /home/bobby/nexon_ws/install/nexon/share/nexon/cmake/nexonConfig-version.cmake
[0.510s] -- Up-to-date symlink: /home/bobby/nexon_ws/install/nexon/share/nexon/package.xml
[0.527s] Invoked command in '/home/bobby/nexon_ws/build/nexon' returned '0': CMAKE_PREFIX_PATH=/home/bobby/nexon_ws/install/sllidar_ros2:/home/bobby/nexon_ws/install/nexon_navigation:/home/bobby/nexon_ws/install/nexon_description:/home/bobby/nexon_ws/install/nexon_bringup:/home/bobby/nexon_ws/install/nexon_base:/home/bobby/nexon_ws/install/nexon:/home/bobby/nexon_ws/install/lock_system:/home/bobby/nexon_ws/install/imu_kalman_pkg:/home/bobby/nexon_ws/install/gamepad_pkg:/home/bobby/nexon_ws/install/gamepad_bt_pkg:/home/bobby/nexon_ws/install/data_visual:/opt/ros/humble:/home/bobby/nexon_ws/install/nav2_dstar_lite:/home/bobby/nexon_ws/install/micro_ros_setup:/home/bobby/nexon_ws/install/micro_ros_agent /usr/bin/cmake --install /home/bobby/nexon_ws/build/nexon
