[1.565s] Invoking command in '/home/bobby/nexon_ws/build/gamepad_bt_pkg': PYTHONPATH=/home/bobby/nexon_ws/build/gamepad_bt_pkg/prefix_override:/usr/lib/python3/dist-packages/colcon_core/task/python/colcon_distutils_commands:/home/bobby/nexon_ws/install/gamepad_bt_pkg/lib/python3.10/site-packages:${PYTHONPATH} /usr/bin/python3 -W ignore:setup.py install is deprecated -W ignore:easy_install command is deprecated setup.py develop --editable --build-directory /home/bobby/nexon_ws/build/gamepad_bt_pkg/build --no-deps symlink_data
[1.870s] running develop
[2.217s] running egg_info
[2.217s] creating gamepad_bt_pkg.egg-info
[2.218s] writing gamepad_bt_pkg.egg-info/PKG-INFO
[2.218s] writing dependency_links to gamepad_bt_pkg.egg-info/dependency_links.txt
[2.218s] writing entry points to gamepad_bt_pkg.egg-info/entry_points.txt
[2.220s] writing requirements to gamepad_bt_pkg.egg-info/requires.txt
[2.220s] writing top-level names to gamepad_bt_pkg.egg-info/top_level.txt
[2.220s] writing manifest file 'gamepad_bt_pkg.egg-info/SOURCES.txt'
[2.225s] reading manifest file 'gamepad_bt_pkg.egg-info/SOURCES.txt'
[2.225s] writing manifest file 'gamepad_bt_pkg.egg-info/SOURCES.txt'
[2.231s] running build_ext
[2.231s] Creating /home/bobby/nexon_ws/install/gamepad_bt_pkg/lib/python3.10/site-packages/gamepad-bt-pkg.egg-link (link to .)
[2.235s] Installing gamepad_bt script to /home/bobby/nexon_ws/install/gamepad_bt_pkg/lib/gamepad_bt_pkg
[2.235s] 
[2.238s] Installed /home/bobby/nexon_ws/build/gamepad_bt_pkg
[2.238s] running symlink_data
[2.238s] creating /home/bobby/nexon_ws/install/gamepad_bt_pkg/share/ament_index
[2.238s] creating /home/bobby/nexon_ws/install/gamepad_bt_pkg/share/ament_index/resource_index
[2.238s] creating /home/bobby/nexon_ws/install/gamepad_bt_pkg/share/ament_index/resource_index/packages
[2.238s] symbolically linking /home/bobby/nexon_ws/build/gamepad_bt_pkg/resource/gamepad_bt_pkg -> /home/bobby/nexon_ws/install/gamepad_bt_pkg/share/ament_index/resource_index/packages
[2.239s] symbolically linking /home/bobby/nexon_ws/build/gamepad_bt_pkg/package.xml -> /home/bobby/nexon_ws/install/gamepad_bt_pkg/share/gamepad_bt_pkg
[2.348s] Invoked command in '/home/bobby/nexon_ws/build/gamepad_bt_pkg' returned '0': PYTHONPATH=/home/bobby/nexon_ws/build/gamepad_bt_pkg/prefix_override:/usr/lib/python3/dist-packages/colcon_core/task/python/colcon_distutils_commands:/home/bobby/nexon_ws/install/gamepad_bt_pkg/lib/python3.10/site-packages:${PYTHONPATH} /usr/bin/python3 -W ignore:setup.py install is deprecated -W ignore:easy_install command is deprecated setup.py develop --editable --build-directory /home/bobby/nexon_ws/build/gamepad_bt_pkg/build --no-deps symlink_data
