[0.005s] Invoking command in '/home/bobby/nexon_ws/build/nexon_bringup': AMENT_PREFIX_PATH=/home/bobby/nexon_ws/install/micro_ros_agent:${AMENT_PREFIX_PATH} CMAKE_PREFIX_PATH=/home/bobby/nexon_ws/install/micro_ros_agent:/opt/ros/humble LD_LIBRARY_PATH=/home/bobby/nexon_ws/install/micro_ros_agent/lib:${LD_LIBRARY_PATH} /usr/bin/cmake /home/bobby/nexon_ws/src/nexon/nexon_bringup -DCMAKE_INSTALL_PREFIX=/home/bobby/nexon_ws/install/nexon_bringup
[0.088s] -- The C compiler identification is GNU 11.4.0
[0.134s] -- The CXX compiler identification is GNU 11.4.0
[0.140s] -- Detecting C compiler ABI info
[0.194s] -- Detecting C compiler ABI info - done
[0.200s] -- Check for working C compiler: /usr/bin/cc - skipped
[0.200s] -- Detecting C compile features
[0.200s] -- Detecting C compile features - done
[0.203s] -- Detecting CXX compiler ABI info
[0.263s] -- Detecting CXX compiler ABI info - done
[0.269s] -- Check for working CXX compiler: /usr/bin/c++ - skipped
[0.269s] -- Detecting CXX compile features
[0.270s] -- Detecting CXX compile features - done
[0.272s] -- Found ament_cmake: 1.3.12 (/opt/ros/humble/share/ament_cmake/cmake)
[0.397s] -- Found Python3: /usr/bin/python3 (found version "3.10.12") found components: Interpreter 
[0.520s] -- Configuring done
[0.522s] -- Generating done
[0.523s] -- Build files have been written to: /home/bobby/nexon_ws/build/nexon_bringup
[0.526s] Invoked command in '/home/bobby/nexon_ws/build/nexon_bringup' returned '0': AMENT_PREFIX_PATH=/home/bobby/nexon_ws/install/micro_ros_agent:${AMENT_PREFIX_PATH} CMAKE_PREFIX_PATH=/home/bobby/nexon_ws/install/micro_ros_agent:/opt/ros/humble LD_LIBRARY_PATH=/home/bobby/nexon_ws/install/micro_ros_agent/lib:${LD_LIBRARY_PATH} /usr/bin/cmake /home/bobby/nexon_ws/src/nexon/nexon_bringup -DCMAKE_INSTALL_PREFIX=/home/bobby/nexon_ws/install/nexon_bringup
[0.528s] Invoking command in '/home/bobby/nexon_ws/build/nexon_bringup': AMENT_PREFIX_PATH=/home/bobby/nexon_ws/install/micro_ros_agent:${AMENT_PREFIX_PATH} CMAKE_PREFIX_PATH=/home/bobby/nexon_ws/install/micro_ros_agent:/opt/ros/humble LD_LIBRARY_PATH=/home/bobby/nexon_ws/install/micro_ros_agent/lib:${LD_LIBRARY_PATH} /usr/bin/cmake --build /home/bobby/nexon_ws/build/nexon_bringup -- -j4 -l4
[0.556s] Invoked command in '/home/bobby/nexon_ws/build/nexon_bringup' returned '0': AMENT_PREFIX_PATH=/home/bobby/nexon_ws/install/micro_ros_agent:${AMENT_PREFIX_PATH} CMAKE_PREFIX_PATH=/home/bobby/nexon_ws/install/micro_ros_agent:/opt/ros/humble LD_LIBRARY_PATH=/home/bobby/nexon_ws/install/micro_ros_agent/lib:${LD_LIBRARY_PATH} /usr/bin/cmake --build /home/bobby/nexon_ws/build/nexon_bringup -- -j4 -l4
[0.557s] Invoking command in '/home/bobby/nexon_ws/build/nexon_bringup': AMENT_PREFIX_PATH=/home/bobby/nexon_ws/install/micro_ros_agent:${AMENT_PREFIX_PATH} CMAKE_PREFIX_PATH=/home/bobby/nexon_ws/install/micro_ros_agent:/opt/ros/humble LD_LIBRARY_PATH=/home/bobby/nexon_ws/install/micro_ros_agent/lib:${LD_LIBRARY_PATH} /usr/bin/cmake --install /home/bobby/nexon_ws/build/nexon_bringup
[0.564s] -- Install configuration: ""
[0.564s] -- Installing: /home/bobby/nexon_ws/install/nexon_bringup/share/nexon_bringup/launch
[0.564s] -- Installing: /home/bobby/nexon_ws/install/nexon_bringup/share/nexon_bringup/launch/default_robot.launch.py
[0.564s] -- Installing: /home/bobby/nexon_ws/install/nexon_bringup/share/nexon_bringup/launch/depth.launch.py
[0.565s] -- Installing: /home/bobby/nexon_ws/install/nexon_bringup/share/nexon_bringup/launch/bringup.launch.py
[0.565s] -- Installing: /home/bobby/nexon_ws/install/nexon_bringup/share/nexon_bringup/launch/extra.launch.py
[0.565s] -- Installing: /home/bobby/nexon_ws/install/nexon_bringup/share/nexon_bringup/launch/sensors.launch.py
[0.565s] -- Installing: /home/bobby/nexon_ws/install/nexon_bringup/share/nexon_bringup/launch/lasers.launch.py
[0.566s] -- Installing: /home/bobby/nexon_ws/install/nexon_bringup/share/nexon_bringup/launch/joy_teleop.launch.py
[0.566s] -- Installing: /home/bobby/nexon_ws/install/nexon_bringup/share/nexon_bringup/launch/custom_robot.launch.py
[0.566s] -- Installing: /home/bobby/nexon_ws/install/nexon_bringup/share/nexon_bringup/launch/realsense_obstacle.launch.py
[0.567s] -- Installing: /home/bobby/nexon_ws/install/nexon_bringup/share/nexon_bringup/config
[0.567s] -- Installing: /home/bobby/nexon_ws/install/nexon_bringup/share/nexon_bringup/config/joy.yaml
[0.567s] -- Installing: /home/bobby/nexon_ws/install/nexon_bringup/share/nexon_bringup/config/box_laser_filter.yaml
[0.567s] -- Installing: /home/bobby/nexon_ws/install/nexon_bringup/share/nexon_bringup/config/fake_laser.yaml
[0.567s] -- Installing: /home/bobby/nexon_ws/install/nexon_bringup/share/nexon_bringup/config/zed_common.yaml
[0.567s] -- Installing: /home/bobby/nexon_ws/install/nexon_bringup/share/ament_index/resource_index/package_run_dependencies/nexon_bringup
[0.568s] -- Installing: /home/bobby/nexon_ws/install/nexon_bringup/share/ament_index/resource_index/parent_prefix_path/nexon_bringup
[0.568s] -- Installing: /home/bobby/nexon_ws/install/nexon_bringup/share/nexon_bringup/environment/ament_prefix_path.sh
[0.568s] -- Installing: /home/bobby/nexon_ws/install/nexon_bringup/share/nexon_bringup/environment/ament_prefix_path.dsv
[0.568s] -- Installing: /home/bobby/nexon_ws/install/nexon_bringup/share/nexon_bringup/environment/path.sh
[0.568s] -- Installing: /home/bobby/nexon_ws/install/nexon_bringup/share/nexon_bringup/environment/path.dsv
[0.568s] -- Installing: /home/bobby/nexon_ws/install/nexon_bringup/share/nexon_bringup/local_setup.bash
[0.568s] -- Installing: /home/bobby/nexon_ws/install/nexon_bringup/share/nexon_bringup/local_setup.sh
[0.568s] -- Installing: /home/bobby/nexon_ws/install/nexon_bringup/share/nexon_bringup/local_setup.zsh
[0.568s] -- Installing: /home/bobby/nexon_ws/install/nexon_bringup/share/nexon_bringup/local_setup.dsv
[0.569s] -- Installing: /home/bobby/nexon_ws/install/nexon_bringup/share/nexon_bringup/package.dsv
[0.569s] -- Installing: /home/bobby/nexon_ws/install/nexon_bringup/share/ament_index/resource_index/packages/nexon_bringup
[0.569s] -- Installing: /home/bobby/nexon_ws/install/nexon_bringup/share/nexon_bringup/cmake/nexon_bringupConfig.cmake
[0.569s] -- Installing: /home/bobby/nexon_ws/install/nexon_bringup/share/nexon_bringup/cmake/nexon_bringupConfig-version.cmake
[0.569s] -- Installing: /home/bobby/nexon_ws/install/nexon_bringup/share/nexon_bringup/package.xml
[0.571s] Invoked command in '/home/bobby/nexon_ws/build/nexon_bringup' returned '0': AMENT_PREFIX_PATH=/home/bobby/nexon_ws/install/micro_ros_agent:${AMENT_PREFIX_PATH} CMAKE_PREFIX_PATH=/home/bobby/nexon_ws/install/micro_ros_agent:/opt/ros/humble LD_LIBRARY_PATH=/home/bobby/nexon_ws/install/micro_ros_agent/lib:${LD_LIBRARY_PATH} /usr/bin/cmake --install /home/bobby/nexon_ws/build/nexon_bringup
