-- Found ament_cmake: 1.3.12 (/opt/ros/humble/share/ament_cmake/cmake)
-- Override CMake install command with custom implementation using symlinks instead of copying resources
-- Configuring done
-- Generating done
-- Build files have been written to: /home/bobby/nexon_ws/build/nexon_base
-- Install configuration: ""
-- Execute custom install script
-- Up-to-date symlink: /home/bobby/nexon_ws/install/nexon_base/share/nexon_base/config/ekf.yaml
-- Up-to-date symlink: /home/bobby/nexon_ws/install/nexon_base/share/ament_index/resource_index/package_run_dependencies/nexon_base
-- Up-to-date symlink: /home/bobby/nexon_ws/install/nexon_base/share/ament_index/resource_index/parent_prefix_path/nexon_base
-- Up-to-date symlink: /home/bobby/nexon_ws/install/nexon_base/share/nexon_base/environment/ament_prefix_path.sh
-- Up-to-date symlink: /home/bobby/nexon_ws/install/nexon_base/share/nexon_base/environment/ament_prefix_path.dsv
-- Up-to-date symlink: /home/bobby/nexon_ws/install/nexon_base/share/nexon_base/environment/path.sh
-- Up-to-date symlink: /home/bobby/nexon_ws/install/nexon_base/share/nexon_base/environment/path.dsv
-- Up-to-date symlink: /home/bobby/nexon_ws/install/nexon_base/share/nexon_base/local_setup.bash
-- Up-to-date symlink: /home/bobby/nexon_ws/install/nexon_base/share/nexon_base/local_setup.sh
-- Up-to-date symlink: /home/bobby/nexon_ws/install/nexon_base/share/nexon_base/local_setup.zsh
-- Up-to-date symlink: /home/bobby/nexon_ws/install/nexon_base/share/nexon_base/local_setup.dsv
-- Symlinking: /home/bobby/nexon_ws/install/nexon_base/share/nexon_base/package.dsv
-- Up-to-date symlink: /home/bobby/nexon_ws/install/nexon_base/share/ament_index/resource_index/packages/nexon_base
-- Up-to-date symlink: /home/bobby/nexon_ws/install/nexon_base/share/nexon_base/cmake/nexon_baseConfig.cmake
-- Up-to-date symlink: /home/bobby/nexon_ws/install/nexon_base/share/nexon_base/cmake/nexon_baseConfig-version.cmake
-- Up-to-date symlink: /home/bobby/nexon_ws/install/nexon_base/share/nexon_base/package.xml
