[0.026s] Invoking command in '/home/bobby/nexon_ws/build/nexon_base': CMAKE_PREFIX_PATH=${CMAKE_PREFIX_PATH}:/home/bobby/nexon_ws/install/imu_kalman_pkg:/home/bobby/nexon_ws/install/gamepad_pkg:/home/bobby/nexon_ws/install/gamepad_bt_pkg:/home/bobby/nexon_ws/install/data_visual:/opt/ros/humble /usr/bin/cmake /home/bobby/nexon_ws/src/nexon/nexon_base -DAMENT_CMAKE_SYMLINK_INSTALL=1 -DCMAKE_INSTALL_PREFIX=/home/bobby/nexon_ws/install/nexon_base
[0.191s] -- The C compiler identification is GNU 11.4.0
[0.288s] -- The CXX compiler identification is GNU 11.4.0
[0.298s] -- Detecting C compiler ABI info
[0.411s] -- Detecting C compiler ABI info - done
[0.427s] -- Check for working C compiler: /usr/bin/cc - skipped
[0.427s] -- Detecting C compile features
[0.430s] -- Detecting C compile features - done
[0.431s] -- Detecting CXX compiler ABI info
[0.616s] -- Detecting CXX compiler ABI info - done
[0.643s] -- Check for working CXX compiler: /usr/bin/c++ - skipped
[0.644s] -- Detecting CXX compile features
[0.644s] -- Detecting CXX compile features - done
[0.668s] -- Found ament_cmake: 1.3.12 (/opt/ros/humble/share/ament_cmake/cmake)
[1.131s] -- Found Python3: /usr/bin/python3 (found version "3.10.12") found components: Interpreter 
[1.397s] -- Override CMake install command with custom implementation using symlinks instead of copying resources
[1.643s] -- Configuring done
[1.647s] -- Generating done
[1.648s] -- Build files have been written to: /home/bobby/nexon_ws/build/nexon_base
[1.658s] Invoked command in '/home/bobby/nexon_ws/build/nexon_base' returned '0': CMAKE_PREFIX_PATH=${CMAKE_PREFIX_PATH}:/home/bobby/nexon_ws/install/imu_kalman_pkg:/home/bobby/nexon_ws/install/gamepad_pkg:/home/bobby/nexon_ws/install/gamepad_bt_pkg:/home/bobby/nexon_ws/install/data_visual:/opt/ros/humble /usr/bin/cmake /home/bobby/nexon_ws/src/nexon/nexon_base -DAMENT_CMAKE_SYMLINK_INSTALL=1 -DCMAKE_INSTALL_PREFIX=/home/bobby/nexon_ws/install/nexon_base
[1.659s] Invoking command in '/home/bobby/nexon_ws/build/nexon_base': CMAKE_PREFIX_PATH=${CMAKE_PREFIX_PATH}:/home/bobby/nexon_ws/install/imu_kalman_pkg:/home/bobby/nexon_ws/install/gamepad_pkg:/home/bobby/nexon_ws/install/gamepad_bt_pkg:/home/bobby/nexon_ws/install/data_visual:/opt/ros/humble /usr/bin/cmake --build /home/bobby/nexon_ws/build/nexon_base -- -j4 -l4
[1.727s] Invoked command in '/home/bobby/nexon_ws/build/nexon_base' returned '0': CMAKE_PREFIX_PATH=${CMAKE_PREFIX_PATH}:/home/bobby/nexon_ws/install/imu_kalman_pkg:/home/bobby/nexon_ws/install/gamepad_pkg:/home/bobby/nexon_ws/install/gamepad_bt_pkg:/home/bobby/nexon_ws/install/data_visual:/opt/ros/humble /usr/bin/cmake --build /home/bobby/nexon_ws/build/nexon_base -- -j4 -l4
[1.727s] Invoking command in '/home/bobby/nexon_ws/build/nexon_base': CMAKE_PREFIX_PATH=${CMAKE_PREFIX_PATH}:/home/bobby/nexon_ws/install/imu_kalman_pkg:/home/bobby/nexon_ws/install/gamepad_pkg:/home/bobby/nexon_ws/install/gamepad_bt_pkg:/home/bobby/nexon_ws/install/data_visual:/opt/ros/humble /usr/bin/cmake --install /home/bobby/nexon_ws/build/nexon_base
[1.736s] -- Install configuration: ""
[1.737s] -- Execute custom install script
[1.738s] -- Symlinking: /home/bobby/nexon_ws/install/nexon_base/share/nexon_base/config/ekf.yaml
[1.762s] -- Symlinking: /home/bobby/nexon_ws/install/nexon_base/share/ament_index/resource_index/package_run_dependencies/nexon_base
[1.794s] -- Symlinking: /home/bobby/nexon_ws/install/nexon_base/share/ament_index/resource_index/parent_prefix_path/nexon_base
[1.815s] -- Symlinking: /home/bobby/nexon_ws/install/nexon_base/share/nexon_base/environment/ament_prefix_path.sh
[1.835s] -- Symlinking: /home/bobby/nexon_ws/install/nexon_base/share/nexon_base/environment/ament_prefix_path.dsv
[1.847s] -- Symlinking: /home/bobby/nexon_ws/install/nexon_base/share/nexon_base/environment/path.sh
[1.871s] -- Symlinking: /home/bobby/nexon_ws/install/nexon_base/share/nexon_base/environment/path.dsv
[1.888s] -- Symlinking: /home/bobby/nexon_ws/install/nexon_base/share/nexon_base/local_setup.bash
[1.903s] -- Symlinking: /home/bobby/nexon_ws/install/nexon_base/share/nexon_base/local_setup.sh
[1.917s] -- Symlinking: /home/bobby/nexon_ws/install/nexon_base/share/nexon_base/local_setup.zsh
[1.930s] -- Symlinking: /home/bobby/nexon_ws/install/nexon_base/share/nexon_base/local_setup.dsv
[1.954s] -- Symlinking: /home/bobby/nexon_ws/install/nexon_base/share/nexon_base/package.dsv
[1.978s] -- Symlinking: /home/bobby/nexon_ws/install/nexon_base/share/ament_index/resource_index/packages/nexon_base
[1.999s] -- Symlinking: /home/bobby/nexon_ws/install/nexon_base/share/nexon_base/cmake/nexon_baseConfig.cmake
[2.025s] -- Symlinking: /home/bobby/nexon_ws/install/nexon_base/share/nexon_base/cmake/nexon_baseConfig-version.cmake
[2.039s] -- Symlinking: /home/bobby/nexon_ws/install/nexon_base/share/nexon_base/package.xml
[2.065s] Invoked command in '/home/bobby/nexon_ws/build/nexon_base' returned '0': CMAKE_PREFIX_PATH=${CMAKE_PREFIX_PATH}:/home/bobby/nexon_ws/install/imu_kalman_pkg:/home/bobby/nexon_ws/install/gamepad_pkg:/home/bobby/nexon_ws/install/gamepad_bt_pkg:/home/bobby/nexon_ws/install/data_visual:/opt/ros/humble /usr/bin/cmake --install /home/bobby/nexon_ws/build/nexon_base
