[1.295s] Invoking command in '/home/bobby/nexon_ws/src/gamepad_bt_pkg': PYTHONPATH=/home/bobby/nexon_ws/build/gamepad_bt_pkg/prefix_override:/usr/lib/python3/dist-packages/colcon_core/task/python/colcon_distutils_commands:/home/bobby/nexon_ws/install/gamepad_bt_pkg/lib/python3.10/site-packages:${PYTHONPATH} /usr/bin/python3 -W ignore:setup.py install is deprecated -W ignore:easy_install command is deprecated setup.py egg_info --egg-base ../../build/gamepad_bt_pkg build --build-base /home/bobby/nexon_ws/build/gamepad_bt_pkg/build install --record /home/bobby/nexon_ws/build/gamepad_bt_pkg/install.log --single-version-externally-managed install_data
[1.655s] running egg_info
[1.655s] writing ../../build/gamepad_bt_pkg/gamepad_bt_pkg.egg-info/PKG-INFO
[1.656s] writing dependency_links to ../../build/gamepad_bt_pkg/gamepad_bt_pkg.egg-info/dependency_links.txt
[1.656s] writing entry points to ../../build/gamepad_bt_pkg/gamepad_bt_pkg.egg-info/entry_points.txt
[1.661s] writing requirements to ../../build/gamepad_bt_pkg/gamepad_bt_pkg.egg-info/requires.txt
[1.661s] writing top-level names to ../../build/gamepad_bt_pkg/gamepad_bt_pkg.egg-info/top_level.txt
[1.661s] reading manifest file '../../build/gamepad_bt_pkg/gamepad_bt_pkg.egg-info/SOURCES.txt'
[1.662s] adding license file 'LICENSE'
[1.664s] writing manifest file '../../build/gamepad_bt_pkg/gamepad_bt_pkg.egg-info/SOURCES.txt'
[1.664s] running build
[1.664s] running build_py
[1.668s] running install
[1.668s] running install_lib
[1.674s] running install_data
[1.674s] running install_egg_info
[1.674s] removing '/home/bobby/nexon_ws/install/gamepad_bt_pkg/lib/python3.10/site-packages/gamepad_bt_pkg-0.0.0-py3.10.egg-info' (and everything under it)
[1.676s] Copying ../../build/gamepad_bt_pkg/gamepad_bt_pkg.egg-info to /home/bobby/nexon_ws/install/gamepad_bt_pkg/lib/python3.10/site-packages/gamepad_bt_pkg-0.0.0-py3.10.egg-info
[1.677s] running install_scripts
[1.737s] Installing gamepad_bt script to /home/bobby/nexon_ws/install/gamepad_bt_pkg/lib/gamepad_bt_pkg
[1.737s] writing list of installed files to '/home/bobby/nexon_ws/build/gamepad_bt_pkg/install.log'
[1.754s] Invoked command in '/home/bobby/nexon_ws/src/gamepad_bt_pkg' returned '0': PYTHONPATH=/home/bobby/nexon_ws/build/gamepad_bt_pkg/prefix_override:/usr/lib/python3/dist-packages/colcon_core/task/python/colcon_distutils_commands:/home/bobby/nexon_ws/install/gamepad_bt_pkg/lib/python3.10/site-packages:${PYTHONPATH} /usr/bin/python3 -W ignore:setup.py install is deprecated -W ignore:easy_install command is deprecated setup.py egg_info --egg-base ../../build/gamepad_bt_pkg build --build-base /home/bobby/nexon_ws/build/gamepad_bt_pkg/build install --record /home/bobby/nexon_ws/build/gamepad_bt_pkg/install.log --single-version-externally-managed install_data
