[0.011s] Invoking command in '/home/bobby/nexon_ws/build/nexon': CMAKE_PREFIX_PATH=/home/bobby/nexon_ws/install/sllidar_ros2:/home/bobby/nexon_ws/install/nexon_navigation:/home/bobby/nexon_ws/install/nexon_description:/home/bobby/nexon_ws/install/nexon_bringup:/home/bobby/nexon_ws/install/nexon_base:/home/bobby/nexon_ws/install/nexon:/home/bobby/nexon_ws/install/lock_system:/home/bobby/nexon_ws/install/imu_kalman_pkg:/home/bobby/nexon_ws/install/gamepad_pkg:/home/bobby/nexon_ws/install/gamepad_bt_pkg:/home/bobby/nexon_ws/install/data_visual:/opt/ros/humble:/home/bobby/nexon_ws/install/nav2_dstar_lite:/home/bobby/nexon_ws/install/micro_ros_setup:/home/bobby/nexon_ws/install/micro_ros_agent /usr/bin/cmake --build /home/bobby/nexon_ws/build/nexon -- -j4 -l4
[0.050s] Invoked command in '/home/bobby/nexon_ws/build/nexon' returned '0': CMAKE_PREFIX_PATH=/home/bobby/nexon_ws/install/sllidar_ros2:/home/bobby/nexon_ws/install/nexon_navigation:/home/bobby/nexon_ws/install/nexon_description:/home/bobby/nexon_ws/install/nexon_bringup:/home/bobby/nexon_ws/install/nexon_base:/home/bobby/nexon_ws/install/nexon:/home/bobby/nexon_ws/install/lock_system:/home/bobby/nexon_ws/install/imu_kalman_pkg:/home/bobby/nexon_ws/install/gamepad_pkg:/home/bobby/nexon_ws/install/gamepad_bt_pkg:/home/bobby/nexon_ws/install/data_visual:/opt/ros/humble:/home/bobby/nexon_ws/install/nav2_dstar_lite:/home/bobby/nexon_ws/install/micro_ros_setup:/home/bobby/nexon_ws/install/micro_ros_agent /usr/bin/cmake --build /home/bobby/nexon_ws/build/nexon -- -j4 -l4
[0.051s] Invoking command in '/home/bobby/nexon_ws/build/nexon': CMAKE_PREFIX_PATH=/home/bobby/nexon_ws/install/sllidar_ros2:/home/bobby/nexon_ws/install/nexon_navigation:/home/bobby/nexon_ws/install/nexon_description:/home/bobby/nexon_ws/install/nexon_bringup:/home/bobby/nexon_ws/install/nexon_base:/home/bobby/nexon_ws/install/nexon:/home/bobby/nexon_ws/install/lock_system:/home/bobby/nexon_ws/install/imu_kalman_pkg:/home/bobby/nexon_ws/install/gamepad_pkg:/home/bobby/nexon_ws/install/gamepad_bt_pkg:/home/bobby/nexon_ws/install/data_visual:/opt/ros/humble:/home/bobby/nexon_ws/install/nav2_dstar_lite:/home/bobby/nexon_ws/install/micro_ros_setup:/home/bobby/nexon_ws/install/micro_ros_agent /usr/bin/cmake --install /home/bobby/nexon_ws/build/nexon
[0.059s] -- Install configuration: ""
[0.062s] -- Execute custom install script
[0.062s] -- Up-to-date symlink: /home/bobby/nexon_ws/install/nexon/share/ament_index/resource_index/package_run_dependencies/nexon
[0.062s] -- Up-to-date symlink: /home/bobby/nexon_ws/install/nexon/share/ament_index/resource_index/parent_prefix_path/nexon
[0.062s] -- Up-to-date symlink: /home/bobby/nexon_ws/install/nexon/share/nexon/environment/ament_prefix_path.sh
[0.063s] -- Up-to-date symlink: /home/bobby/nexon_ws/install/nexon/share/nexon/environment/ament_prefix_path.dsv
[0.063s] -- Up-to-date symlink: /home/bobby/nexon_ws/install/nexon/share/nexon/environment/path.sh
[0.063s] -- Up-to-date symlink: /home/bobby/nexon_ws/install/nexon/share/nexon/environment/path.dsv
[0.063s] -- Up-to-date symlink: /home/bobby/nexon_ws/install/nexon/share/nexon/local_setup.bash
[0.063s] -- Up-to-date symlink: /home/bobby/nexon_ws/install/nexon/share/nexon/local_setup.sh
[0.063s] -- Up-to-date symlink: /home/bobby/nexon_ws/install/nexon/share/nexon/local_setup.zsh
[0.063s] -- Up-to-date symlink: /home/bobby/nexon_ws/install/nexon/share/nexon/local_setup.dsv
[0.063s] -- Symlinking: /home/bobby/nexon_ws/install/nexon/share/nexon/package.dsv
[0.085s] -- Up-to-date symlink: /home/bobby/nexon_ws/install/nexon/share/ament_index/resource_index/packages/nexon
[0.085s] -- Up-to-date symlink: /home/bobby/nexon_ws/install/nexon/share/nexon/cmake/nexonConfig.cmake
[0.085s] -- Up-to-date symlink: /home/bobby/nexon_ws/install/nexon/share/nexon/cmake/nexonConfig-version.cmake
[0.085s] -- Up-to-date symlink: /home/bobby/nexon_ws/install/nexon/share/nexon/package.xml
[0.101s] Invoked command in '/home/bobby/nexon_ws/build/nexon' returned '0': CMAKE_PREFIX_PATH=/home/bobby/nexon_ws/install/sllidar_ros2:/home/bobby/nexon_ws/install/nexon_navigation:/home/bobby/nexon_ws/install/nexon_description:/home/bobby/nexon_ws/install/nexon_bringup:/home/bobby/nexon_ws/install/nexon_base:/home/bobby/nexon_ws/install/nexon:/home/bobby/nexon_ws/install/lock_system:/home/bobby/nexon_ws/install/imu_kalman_pkg:/home/bobby/nexon_ws/install/gamepad_pkg:/home/bobby/nexon_ws/install/gamepad_bt_pkg:/home/bobby/nexon_ws/install/data_visual:/opt/ros/humble:/home/bobby/nexon_ws/install/nav2_dstar_lite:/home/bobby/nexon_ws/install/micro_ros_setup:/home/bobby/nexon_ws/install/micro_ros_agent /usr/bin/cmake --install /home/bobby/nexon_ws/build/nexon
