-- Install configuration: ""
-- Up-to-date: /home/bobby/nexon_ws/install/nexon_bringup/share/nexon_bringup/launch
-- Up-to-date: /home/bobby/nexon_ws/install/nexon_bringup/share/nexon_bringup/launch/default_robot.launch.py
-- Up-to-date: /home/bobby/nexon_ws/install/nexon_bringup/share/nexon_bringup/launch/depth.launch.py
-- Up-to-date: /home/bobby/nexon_ws/install/nexon_bringup/share/nexon_bringup/launch/bringup.launch.py
-- Up-to-date: /home/bobby/nexon_ws/install/nexon_bringup/share/nexon_bringup/launch/extra.launch.py
-- Up-to-date: /home/bobby/nexon_ws/install/nexon_bringup/share/nexon_bringup/launch/sensors.launch.py
-- Up-to-date: /home/bobby/nexon_ws/install/nexon_bringup/share/nexon_bringup/launch/lasers.launch.py
-- Up-to-date: /home/bobby/nexon_ws/install/nexon_bringup/share/nexon_bringup/launch/joy_teleop.launch.py
-- Up-to-date: /home/bobby/nexon_ws/install/nexon_bringup/share/nexon_bringup/launch/custom_robot.launch.py
-- Up-to-date: /home/bobby/nexon_ws/install/nexon_bringup/share/nexon_bringup/launch/realsense_obstacle.launch.py
-- Up-to-date: /home/bobby/nexon_ws/install/nexon_bringup/share/nexon_bringup/config
-- Up-to-date: /home/bobby/nexon_ws/install/nexon_bringup/share/nexon_bringup/config/joy.yaml
-- Up-to-date: /home/bobby/nexon_ws/install/nexon_bringup/share/nexon_bringup/config/box_laser_filter.yaml
-- Up-to-date: /home/bobby/nexon_ws/install/nexon_bringup/share/nexon_bringup/config/fake_laser.yaml
-- Up-to-date: /home/bobby/nexon_ws/install/nexon_bringup/share/nexon_bringup/config/zed_common.yaml
-- Up-to-date: /home/bobby/nexon_ws/install/nexon_bringup/share/ament_index/resource_index/package_run_dependencies/nexon_bringup
-- Up-to-date: /home/bobby/nexon_ws/install/nexon_bringup/share/ament_index/resource_index/parent_prefix_path/nexon_bringup
-- Up-to-date: /home/bobby/nexon_ws/install/nexon_bringup/share/nexon_bringup/environment/ament_prefix_path.sh
-- Up-to-date: /home/bobby/nexon_ws/install/nexon_bringup/share/nexon_bringup/environment/ament_prefix_path.dsv
-- Up-to-date: /home/bobby/nexon_ws/install/nexon_bringup/share/nexon_bringup/environment/path.sh
-- Up-to-date: /home/bobby/nexon_ws/install/nexon_bringup/share/nexon_bringup/environment/path.dsv
-- Up-to-date: /home/bobby/nexon_ws/install/nexon_bringup/share/nexon_bringup/local_setup.bash
-- Up-to-date: /home/bobby/nexon_ws/install/nexon_bringup/share/nexon_bringup/local_setup.sh
-- Up-to-date: /home/bobby/nexon_ws/install/nexon_bringup/share/nexon_bringup/local_setup.zsh
-- Up-to-date: /home/bobby/nexon_ws/install/nexon_bringup/share/nexon_bringup/local_setup.dsv
-- Up-to-date: /home/bobby/nexon_ws/install/nexon_bringup/share/nexon_bringup/package.dsv
-- Up-to-date: /home/bobby/nexon_ws/install/nexon_bringup/share/ament_index/resource_index/packages/nexon_bringup
-- Up-to-date: /home/bobby/nexon_ws/install/nexon_bringup/share/nexon_bringup/cmake/nexon_bringupConfig.cmake
-- Up-to-date: /home/bobby/nexon_ws/install/nexon_bringup/share/nexon_bringup/cmake/nexon_bringupConfig-version.cmake
-- Up-to-date: /home/bobby/nexon_ws/install/nexon_bringup/share/nexon_bringup/package.xml
