[0.023s] Invoking command in '/home/bobby/nexon_ws/build/nexon_bringup': AMENT_PREFIX_PATH=/home/bobby/nexon_ws/install/micro_ros_agent:${AMENT_PREFIX_PATH} CMAKE_PREFIX_PATH=/home/bobby/nexon_ws/install/micro_ros_agent:/opt/ros/humble LD_LIBRARY_PATH=/home/bobby/nexon_ws/install/micro_ros_agent/lib:${LD_LIBRARY_PATH} /usr/bin/cmake --build /home/bobby/nexon_ws/build/nexon_bringup -- -j4 -l4
[0.056s] Invoked command in '/home/bobby/nexon_ws/build/nexon_bringup' returned '0': AMENT_PREFIX_PATH=/home/bobby/nexon_ws/install/micro_ros_agent:${AMENT_PREFIX_PATH} CMAKE_PREFIX_PATH=/home/bobby/nexon_ws/install/micro_ros_agent:/opt/ros/humble LD_LIBRARY_PATH=/home/bobby/nexon_ws/install/micro_ros_agent/lib:${LD_LIBRARY_PATH} /usr/bin/cmake --build /home/bobby/nexon_ws/build/nexon_bringup -- -j4 -l4
[0.057s] Invoking command in '/home/bobby/nexon_ws/build/nexon_bringup': AMENT_PREFIX_PATH=/home/bobby/nexon_ws/install/micro_ros_agent:${AMENT_PREFIX_PATH} CMAKE_PREFIX_PATH=/home/bobby/nexon_ws/install/micro_ros_agent:/opt/ros/humble LD_LIBRARY_PATH=/home/bobby/nexon_ws/install/micro_ros_agent/lib:${LD_LIBRARY_PATH} /usr/bin/cmake --install /home/bobby/nexon_ws/build/nexon_bringup
[0.065s] -- Install configuration: ""
[0.066s] -- Up-to-date: /home/bobby/nexon_ws/install/nexon_bringup/share/nexon_bringup/launch
[0.066s] -- Up-to-date: /home/bobby/nexon_ws/install/nexon_bringup/share/nexon_bringup/launch/default_robot.launch.py
[0.066s] -- Up-to-date: /home/bobby/nexon_ws/install/nexon_bringup/share/nexon_bringup/launch/depth.launch.py
[0.066s] -- Up-to-date: /home/bobby/nexon_ws/install/nexon_bringup/share/nexon_bringup/launch/bringup.launch.py
[0.066s] -- Up-to-date: /home/bobby/nexon_ws/install/nexon_bringup/share/nexon_bringup/launch/extra.launch.py
[0.066s] -- Up-to-date: /home/bobby/nexon_ws/install/nexon_bringup/share/nexon_bringup/launch/sensors.launch.py
[0.066s] -- Up-to-date: /home/bobby/nexon_ws/install/nexon_bringup/share/nexon_bringup/launch/lasers.launch.py
[0.066s] -- Up-to-date: /home/bobby/nexon_ws/install/nexon_bringup/share/nexon_bringup/launch/joy_teleop.launch.py
[0.066s] -- Up-to-date: /home/bobby/nexon_ws/install/nexon_bringup/share/nexon_bringup/launch/custom_robot.launch.py
[0.066s] -- Up-to-date: /home/bobby/nexon_ws/install/nexon_bringup/share/nexon_bringup/launch/realsense_obstacle.launch.py
[0.066s] -- Up-to-date: /home/bobby/nexon_ws/install/nexon_bringup/share/nexon_bringup/config
[0.066s] -- Up-to-date: /home/bobby/nexon_ws/install/nexon_bringup/share/nexon_bringup/config/joy.yaml
[0.066s] -- Up-to-date: /home/bobby/nexon_ws/install/nexon_bringup/share/nexon_bringup/config/box_laser_filter.yaml
[0.066s] -- Up-to-date: /home/bobby/nexon_ws/install/nexon_bringup/share/nexon_bringup/config/fake_laser.yaml
[0.067s] -- Up-to-date: /home/bobby/nexon_ws/install/nexon_bringup/share/nexon_bringup/config/zed_common.yaml
[0.067s] -- Up-to-date: /home/bobby/nexon_ws/install/nexon_bringup/share/ament_index/resource_index/package_run_dependencies/nexon_bringup
[0.067s] -- Up-to-date: /home/bobby/nexon_ws/install/nexon_bringup/share/ament_index/resource_index/parent_prefix_path/nexon_bringup
[0.067s] -- Up-to-date: /home/bobby/nexon_ws/install/nexon_bringup/share/nexon_bringup/environment/ament_prefix_path.sh
[0.067s] -- Up-to-date: /home/bobby/nexon_ws/install/nexon_bringup/share/nexon_bringup/environment/ament_prefix_path.dsv
[0.067s] -- Up-to-date: /home/bobby/nexon_ws/install/nexon_bringup/share/nexon_bringup/environment/path.sh
[0.067s] -- Up-to-date: /home/bobby/nexon_ws/install/nexon_bringup/share/nexon_bringup/environment/path.dsv
[0.067s] -- Up-to-date: /home/bobby/nexon_ws/install/nexon_bringup/share/nexon_bringup/local_setup.bash
[0.067s] -- Up-to-date: /home/bobby/nexon_ws/install/nexon_bringup/share/nexon_bringup/local_setup.sh
[0.067s] -- Up-to-date: /home/bobby/nexon_ws/install/nexon_bringup/share/nexon_bringup/local_setup.zsh
[0.067s] -- Up-to-date: /home/bobby/nexon_ws/install/nexon_bringup/share/nexon_bringup/local_setup.dsv
[0.067s] -- Up-to-date: /home/bobby/nexon_ws/install/nexon_bringup/share/nexon_bringup/package.dsv
[0.067s] -- Up-to-date: /home/bobby/nexon_ws/install/nexon_bringup/share/ament_index/resource_index/packages/nexon_bringup
[0.067s] -- Up-to-date: /home/bobby/nexon_ws/install/nexon_bringup/share/nexon_bringup/cmake/nexon_bringupConfig.cmake
[0.067s] -- Up-to-date: /home/bobby/nexon_ws/install/nexon_bringup/share/nexon_bringup/cmake/nexon_bringupConfig-version.cmake
[0.067s] -- Up-to-date: /home/bobby/nexon_ws/install/nexon_bringup/share/nexon_bringup/package.xml
[0.071s] Invoked command in '/home/bobby/nexon_ws/build/nexon_bringup' returned '0': AMENT_PREFIX_PATH=/home/bobby/nexon_ws/install/micro_ros_agent:${AMENT_PREFIX_PATH} CMAKE_PREFIX_PATH=/home/bobby/nexon_ws/install/micro_ros_agent:/opt/ros/humble LD_LIBRARY_PATH=/home/bobby/nexon_ws/install/micro_ros_agent/lib:${LD_LIBRARY_PATH} /usr/bin/cmake --install /home/bobby/nexon_ws/build/nexon_bringup
