running egg_info
writing ../../build/gamepad_pkg/gamepad_pkg.egg-info/PKG-INFO
writing dependency_links to ../../build/gamepad_pkg/gamepad_pkg.egg-info/dependency_links.txt
writing entry points to ../../build/gamepad_pkg/gamepad_pkg.egg-info/entry_points.txt
writing requirements to ../../build/gamepad_pkg/gamepad_pkg.egg-info/requires.txt
writing top-level names to ../../build/gamepad_pkg/gamepad_pkg.egg-info/top_level.txt
reading manifest file '../../build/gamepad_pkg/gamepad_pkg.egg-info/SOURCES.txt'
adding license file 'LICENSE'
writing manifest file '../../build/gamepad_pkg/gamepad_pkg.egg-info/SOURCES.txt'
running build
running build_py
running install
running install_lib
running install_data
running install_egg_info
removing '/home/bobby/nexon_ws/install/gamepad_pkg/lib/python3.10/site-packages/gamepad_pkg-0.0.0-py3.10.egg-info' (and everything under it)
Copying ../../build/gamepad_pkg/gamepad_pkg.egg-info to /home/bobby/nexon_ws/install/gamepad_pkg/lib/python3.10/site-packages/gamepad_pkg-0.0.0-py3.10.egg-info
running install_scripts
Installing gamepad_testing script to /home/bobby/nexon_ws/install/gamepad_pkg/lib/gamepad_pkg
writing list of installed files to '/home/bobby/nexon_ws/build/gamepad_pkg/install.log'
