[1.247s] Invoking command in '/home/bobby/nexon_ws/src/gamepad_pkg': PYTHONPATH=/home/bobby/nexon_ws/build/gamepad_pkg/prefix_override:/usr/lib/python3/dist-packages/colcon_core/task/python/colcon_distutils_commands:/home/bobby/nexon_ws/install/gamepad_pkg/lib/python3.10/site-packages:${PYTHONPATH} /usr/bin/python3 -W ignore:setup.py install is deprecated -W ignore:easy_install command is deprecated setup.py egg_info --egg-base ../../build/gamepad_pkg build --build-base /home/bobby/nexon_ws/build/gamepad_pkg/build install --record /home/bobby/nexon_ws/build/gamepad_pkg/install.log --single-version-externally-managed install_data
[1.575s] running egg_info
[1.575s] writing ../../build/gamepad_pkg/gamepad_pkg.egg-info/PKG-INFO
[1.576s] writing dependency_links to ../../build/gamepad_pkg/gamepad_pkg.egg-info/dependency_links.txt
[1.576s] writing entry points to ../../build/gamepad_pkg/gamepad_pkg.egg-info/entry_points.txt
[1.577s] writing requirements to ../../build/gamepad_pkg/gamepad_pkg.egg-info/requires.txt
[1.577s] writing top-level names to ../../build/gamepad_pkg/gamepad_pkg.egg-info/top_level.txt
[1.581s] reading manifest file '../../build/gamepad_pkg/gamepad_pkg.egg-info/SOURCES.txt'
[1.581s] adding license file 'LICENSE'
[1.581s] writing manifest file '../../build/gamepad_pkg/gamepad_pkg.egg-info/SOURCES.txt'
[1.581s] running build
[1.581s] running build_py
[1.582s] running install
[1.583s] running install_lib
[1.585s] running install_data
[1.585s] running install_egg_info
[1.594s] removing '/home/bobby/nexon_ws/install/gamepad_pkg/lib/python3.10/site-packages/gamepad_pkg-0.0.0-py3.10.egg-info' (and everything under it)
[1.595s] Copying ../../build/gamepad_pkg/gamepad_pkg.egg-info to /home/bobby/nexon_ws/install/gamepad_pkg/lib/python3.10/site-packages/gamepad_pkg-0.0.0-py3.10.egg-info
[1.595s] running install_scripts
[1.635s] Installing gamepad_testing script to /home/bobby/nexon_ws/install/gamepad_pkg/lib/gamepad_pkg
[1.638s] writing list of installed files to '/home/bobby/nexon_ws/build/gamepad_pkg/install.log'
[1.876s] Invoked command in '/home/bobby/nexon_ws/src/gamepad_pkg' returned '0': PYTHONPATH=/home/bobby/nexon_ws/build/gamepad_pkg/prefix_override:/usr/lib/python3/dist-packages/colcon_core/task/python/colcon_distutils_commands:/home/bobby/nexon_ws/install/gamepad_pkg/lib/python3.10/site-packages:${PYTHONPATH} /usr/bin/python3 -W ignore:setup.py install is deprecated -W ignore:easy_install command is deprecated setup.py egg_info --egg-base ../../build/gamepad_pkg build --build-base /home/bobby/nexon_ws/build/gamepad_pkg/build install --record /home/bobby/nexon_ws/build/gamepad_pkg/install.log --single-version-externally-managed install_data
