[0.047s] Invoking command in '/home/bobby/nexon_ws/build/nexon_base': CMAKE_PREFIX_PATH=/opt/ros/humble /usr/bin/cmake --build /home/bobby/nexon_ws/build/nexon_base -- -j4 -l4
[0.127s] Invoked command in '/home/bobby/nexon_ws/build/nexon_base' returned '0': CMAKE_PREFIX_PATH=/opt/ros/humble /usr/bin/cmake --build /home/bobby/nexon_ws/build/nexon_base -- -j4 -l4
[0.130s] Invoking command in '/home/bobby/nexon_ws/build/nexon_base': CMAKE_PREFIX_PATH=/opt/ros/humble /usr/bin/cmake --install /home/bobby/nexon_ws/build/nexon_base
[0.136s] -- Install configuration: ""
[0.136s] -- Execute custom install script
[0.137s] -- Up-to-date symlink: /home/bobby/nexon_ws/install/nexon_base/share/nexon_base/config/ekf.yaml
[0.137s] -- Up-to-date symlink: /home/bobby/nexon_ws/install/nexon_base/share/ament_index/resource_index/package_run_dependencies/nexon_base
[0.138s] -- Up-to-date symlink: /home/bobby/nexon_ws/install/nexon_base/share/ament_index/resource_index/parent_prefix_path/nexon_base
[0.138s] -- Up-to-date symlink: /home/bobby/nexon_ws/install/nexon_base/share/nexon_base/environment/ament_prefix_path.sh
[0.138s] -- Up-to-date symlink: /home/bobby/nexon_ws/install/nexon_base/share/nexon_base/environment/ament_prefix_path.dsv
[0.139s] -- Up-to-date symlink: /home/bobby/nexon_ws/install/nexon_base/share/nexon_base/environment/path.sh
[0.139s] -- Up-to-date symlink: /home/bobby/nexon_ws/install/nexon_base/share/nexon_base/environment/path.dsv
[0.139s] -- Up-to-date symlink: /home/bobby/nexon_ws/install/nexon_base/share/nexon_base/local_setup.bash
[0.139s] -- Up-to-date symlink: /home/bobby/nexon_ws/install/nexon_base/share/nexon_base/local_setup.sh
[0.140s] -- Up-to-date symlink: /home/bobby/nexon_ws/install/nexon_base/share/nexon_base/local_setup.zsh
[0.140s] -- Up-to-date symlink: /home/bobby/nexon_ws/install/nexon_base/share/nexon_base/local_setup.dsv
[0.140s] -- Symlinking: /home/bobby/nexon_ws/install/nexon_base/share/nexon_base/package.dsv
[0.153s] -- Up-to-date symlink: /home/bobby/nexon_ws/install/nexon_base/share/ament_index/resource_index/packages/nexon_base
[0.153s] -- Up-to-date symlink: /home/bobby/nexon_ws/install/nexon_base/share/nexon_base/cmake/nexon_baseConfig.cmake
[0.153s] -- Up-to-date symlink: /home/bobby/nexon_ws/install/nexon_base/share/nexon_base/cmake/nexon_baseConfig-version.cmake
[0.153s] -- Up-to-date symlink: /home/bobby/nexon_ws/install/nexon_base/share/nexon_base/package.xml
[0.166s] Invoked command in '/home/bobby/nexon_ws/build/nexon_base' returned '0': CMAKE_PREFIX_PATH=/opt/ros/humble /usr/bin/cmake --install /home/bobby/nexon_ws/build/nexon_base
