[1.406s] Invoking command in '/home/bobby/nexon_ws/build/gamepad_bt_pkg': PYTHONPATH=/home/bobby/nexon_ws/build/gamepad_bt_pkg/prefix_override:/usr/lib/python3/dist-packages/colcon_core/task/python/colcon_distutils_commands:/home/bobby/nexon_ws/install/gamepad_bt_pkg/lib/python3.10/site-packages:${PYTHONPATH} /usr/bin/python3 -W ignore:setup.py install is deprecated -W ignore:easy_install command is deprecated setup.py develop --uninstall --editable --build-directory /home/bobby/nexon_ws/build/gamepad_bt_pkg/build
[1.764s] running develop
[2.029s] Removing /home/bobby/nexon_ws/install/gamepad_bt_pkg/lib/python3.10/site-packages/gamepad-bt-pkg.egg-link (link to .)
[2.082s] Invoked command in '/home/bobby/nexon_ws/build/gamepad_bt_pkg' returned '0': PYTHONPATH=/home/bobby/nexon_ws/build/gamepad_bt_pkg/prefix_override:/usr/lib/python3/dist-packages/colcon_core/task/python/colcon_distutils_commands:/home/bobby/nexon_ws/install/gamepad_bt_pkg/lib/python3.10/site-packages:${PYTHONPATH} /usr/bin/python3 -W ignore:setup.py install is deprecated -W ignore:easy_install command is deprecated setup.py develop --uninstall --editable --build-directory /home/bobby/nexon_ws/build/gamepad_bt_pkg/build
[2.083s] Invoking command in '/home/bobby/nexon_ws/src/gamepad_bt_pkg': PYTHONPATH=/home/bobby/nexon_ws/build/gamepad_bt_pkg/prefix_override:/usr/lib/python3/dist-packages/colcon_core/task/python/colcon_distutils_commands:/home/bobby/nexon_ws/install/gamepad_bt_pkg/lib/python3.10/site-packages:${PYTHONPATH} /usr/bin/python3 -W ignore:setup.py install is deprecated -W ignore:easy_install command is deprecated setup.py egg_info --egg-base ../../build/gamepad_bt_pkg build --build-base /home/bobby/nexon_ws/build/gamepad_bt_pkg/build install --record /home/bobby/nexon_ws/build/gamepad_bt_pkg/install.log --single-version-externally-managed install_data --force
[2.415s] running egg_info
[2.416s] writing ../../build/gamepad_bt_pkg/gamepad_bt_pkg.egg-info/PKG-INFO
[2.416s] writing dependency_links to ../../build/gamepad_bt_pkg/gamepad_bt_pkg.egg-info/dependency_links.txt
[2.419s] writing entry points to ../../build/gamepad_bt_pkg/gamepad_bt_pkg.egg-info/entry_points.txt
[2.419s] writing requirements to ../../build/gamepad_bt_pkg/gamepad_bt_pkg.egg-info/requires.txt
[2.419s] writing top-level names to ../../build/gamepad_bt_pkg/gamepad_bt_pkg.egg-info/top_level.txt
[2.420s] reading manifest file '../../build/gamepad_bt_pkg/gamepad_bt_pkg.egg-info/SOURCES.txt'
[2.420s] adding license file 'LICENSE'
[2.426s] writing manifest file '../../build/gamepad_bt_pkg/gamepad_bt_pkg.egg-info/SOURCES.txt'
[2.426s] running build
[2.426s] running build_py
[2.427s] running install
[2.427s] running install_lib
[2.430s] creating /home/bobby/nexon_ws/install/gamepad_bt_pkg/lib/python3.10/site-packages/gamepad_bt_pkg
[2.430s] copying /home/bobby/nexon_ws/build/gamepad_bt_pkg/build/lib/gamepad_bt_pkg/gamepad_bt.py -> /home/bobby/nexon_ws/install/gamepad_bt_pkg/lib/python3.10/site-packages/gamepad_bt_pkg
[2.430s] copying /home/bobby/nexon_ws/build/gamepad_bt_pkg/build/lib/gamepad_bt_pkg/__init__.py -> /home/bobby/nexon_ws/install/gamepad_bt_pkg/lib/python3.10/site-packages/gamepad_bt_pkg
[2.430s] byte-compiling /home/bobby/nexon_ws/install/gamepad_bt_pkg/lib/python3.10/site-packages/gamepad_bt_pkg/gamepad_bt.py to gamepad_bt.cpython-310.pyc
[2.430s] byte-compiling /home/bobby/nexon_ws/install/gamepad_bt_pkg/lib/python3.10/site-packages/gamepad_bt_pkg/__init__.py to __init__.cpython-310.pyc
[2.431s] running install_data
[2.431s] copying resource/gamepad_bt_pkg -> /home/bobby/nexon_ws/install/gamepad_bt_pkg/share/ament_index/resource_index/packages
[2.437s] copying package.xml -> /home/bobby/nexon_ws/install/gamepad_bt_pkg/share/gamepad_bt_pkg
[2.437s] running install_egg_info
[2.438s] Copying ../../build/gamepad_bt_pkg/gamepad_bt_pkg.egg-info to /home/bobby/nexon_ws/install/gamepad_bt_pkg/lib/python3.10/site-packages/gamepad_bt_pkg-0.0.0-py3.10.egg-info
[2.439s] running install_scripts
[2.470s] Installing gamepad_bt script to /home/bobby/nexon_ws/install/gamepad_bt_pkg/lib/gamepad_bt_pkg
[2.471s] writing list of installed files to '/home/bobby/nexon_ws/build/gamepad_bt_pkg/install.log'
[2.527s] Invoked command in '/home/bobby/nexon_ws/src/gamepad_bt_pkg' returned '0': PYTHONPATH=/home/bobby/nexon_ws/build/gamepad_bt_pkg/prefix_override:/usr/lib/python3/dist-packages/colcon_core/task/python/colcon_distutils_commands:/home/bobby/nexon_ws/install/gamepad_bt_pkg/lib/python3.10/site-packages:${PYTHONPATH} /usr/bin/python3 -W ignore:setup.py install is deprecated -W ignore:easy_install command is deprecated setup.py egg_info --egg-base ../../build/gamepad_bt_pkg build --build-base /home/bobby/nexon_ws/build/gamepad_bt_pkg/build install --record /home/bobby/nexon_ws/build/gamepad_bt_pkg/install.log --single-version-externally-managed install_data --force
