[0.027s] Invoking command in '/home/bobby/nexon_ws/build/nexon': CMAKE_PREFIX_PATH=/opt/ros/humble /usr/bin/cmake /home/bobby/nexon_ws/src/nexon/nexon -DCMAKE_INSTALL_PREFIX=/home/bobby/nexon_ws/install/nexon
[0.053s] -- Found ament_cmake: 1.3.12 (/opt/ros/humble/share/ament_cmake/cmake)
[0.335s] -- Override CMake install command with custom implementation using symlinks instead of copying resources
[0.565s] -- Configuring done
[0.573s] -- Generating done
[0.578s] -- Build files have been written to: /home/bobby/nexon_ws/build/nexon
[0.594s] Invoked command in '/home/bobby/nexon_ws/build/nexon' returned '0': CMAKE_PREFIX_PATH=/opt/ros/humble /usr/bin/cmake /home/bobby/nexon_ws/src/nexon/nexon -DCMAKE_INSTALL_PREFIX=/home/bobby/nexon_ws/install/nexon
[0.594s] Invoking command in '/home/bobby/nexon_ws/build/nexon': CMAKE_PREFIX_PATH=/opt/ros/humble /usr/bin/cmake --build /home/bobby/nexon_ws/build/nexon -- -j4 -l4
[0.683s] Invoked command in '/home/bobby/nexon_ws/build/nexon' returned '0': CMAKE_PREFIX_PATH=/opt/ros/humble /usr/bin/cmake --build /home/bobby/nexon_ws/build/nexon -- -j4 -l4
[0.688s] Invoking command in '/home/bobby/nexon_ws/build/nexon': CMAKE_PREFIX_PATH=/opt/ros/humble /usr/bin/cmake --install /home/bobby/nexon_ws/build/nexon
[0.696s] -- Install configuration: ""
[0.696s] -- Execute custom install script
[0.696s] -- Up-to-date symlink: /home/bobby/nexon_ws/install/nexon/share/ament_index/resource_index/package_run_dependencies/nexon
[0.696s] -- Up-to-date symlink: /home/bobby/nexon_ws/install/nexon/share/ament_index/resource_index/parent_prefix_path/nexon
[0.697s] -- Up-to-date symlink: /home/bobby/nexon_ws/install/nexon/share/nexon/environment/ament_prefix_path.sh
[0.697s] -- Up-to-date symlink: /home/bobby/nexon_ws/install/nexon/share/nexon/environment/ament_prefix_path.dsv
[0.697s] -- Up-to-date symlink: /home/bobby/nexon_ws/install/nexon/share/nexon/environment/path.sh
[0.697s] -- Up-to-date symlink: /home/bobby/nexon_ws/install/nexon/share/nexon/environment/path.dsv
[0.699s] -- Up-to-date symlink: /home/bobby/nexon_ws/install/nexon/share/nexon/local_setup.bash
[0.699s] -- Up-to-date symlink: /home/bobby/nexon_ws/install/nexon/share/nexon/local_setup.sh
[0.699s] -- Up-to-date symlink: /home/bobby/nexon_ws/install/nexon/share/nexon/local_setup.zsh
[0.700s] -- Up-to-date symlink: /home/bobby/nexon_ws/install/nexon/share/nexon/local_setup.dsv
[0.700s] -- Symlinking: /home/bobby/nexon_ws/install/nexon/share/nexon/package.dsv
[0.721s] -- Up-to-date symlink: /home/bobby/nexon_ws/install/nexon/share/ament_index/resource_index/packages/nexon
[0.724s] -- Up-to-date symlink: /home/bobby/nexon_ws/install/nexon/share/nexon/cmake/nexonConfig.cmake
[0.724s] -- Up-to-date symlink: /home/bobby/nexon_ws/install/nexon/share/nexon/cmake/nexonConfig-version.cmake
[0.724s] -- Up-to-date symlink: /home/bobby/nexon_ws/install/nexon/share/nexon/package.xml
[0.732s] Invoked command in '/home/bobby/nexon_ws/build/nexon' returned '0': CMAKE_PREFIX_PATH=/opt/ros/humble /usr/bin/cmake --install /home/bobby/nexon_ws/build/nexon
