[0.233s] Invoking command in '/home/bobby/nexon_ws/build/nav2_dstar_lite': /usr/bin/cmake /home/bobby/nexon_ws/src/nav2_dstar_lite -DCATKIN_INSTALL_INTO_PREFIX_ROOT=0 -DCMAKE_INSTALL_PREFIX=/home/bobby/nexon_ws/install/nav2_dstar_lite
[0.248s] -- Found ament_cmake: 1.3.12 (/opt/ros/humble/share/ament_cmake/cmake)
[0.423s] -- Found rclcpp: 16.0.16 (/opt/ros/humble/share/rclcpp/cmake)
[0.509s] -- Found rosidl_generator_c: 3.1.7 (/opt/ros/humble/share/rosidl_generator_c/cmake)
[0.512s] -- Found rosidl_adapter: 3.1.7 (/opt/ros/humble/share/rosidl_adapter/cmake)
[0.519s] -- Found rosidl_generator_cpp: 3.1.7 (/opt/ros/humble/share/rosidl_generator_cpp/cmake)
[0.531s] -- Using all available rosidl_typesupport_c: rosidl_typesupport_fastrtps_c;rosidl_typesupport_introspection_c
[0.551s] -- Using all available rosidl_typesupport_cpp: rosidl_typesupport_fastrtps_cpp;rosidl_typesupport_introspection_cpp
[0.659s] -- Found rmw_implementation_cmake: 6.1.2 (/opt/ros/humble/share/rmw_implementation_cmake/cmake)
[0.667s] -- Found rmw_fastrtps_cpp: 6.2.9 (/opt/ros/humble/share/rmw_fastrtps_cpp/cmake)
[0.918s] -- Using RMW implementation 'rmw_fastrtps_cpp' as default
[1.093s] -- Found nav2_core: 1.1.20 (/opt/ros/humble/share/nav2_core/cmake)
[1.845s] -- Ensuring Eigen3 include directory is part of orocos-kdl CMake target
[2.409s] -- Configuring done
[2.589s] -- Generating done
[2.607s] -- Build files have been written to: /home/bobby/nexon_ws/build/nav2_dstar_lite
[2.633s] Invoked command in '/home/bobby/nexon_ws/build/nav2_dstar_lite' returned '0': /usr/bin/cmake /home/bobby/nexon_ws/src/nav2_dstar_lite -DCATKIN_INSTALL_INTO_PREFIX_ROOT=0 -DCMAKE_INSTALL_PREFIX=/home/bobby/nexon_ws/install/nav2_dstar_lite
[2.634s] Invoking command in '/home/bobby/nexon_ws/build/nav2_dstar_lite': /usr/bin/cmake --build /home/bobby/nexon_ws/build/nav2_dstar_lite -- -j4 -l4
[2.702s] [35m[1mConsolidate compiler generated dependencies of target dstar_lite_planner[0m
[2.750s] [100%] Built target dstar_lite_planner
[2.769s] Invoked command in '/home/bobby/nexon_ws/build/nav2_dstar_lite' returned '0': /usr/bin/cmake --build /home/bobby/nexon_ws/build/nav2_dstar_lite -- -j4 -l4
[2.774s] Invoking command in '/home/bobby/nexon_ws/build/nav2_dstar_lite': /usr/bin/cmake --install /home/bobby/nexon_ws/build/nav2_dstar_lite
[2.786s] -- Install configuration: ""
[2.786s] -- Up-to-date: /home/bobby/nexon_ws/install/nav2_dstar_lite/share/nav2_dstar_lite/pluginlib_plugins.xml
[2.789s] -- Up-to-date: /home/bobby/nexon_ws/install/nav2_dstar_lite/lib/libdstar_lite_planner.so
[2.789s] -- Up-to-date: /home/bobby/nexon_ws/install/nav2_dstar_lite/include
[2.790s] -- Up-to-date: /home/bobby/nexon_ws/install/nav2_dstar_lite/include/nav2_dstar_lite
[2.790s] -- Up-to-date: /home/bobby/nexon_ws/install/nav2_dstar_lite/include/nav2_dstar_lite/dstar_lite_planner.hpp
[2.790s] -- Up-to-date: /home/bobby/nexon_ws/install/nav2_dstar_lite/share/ament_index/resource_index/package_run_dependencies/nav2_dstar_lite
[2.790s] -- Installing: /home/bobby/nexon_ws/install/nav2_dstar_lite/share/ament_index/resource_index/parent_prefix_path/nav2_dstar_lite
[2.790s] -- Up-to-date: /home/bobby/nexon_ws/install/nav2_dstar_lite/share/nav2_dstar_lite/environment/ament_prefix_path.sh
[2.790s] -- Installing: /home/bobby/nexon_ws/install/nav2_dstar_lite/share/nav2_dstar_lite/environment/ament_prefix_path.dsv
[2.790s] -- Up-to-date: /home/bobby/nexon_ws/install/nav2_dstar_lite/share/nav2_dstar_lite/environment/path.sh
[2.790s] -- Installing: /home/bobby/nexon_ws/install/nav2_dstar_lite/share/nav2_dstar_lite/environment/path.dsv
[2.791s] -- Up-to-date: /home/bobby/nexon_ws/install/nav2_dstar_lite/share/nav2_dstar_lite/local_setup.bash
[2.791s] -- Up-to-date: /home/bobby/nexon_ws/install/nav2_dstar_lite/share/nav2_dstar_lite/local_setup.sh
[2.791s] -- Up-to-date: /home/bobby/nexon_ws/install/nav2_dstar_lite/share/nav2_dstar_lite/local_setup.zsh
[2.791s] -- Installing: /home/bobby/nexon_ws/install/nav2_dstar_lite/share/nav2_dstar_lite/local_setup.dsv
[2.791s] -- Installing: /home/bobby/nexon_ws/install/nav2_dstar_lite/share/nav2_dstar_lite/package.dsv
[2.791s] -- Up-to-date: /home/bobby/nexon_ws/install/nav2_dstar_lite/share/ament_index/resource_index/packages/nav2_dstar_lite
[2.791s] -- Up-to-date: /home/bobby/nexon_ws/install/nav2_dstar_lite/share/ament_index/resource_index/nav2_core__pluginlib__plugin/nav2_dstar_lite
[2.791s] -- Up-to-date: /home/bobby/nexon_ws/install/nav2_dstar_lite/share/nav2_dstar_lite/cmake/nav2_dstar_liteConfig.cmake
[2.791s] -- Up-to-date: /home/bobby/nexon_ws/install/nav2_dstar_lite/share/nav2_dstar_lite/cmake/nav2_dstar_liteConfig-version.cmake
[2.791s] -- Up-to-date: /home/bobby/nexon_ws/install/nav2_dstar_lite/share/nav2_dstar_lite/package.xml
[2.793s] Invoked command in '/home/bobby/nexon_ws/build/nav2_dstar_lite' returned '0': /usr/bin/cmake --install /home/bobby/nexon_ws/build/nav2_dstar_lite
