[1.491s] Invoking command in '/home/bobby/nexon_ws/build/gamepad_bt_pkg': PYTHONPATH=/home/bobby/nexon_ws/build/gamepad_bt_pkg/prefix_override:/usr/lib/python3/dist-packages/colcon_core/task/python/colcon_distutils_commands:/home/bobby/nexon_ws/install/gamepad_bt_pkg/lib/python3.10/site-packages:${PYTHONPATH} /usr/bin/python3 -W ignore:setup.py install is deprecated -W ignore:easy_install command is deprecated setup.py develop --uninstall --editable --build-directory /home/bobby/nexon_ws/build/gamepad_bt_pkg/build
[1.988s] running develop
[2.284s] Removing /home/bobby/nexon_ws/install/gamepad_bt_pkg/lib/python3.10/site-packages/gamepad-bt-pkg.egg-link (link to .)
[2.332s] Invoked command in '/home/bobby/nexon_ws/build/gamepad_bt_pkg' returned '0': PYTHONPATH=/home/bobby/nexon_ws/build/gamepad_bt_pkg/prefix_override:/usr/lib/python3/dist-packages/colcon_core/task/python/colcon_distutils_commands:/home/bobby/nexon_ws/install/gamepad_bt_pkg/lib/python3.10/site-packages:${PYTHONPATH} /usr/bin/python3 -W ignore:setup.py install is deprecated -W ignore:easy_install command is deprecated setup.py develop --uninstall --editable --build-directory /home/bobby/nexon_ws/build/gamepad_bt_pkg/build
[2.332s] Invoking command in '/home/bobby/nexon_ws/src/gamepad_bt_pkg': PYTHONPATH=/home/bobby/nexon_ws/build/gamepad_bt_pkg/prefix_override:/usr/lib/python3/dist-packages/colcon_core/task/python/colcon_distutils_commands:/home/bobby/nexon_ws/install/gamepad_bt_pkg/lib/python3.10/site-packages:${PYTHONPATH} /usr/bin/python3 -W ignore:setup.py install is deprecated -W ignore:easy_install command is deprecated setup.py egg_info --egg-base ../../build/gamepad_bt_pkg build --build-base /home/bobby/nexon_ws/build/gamepad_bt_pkg/build install --record /home/bobby/nexon_ws/build/gamepad_bt_pkg/install.log --single-version-externally-managed install_data --force
[3.320s] running egg_info
[3.320s] writing ../../build/gamepad_bt_pkg/gamepad_bt_pkg.egg-info/PKG-INFO
[3.320s] writing dependency_links to ../../build/gamepad_bt_pkg/gamepad_bt_pkg.egg-info/dependency_links.txt
[3.326s] writing entry points to ../../build/gamepad_bt_pkg/gamepad_bt_pkg.egg-info/entry_points.txt
[3.326s] writing requirements to ../../build/gamepad_bt_pkg/gamepad_bt_pkg.egg-info/requires.txt
[3.326s] writing top-level names to ../../build/gamepad_bt_pkg/gamepad_bt_pkg.egg-info/top_level.txt
[3.335s] reading manifest file '../../build/gamepad_bt_pkg/gamepad_bt_pkg.egg-info/SOURCES.txt'
[3.335s] adding license file 'LICENSE'
[3.340s] writing manifest file '../../build/gamepad_bt_pkg/gamepad_bt_pkg.egg-info/SOURCES.txt'
[3.340s] running build
[3.340s] running build_py
[3.341s] creating /home/bobby/nexon_ws/build/gamepad_bt_pkg/build
[3.341s] creating /home/bobby/nexon_ws/build/gamepad_bt_pkg/build/lib
[3.341s] creating /home/bobby/nexon_ws/build/gamepad_bt_pkg/build/lib/gamepad_bt_pkg
[3.341s] copying gamepad_bt_pkg/gamepad_bt.py -> /home/bobby/nexon_ws/build/gamepad_bt_pkg/build/lib/gamepad_bt_pkg
[3.343s] copying gamepad_bt_pkg/__init__.py -> /home/bobby/nexon_ws/build/gamepad_bt_pkg/build/lib/gamepad_bt_pkg
[3.343s] running install
[3.343s] running install_lib
[3.353s] creating /home/bobby/nexon_ws/install/gamepad_bt_pkg/lib/python3.10/site-packages/gamepad_bt_pkg
[3.353s] copying /home/bobby/nexon_ws/build/gamepad_bt_pkg/build/lib/gamepad_bt_pkg/gamepad_bt.py -> /home/bobby/nexon_ws/install/gamepad_bt_pkg/lib/python3.10/site-packages/gamepad_bt_pkg
[3.353s] copying /home/bobby/nexon_ws/build/gamepad_bt_pkg/build/lib/gamepad_bt_pkg/__init__.py -> /home/bobby/nexon_ws/install/gamepad_bt_pkg/lib/python3.10/site-packages/gamepad_bt_pkg
[3.353s] byte-compiling /home/bobby/nexon_ws/install/gamepad_bt_pkg/lib/python3.10/site-packages/gamepad_bt_pkg/gamepad_bt.py to gamepad_bt.cpython-310.pyc
[3.353s] byte-compiling /home/bobby/nexon_ws/install/gamepad_bt_pkg/lib/python3.10/site-packages/gamepad_bt_pkg/__init__.py to __init__.cpython-310.pyc
[3.357s] running install_data
[3.360s] copying resource/gamepad_bt_pkg -> /home/bobby/nexon_ws/install/gamepad_bt_pkg/share/ament_index/resource_index/packages
[3.363s] copying package.xml -> /home/bobby/nexon_ws/install/gamepad_bt_pkg/share/gamepad_bt_pkg
[3.363s] running install_egg_info
[3.368s] Copying ../../build/gamepad_bt_pkg/gamepad_bt_pkg.egg-info to /home/bobby/nexon_ws/install/gamepad_bt_pkg/lib/python3.10/site-packages/gamepad_bt_pkg-0.0.0-py3.10.egg-info
[3.372s] running install_scripts
[3.455s] Installing gamepad_bt script to /home/bobby/nexon_ws/install/gamepad_bt_pkg/lib/gamepad_bt_pkg
[3.455s] writing list of installed files to '/home/bobby/nexon_ws/build/gamepad_bt_pkg/install.log'
[3.569s] Invoked command in '/home/bobby/nexon_ws/src/gamepad_bt_pkg' returned '0': PYTHONPATH=/home/bobby/nexon_ws/build/gamepad_bt_pkg/prefix_override:/usr/lib/python3/dist-packages/colcon_core/task/python/colcon_distutils_commands:/home/bobby/nexon_ws/install/gamepad_bt_pkg/lib/python3.10/site-packages:${PYTHONPATH} /usr/bin/python3 -W ignore:setup.py install is deprecated -W ignore:easy_install command is deprecated setup.py egg_info --egg-base ../../build/gamepad_bt_pkg build --build-base /home/bobby/nexon_ws/build/gamepad_bt_pkg/build install --record /home/bobby/nexon_ws/build/gamepad_bt_pkg/install.log --single-version-externally-managed install_data --force
