[0.037s] Invoking command in '/home/bobby/nexon_ws/build/sllidar_ros2': CMAKE_PREFIX_PATH=/opt/ros/humble /usr/bin/cmake /home/bobby/nexon_ws/sllidar_ros2 -DCMAKE_INSTALL_PREFIX=/home/bobby/nexon_ws/install/sllidar_ros2
[0.049s] -- Found ament_cmake: 1.3.12 (/opt/ros/humble/share/ament_cmake/cmake)
[0.166s] -- Override CMake install command with custom implementation using symlinks instead of copying resources
[0.172s] -- Found rclcpp: 16.0.16 (/opt/ros/humble/share/rclcpp/cmake)
[0.206s] -- Found rosidl_generator_c: 3.1.7 (/opt/ros/humble/share/rosidl_generator_c/cmake)
[0.209s] -- Found rosidl_adapter: 3.1.7 (/opt/ros/humble/share/rosidl_adapter/cmake)
[0.219s] -- Found rosidl_generator_cpp: 3.1.7 (/opt/ros/humble/share/rosidl_generator_cpp/cmake)
[0.231s] -- Using all available rosidl_typesupport_c: rosidl_typesupport_fastrtps_c;rosidl_typesupport_introspection_c
[0.242s] -- Using all available rosidl_typesupport_cpp: rosidl_typesupport_fastrtps_cpp;rosidl_typesupport_introspection_cpp
[0.264s] -- Found rmw_implementation_cmake: 6.1.2 (/opt/ros/humble/share/rmw_implementation_cmake/cmake)
[0.265s] -- Found rmw_fastrtps_cpp: 6.2.9 (/opt/ros/humble/share/rmw_fastrtps_cpp/cmake)
[0.342s] -- Using RMW implementation 'rmw_fastrtps_cpp' as default
[0.376s] -- Found sensor_msgs: 4.9.0 (/opt/ros/humble/share/sensor_msgs/cmake)
[0.399s] -- Found std_srvs: 4.9.0 (/opt/ros/humble/share/std_srvs/cmake)
[0.473s] -- Configuring done
[0.490s] -- Generating done
[0.494s] -- Build files have been written to: /home/bobby/nexon_ws/build/sllidar_ros2
[0.499s] Invoked command in '/home/bobby/nexon_ws/build/sllidar_ros2' returned '0': CMAKE_PREFIX_PATH=/opt/ros/humble /usr/bin/cmake /home/bobby/nexon_ws/sllidar_ros2 -DCMAKE_INSTALL_PREFIX=/home/bobby/nexon_ws/install/sllidar_ros2
[0.500s] Invoking command in '/home/bobby/nexon_ws/build/sllidar_ros2': CMAKE_PREFIX_PATH=/opt/ros/humble /usr/bin/cmake --build /home/bobby/nexon_ws/build/sllidar_ros2 -- -j4 -l4
[0.528s] [35m[1mConsolidate compiler generated dependencies of target sllidar_client[0m
[0.534s] [35m[1mConsolidate compiler generated dependencies of target sllidar_node[0m
[0.540s] [ 10%] Built target sllidar_client
[0.558s] [100%] Built target sllidar_node
[0.566s] Invoked command in '/home/bobby/nexon_ws/build/sllidar_ros2' returned '0': CMAKE_PREFIX_PATH=/opt/ros/humble /usr/bin/cmake --build /home/bobby/nexon_ws/build/sllidar_ros2 -- -j4 -l4
[0.567s] Invoking command in '/home/bobby/nexon_ws/build/sllidar_ros2': CMAKE_PREFIX_PATH=/opt/ros/humble /usr/bin/cmake --install /home/bobby/nexon_ws/build/sllidar_ros2
[0.572s] -- Install configuration: ""
[0.572s] -- Execute custom install script
[0.572s] -- Up-to-date symlink: /home/bobby/nexon_ws/install/sllidar_ros2/share/sllidar_ros2/launch/sllidar_a1_launch.py
[0.572s] -- Up-to-date symlink: /home/bobby/nexon_ws/install/sllidar_ros2/share/sllidar_ros2/launch/sllidar_a2m12_launch .py
[0.572s] -- Up-to-date symlink: /home/bobby/nexon_ws/install/sllidar_ros2/share/sllidar_ros2/launch/sllidar_a2m7_launch.py
[0.572s] -- Up-to-date symlink: /home/bobby/nexon_ws/install/sllidar_ros2/share/sllidar_ros2/launch/sllidar_a2m8_launch.py
[0.573s] -- Up-to-date symlink: /home/bobby/nexon_ws/install/sllidar_ros2/share/sllidar_ros2/launch/sllidar_a3_launch.py
[0.573s] -- Up-to-date symlink: /home/bobby/nexon_ws/install/sllidar_ros2/share/sllidar_ros2/launch/sllidar_c1_launch.py
[0.573s] -- Up-to-date symlink: /home/bobby/nexon_ws/install/sllidar_ros2/share/sllidar_ros2/launch/sllidar_s1_launch.py
[0.573s] -- Up-to-date symlink: /home/bobby/nexon_ws/install/sllidar_ros2/share/sllidar_ros2/launch/sllidar_s1_tcp_launch.py
[0.573s] -- Up-to-date symlink: /home/bobby/nexon_ws/install/sllidar_ros2/share/sllidar_ros2/launch/sllidar_s2_launch.py
[0.573s] -- Up-to-date symlink: /home/bobby/nexon_ws/install/sllidar_ros2/share/sllidar_ros2/launch/sllidar_s2e_launch.py
[0.573s] -- Up-to-date symlink: /home/bobby/nexon_ws/install/sllidar_ros2/share/sllidar_ros2/launch/sllidar_s3_launch.py
[0.573s] -- Up-to-date symlink: /home/bobby/nexon_ws/install/sllidar_ros2/share/sllidar_ros2/launch/sllidar_t1_launch.py
[0.573s] -- Up-to-date symlink: /home/bobby/nexon_ws/install/sllidar_ros2/share/sllidar_ros2/launch/view_sllidar_a1_launch.py
[0.573s] -- Up-to-date symlink: /home/bobby/nexon_ws/install/sllidar_ros2/share/sllidar_ros2/launch/view_sllidar_a2m12_launch.py
[0.574s] -- Up-to-date symlink: /home/bobby/nexon_ws/install/sllidar_ros2/share/sllidar_ros2/launch/view_sllidar_a2m7_launch.py
[0.574s] -- Up-to-date symlink: /home/bobby/nexon_ws/install/sllidar_ros2/share/sllidar_ros2/launch/view_sllidar_a2m8_launch.py
[0.574s] -- Up-to-date symlink: /home/bobby/nexon_ws/install/sllidar_ros2/share/sllidar_ros2/launch/view_sllidar_a3_launch.py
[0.574s] -- Up-to-date symlink: /home/bobby/nexon_ws/install/sllidar_ros2/share/sllidar_ros2/launch/view_sllidar_c1_launch.py
[0.574s] -- Up-to-date symlink: /home/bobby/nexon_ws/install/sllidar_ros2/share/sllidar_ros2/launch/view_sllidar_s1_launch.py
[0.574s] -- Up-to-date symlink: /home/bobby/nexon_ws/install/sllidar_ros2/share/sllidar_ros2/launch/view_sllidar_s1_tcp_launch.py
[0.574s] -- Up-to-date symlink: /home/bobby/nexon_ws/install/sllidar_ros2/share/sllidar_ros2/launch/view_sllidar_s2_launch.py
[0.574s] -- Up-to-date symlink: /home/bobby/nexon_ws/install/sllidar_ros2/share/sllidar_ros2/launch/view_sllidar_s2e_launch.py
[0.574s] -- Up-to-date symlink: /home/bobby/nexon_ws/install/sllidar_ros2/share/sllidar_ros2/launch/view_sllidar_s3_launch.py
[0.574s] -- Up-to-date symlink: /home/bobby/nexon_ws/install/sllidar_ros2/share/sllidar_ros2/launch/view_sllidar_t1_launch.py
[0.575s] -- Up-to-date symlink: /home/bobby/nexon_ws/install/sllidar_ros2/share/sllidar_ros2/rviz/sllidar_ros2.rviz
[0.575s] -- Up-to-date symlink: /home/bobby/nexon_ws/install/sllidar_ros2/lib/sllidar_ros2/sllidar_node
[0.575s] -- Up-to-date symlink: /home/bobby/nexon_ws/install/sllidar_ros2/lib/sllidar_ros2/sllidar_client
[0.575s] -- Up-to-date symlink: /home/bobby/nexon_ws/install/sllidar_ros2/share/ament_index/resource_index/package_run_dependencies/sllidar_ros2
[0.575s] -- Up-to-date symlink: /home/bobby/nexon_ws/install/sllidar_ros2/share/ament_index/resource_index/parent_prefix_path/sllidar_ros2
[0.575s] -- Up-to-date symlink: /home/bobby/nexon_ws/install/sllidar_ros2/share/sllidar_ros2/environment/ament_prefix_path.sh
[0.576s] -- Up-to-date symlink: /home/bobby/nexon_ws/install/sllidar_ros2/share/sllidar_ros2/environment/ament_prefix_path.dsv
[0.576s] -- Up-to-date symlink: /home/bobby/nexon_ws/install/sllidar_ros2/share/sllidar_ros2/environment/path.sh
[0.576s] -- Up-to-date symlink: /home/bobby/nexon_ws/install/sllidar_ros2/share/sllidar_ros2/environment/path.dsv
[0.576s] -- Up-to-date symlink: /home/bobby/nexon_ws/install/sllidar_ros2/share/sllidar_ros2/local_setup.bash
[0.576s] -- Up-to-date symlink: /home/bobby/nexon_ws/install/sllidar_ros2/share/sllidar_ros2/local_setup.sh
[0.576s] -- Up-to-date symlink: /home/bobby/nexon_ws/install/sllidar_ros2/share/sllidar_ros2/local_setup.zsh
[0.576s] -- Up-to-date symlink: /home/bobby/nexon_ws/install/sllidar_ros2/share/sllidar_ros2/local_setup.dsv
[0.577s] -- Symlinking: /home/bobby/nexon_ws/install/sllidar_ros2/share/sllidar_ros2/package.dsv
[0.583s] -- Up-to-date symlink: /home/bobby/nexon_ws/install/sllidar_ros2/share/ament_index/resource_index/packages/sllidar_ros2
[0.583s] -- Up-to-date symlink: /home/bobby/nexon_ws/install/sllidar_ros2/share/sllidar_ros2/cmake/ament_cmake_export_dependencies-extras.cmake
[0.583s] -- Up-to-date symlink: /home/bobby/nexon_ws/install/sllidar_ros2/share/sllidar_ros2/cmake/ament_cmake_export_include_directories-extras.cmake
[0.583s] -- Up-to-date symlink: /home/bobby/nexon_ws/install/sllidar_ros2/share/sllidar_ros2/cmake/sllidar_ros2Config.cmake
[0.583s] -- Up-to-date symlink: /home/bobby/nexon_ws/install/sllidar_ros2/share/sllidar_ros2/cmake/sllidar_ros2Config-version.cmake
[0.583s] -- Up-to-date symlink: /home/bobby/nexon_ws/install/sllidar_ros2/share/sllidar_ros2/package.xml
[0.585s] Invoked command in '/home/bobby/nexon_ws/build/sllidar_ros2' returned '0': CMAKE_PREFIX_PATH=/opt/ros/humble /usr/bin/cmake --install /home/bobby/nexon_ws/build/sllidar_ros2
