[1.731s] Invoking command in '/home/bobby/nexon_ws/src/nexon/data_visual': PYTHONPATH=/home/bobby/nexon_ws/build/data_visual/prefix_override:/usr/lib/python3/dist-packages/colcon_core/task/python/colcon_distutils_commands:/home/bobby/nexon_ws/install/data_visual/lib/python3.10/site-packages:${PYTHONPATH} /usr/bin/python3 -W ignore:setup.py install is deprecated -W ignore:easy_install command is deprecated setup.py egg_info --egg-base ../../../build/data_visual build --build-base /home/bobby/nexon_ws/build/data_visual/build install --record /home/bobby/nexon_ws/build/data_visual/install.log --single-version-externally-managed install_data
[2.294s] running egg_info
[2.295s] writing ../../../build/data_visual/data_visual.egg-info/PKG-INFO
[2.295s] writing dependency_links to ../../../build/data_visual/data_visual.egg-info/dependency_links.txt
[2.296s] writing entry points to ../../../build/data_visual/data_visual.egg-info/entry_points.txt
[2.297s] writing requirements to ../../../build/data_visual/data_visual.egg-info/requires.txt
[2.297s] writing top-level names to ../../../build/data_visual/data_visual.egg-info/top_level.txt
[2.301s] reading manifest file '../../../build/data_visual/data_visual.egg-info/SOURCES.txt'
[2.305s] adding license file 'LICENSE'
[2.307s] writing manifest file '../../../build/data_visual/data_visual.egg-info/SOURCES.txt'
[2.307s] running build
[2.307s] running build_py
[2.307s] running install
[2.307s] running install_lib
[2.312s] running install_data
[2.316s] running install_egg_info
[2.317s] removing '/home/bobby/nexon_ws/install/data_visual/lib/python3.10/site-packages/data_visual-0.0.0-py3.10.egg-info' (and everything under it)
[2.320s] Copying ../../../build/data_visual/data_visual.egg-info to /home/bobby/nexon_ws/install/data_visual/lib/python3.10/site-packages/data_visual-0.0.0-py3.10.egg-info
[2.320s] running install_scripts
[2.356s] Installing data_visual_node script to /home/bobby/nexon_ws/install/data_visual/lib/data_visual
[2.358s] writing list of installed files to '/home/bobby/nexon_ws/build/data_visual/install.log'
[2.678s] Invoked command in '/home/bobby/nexon_ws/src/nexon/data_visual' returned '0': PYTHONPATH=/home/bobby/nexon_ws/build/data_visual/prefix_override:/usr/lib/python3/dist-packages/colcon_core/task/python/colcon_distutils_commands:/home/bobby/nexon_ws/install/data_visual/lib/python3.10/site-packages:${PYTHONPATH} /usr/bin/python3 -W ignore:setup.py install is deprecated -W ignore:easy_install command is deprecated setup.py egg_info --egg-base ../../../build/data_visual build --build-base /home/bobby/nexon_ws/build/data_visual/build install --record /home/bobby/nexon_ws/build/data_visual/install.log --single-version-externally-managed install_data
