[0.761s] Invoking command in '/home/bobby/nexon_ws/src/nexon/lock_system': PYTHONPATH=/home/bobby/nexon_ws/build/lock_system/prefix_override:/usr/lib/python3/dist-packages/colcon_core/task/python/colcon_distutils_commands:/home/bobby/nexon_ws/install/lock_system/lib/python3.10/site-packages:${PYTHONPATH} /usr/bin/python3 -W ignore:setup.py install is deprecated -W ignore:easy_install command is deprecated setup.py egg_info --egg-base ../../../build/lock_system build --build-base /home/bobby/nexon_ws/build/lock_system/build install --record /home/bobby/nexon_ws/build/lock_system/install.log --single-version-externally-managed install_data
[0.942s] running egg_info
[0.942s] writing ../../../build/lock_system/lock_system.egg-info/PKG-INFO
[0.942s] writing dependency_links to ../../../build/lock_system/lock_system.egg-info/dependency_links.txt
[0.942s] writing entry points to ../../../build/lock_system/lock_system.egg-info/entry_points.txt
[0.942s] writing requirements to ../../../build/lock_system/lock_system.egg-info/requires.txt
[0.943s] writing top-level names to ../../../build/lock_system/lock_system.egg-info/top_level.txt
[0.944s] reading manifest file '../../../build/lock_system/lock_system.egg-info/SOURCES.txt'
[0.948s] writing manifest file '../../../build/lock_system/lock_system.egg-info/SOURCES.txt'
[0.948s] running build
[0.948s] running build_py
[0.948s] running install
[0.948s] running install_lib
[0.949s] running install_data
[0.949s] running install_egg_info
[0.950s] removing '/home/bobby/nexon_ws/install/lock_system/lib/python3.10/site-packages/lock_system-0.0.0-py3.10.egg-info' (and everything under it)
[0.951s] Copying ../../../build/lock_system/lock_system.egg-info to /home/bobby/nexon_ws/install/lock_system/lib/python3.10/site-packages/lock_system-0.0.0-py3.10.egg-info
[0.952s] running install_scripts
[0.967s] Installing lock_system_master script to /home/bobby/nexon_ws/install/lock_system/lib/lock_system
[0.967s] writing list of installed files to '/home/bobby/nexon_ws/build/lock_system/install.log'
[0.987s] Invoked command in '/home/bobby/nexon_ws/src/nexon/lock_system' returned '0': PYTHONPATH=/home/bobby/nexon_ws/build/lock_system/prefix_override:/usr/lib/python3/dist-packages/colcon_core/task/python/colcon_distutils_commands:/home/bobby/nexon_ws/install/lock_system/lib/python3.10/site-packages:${PYTHONPATH} /usr/bin/python3 -W ignore:setup.py install is deprecated -W ignore:easy_install command is deprecated setup.py egg_info --egg-base ../../../build/lock_system build --build-base /home/bobby/nexon_ws/build/lock_system/build install --record /home/bobby/nexon_ws/build/lock_system/install.log --single-version-externally-managed install_data
