running develop
running egg_info
creating lock_system.egg-info
writing lock_system.egg-info/PKG-INFO
writing dependency_links to lock_system.egg-info/dependency_links.txt
writing entry points to lock_system.egg-info/entry_points.txt
writing requirements to lock_system.egg-info/requires.txt
writing top-level names to lock_system.egg-info/top_level.txt
writing manifest file 'lock_system.egg-info/SOURCES.txt'
reading manifest file 'lock_system.egg-info/SOURCES.txt'
writing manifest file 'lock_system.egg-info/SOURCES.txt'
running build_ext
Creating /home/bobby/nexon_ws/install/lock_system/lib/python3.10/site-packages/lock-system.egg-link (link to .)
Installing lock_system_master script to /home/bobby/nexon_ws/install/lock_system/lib/lock_system

Installed /home/bobby/nexon_ws/build/lock_system
running symlink_data
creating /home/bobby/nexon_ws/install/lock_system/share/ament_index
creating /home/bobby/nexon_ws/install/lock_system/share/ament_index/resource_index
creating /home/bobby/nexon_ws/install/lock_system/share/ament_index/resource_index/packages
symbolically linking /home/bobby/nexon_ws/build/lock_system/resource/lock_system -> /home/bobby/nexon_ws/install/lock_system/share/ament_index/resource_index/packages
symbolically linking /home/bobby/nexon_ws/build/lock_system/package.xml -> /home/bobby/nexon_ws/install/lock_system/share/lock_system
