[1.285s] Invoking command in '/home/bobby/nexon_ws/build/lock_system': PYTHONPATH=/home/bobby/nexon_ws/build/lock_system/prefix_override:/usr/lib/python3/dist-packages/colcon_core/task/python/colcon_distutils_commands:/home/bobby/nexon_ws/install/lock_system/lib/python3.10/site-packages:${PYTHONPATH} /usr/bin/python3 -W ignore:setup.py install is deprecated -W ignore:easy_install command is deprecated setup.py develop --editable --build-directory /home/bobby/nexon_ws/build/lock_system/build --no-deps symlink_data
[1.609s] running develop
[1.838s] running egg_info
[1.838s] creating lock_system.egg-info
[1.838s] writing lock_system.egg-info/PKG-INFO
[1.838s] writing dependency_links to lock_system.egg-info/dependency_links.txt
[1.839s] writing entry points to lock_system.egg-info/entry_points.txt
[1.840s] writing requirements to lock_system.egg-info/requires.txt
[1.840s] writing top-level names to lock_system.egg-info/top_level.txt
[1.840s] writing manifest file 'lock_system.egg-info/SOURCES.txt'
[1.840s] reading manifest file 'lock_system.egg-info/SOURCES.txt'
[1.841s] writing manifest file 'lock_system.egg-info/SOURCES.txt'
[1.842s] running build_ext
[1.845s] Creating /home/bobby/nexon_ws/install/lock_system/lib/python3.10/site-packages/lock-system.egg-link (link to .)
[1.845s] Installing lock_system_master script to /home/bobby/nexon_ws/install/lock_system/lib/lock_system
[1.845s] 
[1.845s] Installed /home/bobby/nexon_ws/build/lock_system
[1.845s] running symlink_data
[1.845s] creating /home/bobby/nexon_ws/install/lock_system/share/ament_index
[1.845s] creating /home/bobby/nexon_ws/install/lock_system/share/ament_index/resource_index
[1.845s] creating /home/bobby/nexon_ws/install/lock_system/share/ament_index/resource_index/packages
[1.845s] symbolically linking /home/bobby/nexon_ws/build/lock_system/resource/lock_system -> /home/bobby/nexon_ws/install/lock_system/share/ament_index/resource_index/packages
[1.845s] symbolically linking /home/bobby/nexon_ws/build/lock_system/package.xml -> /home/bobby/nexon_ws/install/lock_system/share/lock_system
[1.901s] Invoked command in '/home/bobby/nexon_ws/build/lock_system' returned '0': PYTHONPATH=/home/bobby/nexon_ws/build/lock_system/prefix_override:/usr/lib/python3/dist-packages/colcon_core/task/python/colcon_distutils_commands:/home/bobby/nexon_ws/install/lock_system/lib/python3.10/site-packages:${PYTHONPATH} /usr/bin/python3 -W ignore:setup.py install is deprecated -W ignore:easy_install command is deprecated setup.py develop --editable --build-directory /home/bobby/nexon_ws/build/lock_system/build --no-deps symlink_data
