[1.753s] Invoking command in '/home/bobby/nexon_ws/src/gamepad_bt_pkg': PYTHONPATH=/home/bobby/nexon_ws/build/gamepad_bt_pkg/prefix_override:/usr/lib/python3/dist-packages/colcon_core/task/python/colcon_distutils_commands:/home/bobby/nexon_ws/install/gamepad_bt_pkg/lib/python3.10/site-packages:${PYTHONPATH} /usr/bin/python3 -W ignore:setup.py install is deprecated -W ignore:easy_install command is deprecated setup.py egg_info --egg-base ../../build/gamepad_bt_pkg build --build-base /home/bobby/nexon_ws/build/gamepad_bt_pkg/build install --record /home/bobby/nexon_ws/build/gamepad_bt_pkg/install.log --single-version-externally-managed install_data
[2.115s] running egg_info
[2.116s] writing ../../build/gamepad_bt_pkg/gamepad_bt_pkg.egg-info/PKG-INFO
[2.116s] writing dependency_links to ../../build/gamepad_bt_pkg/gamepad_bt_pkg.egg-info/dependency_links.txt
[2.116s] writing entry points to ../../build/gamepad_bt_pkg/gamepad_bt_pkg.egg-info/entry_points.txt
[2.116s] writing requirements to ../../build/gamepad_bt_pkg/gamepad_bt_pkg.egg-info/requires.txt
[2.116s] writing top-level names to ../../build/gamepad_bt_pkg/gamepad_bt_pkg.egg-info/top_level.txt
[2.116s] reading manifest file '../../build/gamepad_bt_pkg/gamepad_bt_pkg.egg-info/SOURCES.txt'
[2.121s] adding license file 'LICENSE'
[2.122s] writing manifest file '../../build/gamepad_bt_pkg/gamepad_bt_pkg.egg-info/SOURCES.txt'
[2.122s] running build
[2.125s] running build_py
[2.126s] running install
[2.126s] running install_lib
[2.126s] running install_data
[2.126s] running install_egg_info
[2.127s] removing '/home/bobby/nexon_ws/install/gamepad_bt_pkg/lib/python3.10/site-packages/gamepad_bt_pkg-0.0.0-py3.10.egg-info' (and everything under it)
[2.127s] Copying ../../build/gamepad_bt_pkg/gamepad_bt_pkg.egg-info to /home/bobby/nexon_ws/install/gamepad_bt_pkg/lib/python3.10/site-packages/gamepad_bt_pkg-0.0.0-py3.10.egg-info
[2.127s] running install_scripts
[2.157s] Installing gamepad_bt script to /home/bobby/nexon_ws/install/gamepad_bt_pkg/lib/gamepad_bt_pkg
[2.161s] writing list of installed files to '/home/bobby/nexon_ws/build/gamepad_bt_pkg/install.log'
[2.230s] Invoked command in '/home/bobby/nexon_ws/src/gamepad_bt_pkg' returned '0': PYTHONPATH=/home/bobby/nexon_ws/build/gamepad_bt_pkg/prefix_override:/usr/lib/python3/dist-packages/colcon_core/task/python/colcon_distutils_commands:/home/bobby/nexon_ws/install/gamepad_bt_pkg/lib/python3.10/site-packages:${PYTHONPATH} /usr/bin/python3 -W ignore:setup.py install is deprecated -W ignore:easy_install command is deprecated setup.py egg_info --egg-base ../../build/gamepad_bt_pkg build --build-base /home/bobby/nexon_ws/build/gamepad_bt_pkg/build install --record /home/bobby/nexon_ws/build/gamepad_bt_pkg/install.log --single-version-externally-managed install_data
