[0.029s] Invoking command in '/home/bobby/nexon_ws/build/nexon': CMAKE_PREFIX_PATH=/opt/ros/humble /usr/bin/cmake /home/bobby/nexon_ws/src/nexon/nexon -DAMENT_CMAKE_SYMLINK_INSTALL=1 -DCMAKE_INSTALL_PREFIX=/home/bobby/nexon_ws/install/nexon
[0.065s] -- Found ament_cmake: 1.3.12 (/opt/ros/humble/share/ament_cmake/cmake)
[0.251s] -- Override CMake install command with custom implementation using symlinks instead of copying resources
[0.430s] -- Configuring done
[0.445s] -- Generating done
[0.447s] -- Build files have been written to: /home/bobby/nexon_ws/build/nexon
[0.462s] Invoked command in '/home/bobby/nexon_ws/build/nexon' returned '0': CMAKE_PREFIX_PATH=/opt/ros/humble /usr/bin/cmake /home/bobby/nexon_ws/src/nexon/nexon -DAMENT_CMAKE_SYMLINK_INSTALL=1 -DCMAKE_INSTALL_PREFIX=/home/bobby/nexon_ws/install/nexon
[0.463s] Invoking command in '/home/bobby/nexon_ws/build/nexon': CMAKE_PREFIX_PATH=/opt/ros/humble /usr/bin/cmake --build /home/bobby/nexon_ws/build/nexon -- -j4 -l4
[0.580s] Invoked command in '/home/bobby/nexon_ws/build/nexon' returned '0': CMAKE_PREFIX_PATH=/opt/ros/humble /usr/bin/cmake --build /home/bobby/nexon_ws/build/nexon -- -j4 -l4
[0.581s] Invoking command in '/home/bobby/nexon_ws/build/nexon': CMAKE_PREFIX_PATH=/opt/ros/humble /usr/bin/cmake --install /home/bobby/nexon_ws/build/nexon
[0.593s] -- Install configuration: ""
[0.593s] -- Execute custom install script
[0.593s] -- Up-to-date symlink: /home/bobby/nexon_ws/install/nexon/share/ament_index/resource_index/package_run_dependencies/nexon
[0.593s] -- Up-to-date symlink: /home/bobby/nexon_ws/install/nexon/share/ament_index/resource_index/parent_prefix_path/nexon
[0.593s] -- Up-to-date symlink: /home/bobby/nexon_ws/install/nexon/share/nexon/environment/ament_prefix_path.sh
[0.593s] -- Up-to-date symlink: /home/bobby/nexon_ws/install/nexon/share/nexon/environment/ament_prefix_path.dsv
[0.598s] -- Up-to-date symlink: /home/bobby/nexon_ws/install/nexon/share/nexon/environment/path.sh
[0.598s] -- Up-to-date symlink: /home/bobby/nexon_ws/install/nexon/share/nexon/environment/path.dsv
[0.598s] -- Up-to-date symlink: /home/bobby/nexon_ws/install/nexon/share/nexon/local_setup.bash
[0.599s] -- Up-to-date symlink: /home/bobby/nexon_ws/install/nexon/share/nexon/local_setup.sh
[0.599s] -- Up-to-date symlink: /home/bobby/nexon_ws/install/nexon/share/nexon/local_setup.zsh
[0.599s] -- Up-to-date symlink: /home/bobby/nexon_ws/install/nexon/share/nexon/local_setup.dsv
[0.599s] -- Symlinking: /home/bobby/nexon_ws/install/nexon/share/nexon/package.dsv
[0.622s] -- Up-to-date symlink: /home/bobby/nexon_ws/install/nexon/share/ament_index/resource_index/packages/nexon
[0.622s] -- Up-to-date symlink: /home/bobby/nexon_ws/install/nexon/share/nexon/cmake/nexonConfig.cmake
[0.623s] -- Up-to-date symlink: /home/bobby/nexon_ws/install/nexon/share/nexon/cmake/nexonConfig-version.cmake
[0.623s] -- Up-to-date symlink: /home/bobby/nexon_ws/install/nexon/share/nexon/package.xml
[0.627s] Invoked command in '/home/bobby/nexon_ws/build/nexon' returned '0': CMAKE_PREFIX_PATH=/opt/ros/humble /usr/bin/cmake --install /home/bobby/nexon_ws/build/nexon
