[0.014s] Invoking command in '/home/bobby/nexon_ws/build/nav2_dstar_lite': /usr/bin/cmake /home/bobby/nexon_ws/src/nav2_dstar_lite -DCATKIN_INSTALL_INTO_PREFIX_ROOT=0 -DCATKIN_SYMLINK_INSTALL=ON -DCMAKE_INSTALL_PREFIX=/home/bobby/nexon_ws/install/nav2_dstar_lite
[0.137s] -- The C compiler identification is GNU 11.4.0
[0.285s] -- The CXX compiler identification is GNU 11.4.0
[0.296s] -- Detecting C compiler ABI info
[0.428s] -- Detecting C compiler ABI info - done
[0.439s] -- Check for working C compiler: /usr/bin/cc - skipped
[0.440s] -- Detecting C compile features
[0.440s] -- Detecting C compile features - done
[0.443s] -- Detecting CXX compiler ABI info
[0.585s] -- Detecting CXX compiler ABI info - done
[0.601s] -- Check for working CXX compiler: /usr/bin/c++ - skipped
[0.601s] -- Detecting CXX compile features
[0.603s] -- Detecting CXX compile features - done
[0.606s] -- Found ament_cmake: 1.3.12 (/opt/ros/humble/share/ament_cmake/cmake)
[1.070s] -- Found Python3: /usr/bin/python3 (found version "3.10.12") found components: Interpreter 
[1.224s] -- Found rclcpp: 16.0.16 (/opt/ros/humble/share/rclcpp/cmake)
[1.291s] -- Found rosidl_generator_c: 3.1.7 (/opt/ros/humble/share/rosidl_generator_c/cmake)
[1.301s] -- Found rosidl_adapter: 3.1.7 (/opt/ros/humble/share/rosidl_adapter/cmake)
[1.315s] -- Found rosidl_generator_cpp: 3.1.7 (/opt/ros/humble/share/rosidl_generator_cpp/cmake)
[1.332s] -- Using all available rosidl_typesupport_c: rosidl_typesupport_fastrtps_c;rosidl_typesupport_introspection_c
[1.355s] -- Using all available rosidl_typesupport_cpp: rosidl_typesupport_fastrtps_cpp;rosidl_typesupport_introspection_cpp
[1.441s] -- Found rmw_implementation_cmake: 6.1.2 (/opt/ros/humble/share/rmw_implementation_cmake/cmake)
[1.446s] -- Found rmw_fastrtps_cpp: 6.2.9 (/opt/ros/humble/share/rmw_fastrtps_cpp/cmake)
[1.704s] -- Found OpenSSL: /usr/lib/x86_64-linux-gnu/libcrypto.so (found version "3.0.2")  
[1.755s] -- Found FastRTPS: /opt/ros/humble/include  
[1.820s] -- Using RMW implementation 'rmw_fastrtps_cpp' as default
[1.829s] -- Looking for pthread.h
[2.003s] -- Looking for pthread.h - found
[2.003s] -- Performing Test CMAKE_HAVE_LIBC_PTHREAD
[2.237s] -- Performing Test CMAKE_HAVE_LIBC_PTHREAD - Success
[2.240s] -- Found Threads: TRUE  
[2.342s] -- Found nav2_core: 1.1.20 (/opt/ros/humble/share/nav2_core/cmake)
[2.797s] -- Found Eigen3: TRUE (found version "3.4.0") 
[2.798s] -- Ensuring Eigen3 include directory is part of orocos-kdl CMake target
[3.173s] -- Configuring done
[3.237s] -- Generating done
[3.238s] [33mCMake Warning:
[3.238s]   Manually-specified variables were not used by the project:
[3.238s] 
[3.238s]     CATKIN_INSTALL_INTO_PREFIX_ROOT
[3.238s]     CATKIN_SYMLINK_INSTALL
[3.238s] 
[3.238s] [0m
[3.241s] -- Build files have been written to: /home/bobby/nexon_ws/build/nav2_dstar_lite
[3.263s] Invoked command in '/home/bobby/nexon_ws/build/nav2_dstar_lite' returned '0': /usr/bin/cmake /home/bobby/nexon_ws/src/nav2_dstar_lite -DCATKIN_INSTALL_INTO_PREFIX_ROOT=0 -DCATKIN_SYMLINK_INSTALL=ON -DCMAKE_INSTALL_PREFIX=/home/bobby/nexon_ws/install/nav2_dstar_lite
[3.270s] Invoking command in '/home/bobby/nexon_ws/build/nav2_dstar_lite': /usr/bin/cmake --build /home/bobby/nexon_ws/build/nav2_dstar_lite -- -j4 -l4
[3.424s] [ 50%] [32mBuilding CXX object CMakeFiles/dstar_lite_planner.dir/src/dstar_lite_planner.cpp.o[0m
