running develop
Removing /home/bobby/nexon_ws/install/imu_kalman_pkg/lib/python3.10/site-packages/imu-kalman-pkg.egg-link (link to .)
running egg_info
writing ../../build/imu_kalman_pkg/imu_kalman_pkg.egg-info/PKG-INFO
writing dependency_links to ../../build/imu_kalman_pkg/imu_kalman_pkg.egg-info/dependency_links.txt
writing entry points to ../../build/imu_kalman_pkg/imu_kalman_pkg.egg-info/entry_points.txt
writing requirements to ../../build/imu_kalman_pkg/imu_kalman_pkg.egg-info/requires.txt
writing top-level names to ../../build/imu_kalman_pkg/imu_kalman_pkg.egg-info/top_level.txt
reading manifest file '../../build/imu_kalman_pkg/imu_kalman_pkg.egg-info/SOURCES.txt'
writing manifest file '../../build/imu_kalman_pkg/imu_kalman_pkg.egg-info/SOURCES.txt'
running build
running build_py
creating /home/bobby/nexon_ws/build/imu_kalman_pkg/build
creating /home/bobby/nexon_ws/build/imu_kalman_pkg/build/lib
creating /home/bobby/nexon_ws/build/imu_kalman_pkg/build/lib/imu_kalman_pkg
copying imu_kalman_pkg/imu_kalman_filter.py -> /home/bobby/nexon_ws/build/imu_kalman_pkg/build/lib/imu_kalman_pkg
copying imu_kalman_pkg/__init__.py -> /home/bobby/nexon_ws/build/imu_kalman_pkg/build/lib/imu_kalman_pkg
running install
running install_lib
creating /home/bobby/nexon_ws/install/imu_kalman_pkg/lib/python3.10/site-packages/imu_kalman_pkg
copying /home/bobby/nexon_ws/build/imu_kalman_pkg/build/lib/imu_kalman_pkg/imu_kalman_filter.py -> /home/bobby/nexon_ws/install/imu_kalman_pkg/lib/python3.10/site-packages/imu_kalman_pkg
copying /home/bobby/nexon_ws/build/imu_kalman_pkg/build/lib/imu_kalman_pkg/__init__.py -> /home/bobby/nexon_ws/install/imu_kalman_pkg/lib/python3.10/site-packages/imu_kalman_pkg
byte-compiling /home/bobby/nexon_ws/install/imu_kalman_pkg/lib/python3.10/site-packages/imu_kalman_pkg/imu_kalman_filter.py to imu_kalman_filter.cpython-310.pyc
byte-compiling /home/bobby/nexon_ws/install/imu_kalman_pkg/lib/python3.10/site-packages/imu_kalman_pkg/__init__.py to __init__.cpython-310.pyc
running install_data
copying resource/imu_kalman_pkg -> /home/bobby/nexon_ws/install/imu_kalman_pkg/share/ament_index/resource_index/packages
copying package.xml -> /home/bobby/nexon_ws/install/imu_kalman_pkg/share/imu_kalman_pkg
running install_egg_info
Copying ../../build/imu_kalman_pkg/imu_kalman_pkg.egg-info to /home/bobby/nexon_ws/install/imu_kalman_pkg/lib/python3.10/site-packages/imu_kalman_pkg-0.0.0-py3.10.egg-info
running install_scripts
Installing imu_kalman_filter script to /home/bobby/nexon_ws/install/imu_kalman_pkg/lib/imu_kalman_pkg
writing list of installed files to '/home/bobby/nexon_ws/build/imu_kalman_pkg/install.log'
