[1.809s] Invoking command in '/home/bobby/nexon_ws/build/imu_kalman_pkg': PYTHONPATH=/home/bobby/nexon_ws/build/imu_kalman_pkg/prefix_override:/usr/lib/python3/dist-packages/colcon_core/task/python/colcon_distutils_commands:/home/bobby/nexon_ws/install/imu_kalman_pkg/lib/python3.10/site-packages:${PYTHONPATH} /usr/bin/python3 -W ignore:setup.py install is deprecated -W ignore:easy_install command is deprecated setup.py develop --uninstall --editable --build-directory /home/bobby/nexon_ws/build/imu_kalman_pkg/build
[3.043s] running develop
[3.578s] Removing /home/bobby/nexon_ws/install/imu_kalman_pkg/lib/python3.10/site-packages/imu-kalman-pkg.egg-link (link to .)
[3.663s] Invoked command in '/home/bobby/nexon_ws/build/imu_kalman_pkg' returned '0': PYTHONPATH=/home/bobby/nexon_ws/build/imu_kalman_pkg/prefix_override:/usr/lib/python3/dist-packages/colcon_core/task/python/colcon_distutils_commands:/home/bobby/nexon_ws/install/imu_kalman_pkg/lib/python3.10/site-packages:${PYTHONPATH} /usr/bin/python3 -W ignore:setup.py install is deprecated -W ignore:easy_install command is deprecated setup.py develop --uninstall --editable --build-directory /home/bobby/nexon_ws/build/imu_kalman_pkg/build
[3.664s] Invoking command in '/home/bobby/nexon_ws/src/imu_kalman_pkg': PYTHONPATH=/home/bobby/nexon_ws/build/imu_kalman_pkg/prefix_override:/usr/lib/python3/dist-packages/colcon_core/task/python/colcon_distutils_commands:/home/bobby/nexon_ws/install/imu_kalman_pkg/lib/python3.10/site-packages:${PYTHONPATH} /usr/bin/python3 -W ignore:setup.py install is deprecated -W ignore:easy_install command is deprecated setup.py egg_info --egg-base ../../build/imu_kalman_pkg build --build-base /home/bobby/nexon_ws/build/imu_kalman_pkg/build install --record /home/bobby/nexon_ws/build/imu_kalman_pkg/install.log --single-version-externally-managed install_data --force
[4.057s] running egg_info
[4.057s] writing ../../build/imu_kalman_pkg/imu_kalman_pkg.egg-info/PKG-INFO
[4.058s] writing dependency_links to ../../build/imu_kalman_pkg/imu_kalman_pkg.egg-info/dependency_links.txt
[4.058s] writing entry points to ../../build/imu_kalman_pkg/imu_kalman_pkg.egg-info/entry_points.txt
[4.058s] writing requirements to ../../build/imu_kalman_pkg/imu_kalman_pkg.egg-info/requires.txt
[4.058s] writing top-level names to ../../build/imu_kalman_pkg/imu_kalman_pkg.egg-info/top_level.txt
[4.062s] reading manifest file '../../build/imu_kalman_pkg/imu_kalman_pkg.egg-info/SOURCES.txt'
[4.068s] writing manifest file '../../build/imu_kalman_pkg/imu_kalman_pkg.egg-info/SOURCES.txt'
[4.068s] running build
[4.068s] running build_py
[4.068s] creating /home/bobby/nexon_ws/build/imu_kalman_pkg/build
[4.068s] creating /home/bobby/nexon_ws/build/imu_kalman_pkg/build/lib
[4.068s] creating /home/bobby/nexon_ws/build/imu_kalman_pkg/build/lib/imu_kalman_pkg
[4.068s] copying imu_kalman_pkg/imu_kalman_filter.py -> /home/bobby/nexon_ws/build/imu_kalman_pkg/build/lib/imu_kalman_pkg
[4.069s] copying imu_kalman_pkg/__init__.py -> /home/bobby/nexon_ws/build/imu_kalman_pkg/build/lib/imu_kalman_pkg
[4.069s] running install
[4.069s] running install_lib
[4.069s] creating /home/bobby/nexon_ws/install/imu_kalman_pkg/lib/python3.10/site-packages/imu_kalman_pkg
[4.070s] copying /home/bobby/nexon_ws/build/imu_kalman_pkg/build/lib/imu_kalman_pkg/imu_kalman_filter.py -> /home/bobby/nexon_ws/install/imu_kalman_pkg/lib/python3.10/site-packages/imu_kalman_pkg
[4.070s] copying /home/bobby/nexon_ws/build/imu_kalman_pkg/build/lib/imu_kalman_pkg/__init__.py -> /home/bobby/nexon_ws/install/imu_kalman_pkg/lib/python3.10/site-packages/imu_kalman_pkg
[4.070s] byte-compiling /home/bobby/nexon_ws/install/imu_kalman_pkg/lib/python3.10/site-packages/imu_kalman_pkg/imu_kalman_filter.py to imu_kalman_filter.cpython-310.pyc
[4.070s] byte-compiling /home/bobby/nexon_ws/install/imu_kalman_pkg/lib/python3.10/site-packages/imu_kalman_pkg/__init__.py to __init__.cpython-310.pyc
[4.070s] running install_data
[4.071s] copying resource/imu_kalman_pkg -> /home/bobby/nexon_ws/install/imu_kalman_pkg/share/ament_index/resource_index/packages
[4.071s] copying package.xml -> /home/bobby/nexon_ws/install/imu_kalman_pkg/share/imu_kalman_pkg
[4.071s] running install_egg_info
[4.072s] Copying ../../build/imu_kalman_pkg/imu_kalman_pkg.egg-info to /home/bobby/nexon_ws/install/imu_kalman_pkg/lib/python3.10/site-packages/imu_kalman_pkg-0.0.0-py3.10.egg-info
[4.074s] running install_scripts
[4.101s] Installing imu_kalman_filter script to /home/bobby/nexon_ws/install/imu_kalman_pkg/lib/imu_kalman_pkg
[4.102s] writing list of installed files to '/home/bobby/nexon_ws/build/imu_kalman_pkg/install.log'
[4.142s] Invoked command in '/home/bobby/nexon_ws/src/imu_kalman_pkg' returned '0': PYTHONPATH=/home/bobby/nexon_ws/build/imu_kalman_pkg/prefix_override:/usr/lib/python3/dist-packages/colcon_core/task/python/colcon_distutils_commands:/home/bobby/nexon_ws/install/imu_kalman_pkg/lib/python3.10/site-packages:${PYTHONPATH} /usr/bin/python3 -W ignore:setup.py install is deprecated -W ignore:easy_install command is deprecated setup.py egg_info --egg-base ../../build/imu_kalman_pkg build --build-base /home/bobby/nexon_ws/build/imu_kalman_pkg/build install --record /home/bobby/nexon_ws/build/imu_kalman_pkg/install.log --single-version-externally-managed install_data --force
