[1.596s] Invoking command in '/home/bobby/nexon_ws/build/data_visual': PYTHONPATH=/home/bobby/nexon_ws/build/data_visual/prefix_override:/usr/lib/python3/dist-packages/colcon_core/task/python/colcon_distutils_commands:/home/bobby/nexon_ws/install/data_visual/lib/python3.10/site-packages:${PYTHONPATH} /usr/bin/python3 -W ignore:setup.py install is deprecated -W ignore:easy_install command is deprecated setup.py develop --uninstall --editable --build-directory /home/bobby/nexon_ws/build/data_visual/build
[2.527s] running develop
[3.033s] Removing /home/bobby/nexon_ws/install/data_visual/lib/python3.10/site-packages/data-visual.egg-link (link to .)
[3.128s] Invoked command in '/home/bobby/nexon_ws/build/data_visual' returned '0': PYTHONPATH=/home/bobby/nexon_ws/build/data_visual/prefix_override:/usr/lib/python3/dist-packages/colcon_core/task/python/colcon_distutils_commands:/home/bobby/nexon_ws/install/data_visual/lib/python3.10/site-packages:${PYTHONPATH} /usr/bin/python3 -W ignore:setup.py install is deprecated -W ignore:easy_install command is deprecated setup.py develop --uninstall --editable --build-directory /home/bobby/nexon_ws/build/data_visual/build
[3.129s] Invoking command in '/home/bobby/nexon_ws/src/nexon/data_visual': PYTHONPATH=/home/bobby/nexon_ws/build/data_visual/prefix_override:/usr/lib/python3/dist-packages/colcon_core/task/python/colcon_distutils_commands:/home/bobby/nexon_ws/install/data_visual/lib/python3.10/site-packages:${PYTHONPATH} /usr/bin/python3 -W ignore:setup.py install is deprecated -W ignore:easy_install command is deprecated setup.py egg_info --egg-base ../../../build/data_visual build --build-base /home/bobby/nexon_ws/build/data_visual/build install --record /home/bobby/nexon_ws/build/data_visual/install.log --single-version-externally-managed install_data --force
[3.665s] running egg_info
[3.666s] writing ../../../build/data_visual/data_visual.egg-info/PKG-INFO
[3.667s] writing dependency_links to ../../../build/data_visual/data_visual.egg-info/dependency_links.txt
[3.667s] writing entry points to ../../../build/data_visual/data_visual.egg-info/entry_points.txt
[3.668s] writing requirements to ../../../build/data_visual/data_visual.egg-info/requires.txt
[3.668s] writing top-level names to ../../../build/data_visual/data_visual.egg-info/top_level.txt
[3.672s] reading manifest file '../../../build/data_visual/data_visual.egg-info/SOURCES.txt'
[3.672s] adding license file 'LICENSE'
[3.678s] writing manifest file '../../../build/data_visual/data_visual.egg-info/SOURCES.txt'
[3.678s] running build
[3.678s] running build_py
[3.678s] creating /home/bobby/nexon_ws/build/data_visual/build
[3.678s] creating /home/bobby/nexon_ws/build/data_visual/build/lib
[3.678s] creating /home/bobby/nexon_ws/build/data_visual/build/lib/data_visual
[3.678s] copying data_visual/data_visual_node.py -> /home/bobby/nexon_ws/build/data_visual/build/lib/data_visual
[3.678s] copying data_visual/__init__.py -> /home/bobby/nexon_ws/build/data_visual/build/lib/data_visual
[3.678s] running install
[3.678s] running install_lib
[3.679s] creating /home/bobby/nexon_ws/install/data_visual/lib/python3.10/site-packages/data_visual
[3.685s] copying /home/bobby/nexon_ws/build/data_visual/build/lib/data_visual/data_visual_node.py -> /home/bobby/nexon_ws/install/data_visual/lib/python3.10/site-packages/data_visual
[3.685s] copying /home/bobby/nexon_ws/build/data_visual/build/lib/data_visual/__init__.py -> /home/bobby/nexon_ws/install/data_visual/lib/python3.10/site-packages/data_visual
[3.685s] byte-compiling /home/bobby/nexon_ws/install/data_visual/lib/python3.10/site-packages/data_visual/data_visual_node.py to data_visual_node.cpython-310.pyc
[3.685s] byte-compiling /home/bobby/nexon_ws/install/data_visual/lib/python3.10/site-packages/data_visual/__init__.py to __init__.cpython-310.pyc
[3.685s] running install_data
[3.686s] copying resource/data_visual -> /home/bobby/nexon_ws/install/data_visual/share/ament_index/resource_index/packages
[3.686s] copying package.xml -> /home/bobby/nexon_ws/install/data_visual/share/data_visual
[3.686s] running install_egg_info
[3.692s] Copying ../../../build/data_visual/data_visual.egg-info to /home/bobby/nexon_ws/install/data_visual/lib/python3.10/site-packages/data_visual-0.0.0-py3.10.egg-info
[3.695s] running install_scripts
[3.752s] Installing data_visual_node script to /home/bobby/nexon_ws/install/data_visual/lib/data_visual
[3.755s] writing list of installed files to '/home/bobby/nexon_ws/build/data_visual/install.log'
[4.199s] Invoked command in '/home/bobby/nexon_ws/src/nexon/data_visual' returned '0': PYTHONPATH=/home/bobby/nexon_ws/build/data_visual/prefix_override:/usr/lib/python3/dist-packages/colcon_core/task/python/colcon_distutils_commands:/home/bobby/nexon_ws/install/data_visual/lib/python3.10/site-packages:${PYTHONPATH} /usr/bin/python3 -W ignore:setup.py install is deprecated -W ignore:easy_install command is deprecated setup.py egg_info --egg-base ../../../build/data_visual build --build-base /home/bobby/nexon_ws/build/data_visual/build install --record /home/bobby/nexon_ws/build/data_visual/install.log --single-version-externally-managed install_data --force
