[0.971s] Invoking command in '/home/bobby/nexon_ws/build/imu_kalman_pkg': PYTHONPATH=/home/bobby/nexon_ws/build/imu_kalman_pkg/prefix_override:/usr/lib/python3/dist-packages/colcon_core/task/python/colcon_distutils_commands:/home/bobby/nexon_ws/install/imu_kalman_pkg/lib/python3.10/site-packages:${PYTHONPATH} /usr/bin/python3 -W ignore:setup.py install is deprecated -W ignore:easy_install command is deprecated setup.py develop --uninstall --editable --build-directory /home/bobby/nexon_ws/build/imu_kalman_pkg/build
[1.319s] running develop
[1.587s] Removing /home/bobby/nexon_ws/install/imu_kalman_pkg/lib/python3.10/site-packages/imu-kalman-pkg.egg-link (link to .)
[1.641s] Invoked command in '/home/bobby/nexon_ws/build/imu_kalman_pkg' returned '0': PYTHONPATH=/home/bobby/nexon_ws/build/imu_kalman_pkg/prefix_override:/usr/lib/python3/dist-packages/colcon_core/task/python/colcon_distutils_commands:/home/bobby/nexon_ws/install/imu_kalman_pkg/lib/python3.10/site-packages:${PYTHONPATH} /usr/bin/python3 -W ignore:setup.py install is deprecated -W ignore:easy_install command is deprecated setup.py develop --uninstall --editable --build-directory /home/bobby/nexon_ws/build/imu_kalman_pkg/build
[1.641s] Invoking command in '/home/bobby/nexon_ws/src/imu_kalman_pkg': PYTHONPATH=/home/bobby/nexon_ws/build/imu_kalman_pkg/prefix_override:/usr/lib/python3/dist-packages/colcon_core/task/python/colcon_distutils_commands:/home/bobby/nexon_ws/install/imu_kalman_pkg/lib/python3.10/site-packages:${PYTHONPATH} /usr/bin/python3 -W ignore:setup.py install is deprecated -W ignore:easy_install command is deprecated setup.py egg_info --egg-base ../../build/imu_kalman_pkg build --build-base /home/bobby/nexon_ws/build/imu_kalman_pkg/build install --record /home/bobby/nexon_ws/build/imu_kalman_pkg/install.log --single-version-externally-managed install_data --force
[1.852s] running egg_info
[1.853s] writing ../../build/imu_kalman_pkg/imu_kalman_pkg.egg-info/PKG-INFO
[1.853s] writing dependency_links to ../../build/imu_kalman_pkg/imu_kalman_pkg.egg-info/dependency_links.txt
[1.854s] writing entry points to ../../build/imu_kalman_pkg/imu_kalman_pkg.egg-info/entry_points.txt
[1.854s] writing requirements to ../../build/imu_kalman_pkg/imu_kalman_pkg.egg-info/requires.txt
[1.854s] writing top-level names to ../../build/imu_kalman_pkg/imu_kalman_pkg.egg-info/top_level.txt
[1.855s] reading manifest file '../../build/imu_kalman_pkg/imu_kalman_pkg.egg-info/SOURCES.txt'
[1.859s] writing manifest file '../../build/imu_kalman_pkg/imu_kalman_pkg.egg-info/SOURCES.txt'
[1.859s] running build
[1.859s] running build_py
[1.859s] running install
[1.860s] running install_lib
[1.860s] creating /home/bobby/nexon_ws/install/imu_kalman_pkg/lib/python3.10/site-packages/imu_kalman_pkg
[1.860s] copying /home/bobby/nexon_ws/build/imu_kalman_pkg/build/lib/imu_kalman_pkg/imu_kalman_filter.py -> /home/bobby/nexon_ws/install/imu_kalman_pkg/lib/python3.10/site-packages/imu_kalman_pkg
[1.860s] copying /home/bobby/nexon_ws/build/imu_kalman_pkg/build/lib/imu_kalman_pkg/__init__.py -> /home/bobby/nexon_ws/install/imu_kalman_pkg/lib/python3.10/site-packages/imu_kalman_pkg
[1.861s] byte-compiling /home/bobby/nexon_ws/install/imu_kalman_pkg/lib/python3.10/site-packages/imu_kalman_pkg/imu_kalman_filter.py to imu_kalman_filter.cpython-310.pyc
[1.862s] byte-compiling /home/bobby/nexon_ws/install/imu_kalman_pkg/lib/python3.10/site-packages/imu_kalman_pkg/__init__.py to __init__.cpython-310.pyc
[1.862s] running install_data
[1.862s] copying resource/imu_kalman_pkg -> /home/bobby/nexon_ws/install/imu_kalman_pkg/share/ament_index/resource_index/packages
[1.862s] copying package.xml -> /home/bobby/nexon_ws/install/imu_kalman_pkg/share/imu_kalman_pkg
[1.863s] running install_egg_info
[1.865s] Copying ../../build/imu_kalman_pkg/imu_kalman_pkg.egg-info to /home/bobby/nexon_ws/install/imu_kalman_pkg/lib/python3.10/site-packages/imu_kalman_pkg-0.0.0-py3.10.egg-info
[1.866s] running install_scripts
[1.883s] Installing imu_kalman_filter script to /home/bobby/nexon_ws/install/imu_kalman_pkg/lib/imu_kalman_pkg
[1.883s] writing list of installed files to '/home/bobby/nexon_ws/build/imu_kalman_pkg/install.log'
[1.920s] Invoked command in '/home/bobby/nexon_ws/src/imu_kalman_pkg' returned '0': PYTHONPATH=/home/bobby/nexon_ws/build/imu_kalman_pkg/prefix_override:/usr/lib/python3/dist-packages/colcon_core/task/python/colcon_distutils_commands:/home/bobby/nexon_ws/install/imu_kalman_pkg/lib/python3.10/site-packages:${PYTHONPATH} /usr/bin/python3 -W ignore:setup.py install is deprecated -W ignore:easy_install command is deprecated setup.py egg_info --egg-base ../../build/imu_kalman_pkg build --build-base /home/bobby/nexon_ws/build/imu_kalman_pkg/build install --record /home/bobby/nexon_ws/build/imu_kalman_pkg/install.log --single-version-externally-managed install_data --force
