[1.340s] Invoking command in '/home/bobby/nexon_ws/src/gamepad_pkg': PYTHONPATH=/home/bobby/nexon_ws/build/gamepad_pkg/prefix_override:/usr/lib/python3/dist-packages/colcon_core/task/python/colcon_distutils_commands:/home/bobby/nexon_ws/install/gamepad_pkg/lib/python3.10/site-packages:${PYTHONPATH} /usr/bin/python3 -W ignore:setup.py install is deprecated -W ignore:easy_install command is deprecated setup.py egg_info --egg-base ../../build/gamepad_pkg build --build-base /home/bobby/nexon_ws/build/gamepad_pkg/build install --record /home/bobby/nexon_ws/build/gamepad_pkg/install.log --single-version-externally-managed install_data
[1.680s] running egg_info
[1.683s] writing ../../build/gamepad_pkg/gamepad_pkg.egg-info/PKG-INFO
[1.684s] writing dependency_links to ../../build/gamepad_pkg/gamepad_pkg.egg-info/dependency_links.txt
[1.684s] writing entry points to ../../build/gamepad_pkg/gamepad_pkg.egg-info/entry_points.txt
[1.684s] writing requirements to ../../build/gamepad_pkg/gamepad_pkg.egg-info/requires.txt
[1.684s] writing top-level names to ../../build/gamepad_pkg/gamepad_pkg.egg-info/top_level.txt
[1.684s] reading manifest file '../../build/gamepad_pkg/gamepad_pkg.egg-info/SOURCES.txt'
[1.686s] adding license file 'LICENSE'
[1.688s] writing manifest file '../../build/gamepad_pkg/gamepad_pkg.egg-info/SOURCES.txt'
[1.688s] running build
[1.688s] running build_py
[1.690s] running install
[1.691s] running install_lib
[1.694s] running install_data
[1.695s] running install_egg_info
[1.699s] removing '/home/bobby/nexon_ws/install/gamepad_pkg/lib/python3.10/site-packages/gamepad_pkg-0.0.0-py3.10.egg-info' (and everything under it)
[1.701s] Copying ../../build/gamepad_pkg/gamepad_pkg.egg-info to /home/bobby/nexon_ws/install/gamepad_pkg/lib/python3.10/site-packages/gamepad_pkg-0.0.0-py3.10.egg-info
[1.704s] running install_scripts
[1.737s] Installing gamepad_testing script to /home/bobby/nexon_ws/install/gamepad_pkg/lib/gamepad_pkg
[1.739s] writing list of installed files to '/home/bobby/nexon_ws/build/gamepad_pkg/install.log'
[1.986s] Invoked command in '/home/bobby/nexon_ws/src/gamepad_pkg' returned '0': PYTHONPATH=/home/bobby/nexon_ws/build/gamepad_pkg/prefix_override:/usr/lib/python3/dist-packages/colcon_core/task/python/colcon_distutils_commands:/home/bobby/nexon_ws/install/gamepad_pkg/lib/python3.10/site-packages:${PYTHONPATH} /usr/bin/python3 -W ignore:setup.py install is deprecated -W ignore:easy_install command is deprecated setup.py egg_info --egg-base ../../build/gamepad_pkg build --build-base /home/bobby/nexon_ws/build/gamepad_pkg/build install --record /home/bobby/nexon_ws/build/gamepad_pkg/install.log --single-version-externally-managed install_data
