[0.022s] Invoking command in '/home/bobby/nexon_ws/build/nexon_base': CMAKE_PREFIX_PATH=/opt/ros/humble /usr/bin/cmake /home/bobby/nexon_ws/src/nexon/nexon_base -DAMENT_CMAKE_SYMLINK_INSTALL=1 -DCMAKE_INSTALL_PREFIX=/home/bobby/nexon_ws/install/nexon_base
[0.055s] -- Found ament_cmake: 1.3.12 (/opt/ros/humble/share/ament_cmake/cmake)
[0.258s] -- Override CMake install command with custom implementation using symlinks instead of copying resources
[0.404s] -- Configuring done
[0.413s] -- Generating done
[0.415s] -- Build files have been written to: /home/bobby/nexon_ws/build/nexon_base
[0.428s] Invoked command in '/home/bobby/nexon_ws/build/nexon_base' returned '0': CMAKE_PREFIX_PATH=/opt/ros/humble /usr/bin/cmake /home/bobby/nexon_ws/src/nexon/nexon_base -DAMENT_CMAKE_SYMLINK_INSTALL=1 -DCMAKE_INSTALL_PREFIX=/home/bobby/nexon_ws/install/nexon_base
[0.429s] Invoking command in '/home/bobby/nexon_ws/build/nexon_base': CMAKE_PREFIX_PATH=/opt/ros/humble /usr/bin/cmake --build /home/bobby/nexon_ws/build/nexon_base -- -j4 -l4
[0.500s] Invoked command in '/home/bobby/nexon_ws/build/nexon_base' returned '0': CMAKE_PREFIX_PATH=/opt/ros/humble /usr/bin/cmake --build /home/bobby/nexon_ws/build/nexon_base -- -j4 -l4
[0.500s] Invoking command in '/home/bobby/nexon_ws/build/nexon_base': CMAKE_PREFIX_PATH=/opt/ros/humble /usr/bin/cmake --install /home/bobby/nexon_ws/build/nexon_base
[0.514s] -- Install configuration: ""
[0.516s] -- Execute custom install script
[0.516s] -- Up-to-date symlink: /home/bobby/nexon_ws/install/nexon_base/share/nexon_base/config/ekf.yaml
[0.516s] -- Up-to-date symlink: /home/bobby/nexon_ws/install/nexon_base/share/ament_index/resource_index/package_run_dependencies/nexon_base
[0.516s] -- Up-to-date symlink: /home/bobby/nexon_ws/install/nexon_base/share/ament_index/resource_index/parent_prefix_path/nexon_base
[0.517s] -- Up-to-date symlink: /home/bobby/nexon_ws/install/nexon_base/share/nexon_base/environment/ament_prefix_path.sh
[0.518s] -- Up-to-date symlink: /home/bobby/nexon_ws/install/nexon_base/share/nexon_base/environment/ament_prefix_path.dsv
[0.518s] -- Up-to-date symlink: /home/bobby/nexon_ws/install/nexon_base/share/nexon_base/environment/path.sh
[0.518s] -- Up-to-date symlink: /home/bobby/nexon_ws/install/nexon_base/share/nexon_base/environment/path.dsv
[0.518s] -- Up-to-date symlink: /home/bobby/nexon_ws/install/nexon_base/share/nexon_base/local_setup.bash
[0.520s] -- Up-to-date symlink: /home/bobby/nexon_ws/install/nexon_base/share/nexon_base/local_setup.sh
[0.520s] -- Up-to-date symlink: /home/bobby/nexon_ws/install/nexon_base/share/nexon_base/local_setup.zsh
[0.520s] -- Up-to-date symlink: /home/bobby/nexon_ws/install/nexon_base/share/nexon_base/local_setup.dsv
[0.520s] -- Symlinking: /home/bobby/nexon_ws/install/nexon_base/share/nexon_base/package.dsv
[0.532s] -- Up-to-date symlink: /home/bobby/nexon_ws/install/nexon_base/share/ament_index/resource_index/packages/nexon_base
[0.532s] -- Up-to-date symlink: /home/bobby/nexon_ws/install/nexon_base/share/nexon_base/cmake/nexon_baseConfig.cmake
[0.533s] -- Up-to-date symlink: /home/bobby/nexon_ws/install/nexon_base/share/nexon_base/cmake/nexon_baseConfig-version.cmake
[0.533s] -- Up-to-date symlink: /home/bobby/nexon_ws/install/nexon_base/share/nexon_base/package.xml
[0.541s] Invoked command in '/home/bobby/nexon_ws/build/nexon_base' returned '0': CMAKE_PREFIX_PATH=/opt/ros/humble /usr/bin/cmake --install /home/bobby/nexon_ws/build/nexon_base
