[0.909s] Invoking command in '/home/bobby/nexon_ws/src/nexon/lock_system': PYTHONPATH=/home/bobby/nexon_ws/build/lock_system/prefix_override:/usr/lib/python3/dist-packages/colcon_core/task/python/colcon_distutils_commands:/home/bobby/nexon_ws/install/lock_system/lib/python3.10/site-packages:${PYTHONPATH} /usr/bin/python3 -W ignore:setup.py install is deprecated -W ignore:easy_install command is deprecated setup.py egg_info --egg-base ../../../build/lock_system build --build-base /home/bobby/nexon_ws/build/lock_system/build install --record /home/bobby/nexon_ws/build/lock_system/install.log --single-version-externally-managed install_data
[1.129s] running egg_info
[1.130s] writing ../../../build/lock_system/lock_system.egg-info/PKG-INFO
[1.130s] writing dependency_links to ../../../build/lock_system/lock_system.egg-info/dependency_links.txt
[1.130s] writing entry points to ../../../build/lock_system/lock_system.egg-info/entry_points.txt
[1.130s] writing requirements to ../../../build/lock_system/lock_system.egg-info/requires.txt
[1.130s] writing top-level names to ../../../build/lock_system/lock_system.egg-info/top_level.txt
[1.132s] reading manifest file '../../../build/lock_system/lock_system.egg-info/SOURCES.txt'
[1.133s] writing manifest file '../../../build/lock_system/lock_system.egg-info/SOURCES.txt'
[1.133s] running build
[1.134s] running build_py
[1.134s] copying lock_system/lock_system_master.py -> /home/bobby/nexon_ws/build/lock_system/build/lib/lock_system
[1.134s] running install
[1.134s] running install_lib
[1.135s] copying /home/bobby/nexon_ws/build/lock_system/build/lib/lock_system/lock_system_master.py -> /home/bobby/nexon_ws/install/lock_system/lib/python3.10/site-packages/lock_system
[1.135s] byte-compiling /home/bobby/nexon_ws/install/lock_system/lib/python3.10/site-packages/lock_system/lock_system_master.py to lock_system_master.cpython-310.pyc
[1.138s] running install_data
[1.139s] running install_egg_info
[1.140s] removing '/home/bobby/nexon_ws/install/lock_system/lib/python3.10/site-packages/lock_system-0.0.0-py3.10.egg-info' (and everything under it)
[1.141s] Copying ../../../build/lock_system/lock_system.egg-info to /home/bobby/nexon_ws/install/lock_system/lib/python3.10/site-packages/lock_system-0.0.0-py3.10.egg-info
[1.141s] running install_scripts
[1.156s] Installing lock_system_master script to /home/bobby/nexon_ws/install/lock_system/lib/lock_system
[1.157s] writing list of installed files to '/home/bobby/nexon_ws/build/lock_system/install.log'
[1.180s] Invoked command in '/home/bobby/nexon_ws/src/nexon/lock_system' returned '0': PYTHONPATH=/home/bobby/nexon_ws/build/lock_system/prefix_override:/usr/lib/python3/dist-packages/colcon_core/task/python/colcon_distutils_commands:/home/bobby/nexon_ws/install/lock_system/lib/python3.10/site-packages:${PYTHONPATH} /usr/bin/python3 -W ignore:setup.py install is deprecated -W ignore:easy_install command is deprecated setup.py egg_info --egg-base ../../../build/lock_system build --build-base /home/bobby/nexon_ws/build/lock_system/build install --record /home/bobby/nexon_ws/build/lock_system/install.log --single-version-externally-managed install_data
