[1.288s] Invoking command in '/home/bobby/nexon_ws/src/gamepad_bt_pkg': PYTHONPATH=/home/bobby/nexon_ws/build/gamepad_bt_pkg/prefix_override:/usr/lib/python3/dist-packages/colcon_core/task/python/colcon_distutils_commands:/home/bobby/nexon_ws/install/gamepad_bt_pkg/lib/python3.10/site-packages:${PYTHONPATH} /usr/bin/python3 -W ignore:setup.py install is deprecated -W ignore:easy_install command is deprecated setup.py egg_info --egg-base ../../build/gamepad_bt_pkg build --build-base /home/bobby/nexon_ws/build/gamepad_bt_pkg/build install --record /home/bobby/nexon_ws/build/gamepad_bt_pkg/install.log --single-version-externally-managed install_data
[1.622s] running egg_info
[1.624s] writing ../../build/gamepad_bt_pkg/gamepad_bt_pkg.egg-info/PKG-INFO
[1.624s] writing dependency_links to ../../build/gamepad_bt_pkg/gamepad_bt_pkg.egg-info/dependency_links.txt
[1.624s] writing entry points to ../../build/gamepad_bt_pkg/gamepad_bt_pkg.egg-info/entry_points.txt
[1.624s] writing requirements to ../../build/gamepad_bt_pkg/gamepad_bt_pkg.egg-info/requires.txt
[1.624s] writing top-level names to ../../build/gamepad_bt_pkg/gamepad_bt_pkg.egg-info/top_level.txt
[1.627s] reading manifest file '../../build/gamepad_bt_pkg/gamepad_bt_pkg.egg-info/SOURCES.txt'
[1.627s] adding license file 'LICENSE'
[1.628s] writing manifest file '../../build/gamepad_bt_pkg/gamepad_bt_pkg.egg-info/SOURCES.txt'
[1.628s] running build
[1.628s] running build_py
[1.628s] running install
[1.629s] running install_lib
[1.631s] running install_data
[1.631s] running install_egg_info
[1.633s] removing '/home/bobby/nexon_ws/install/gamepad_bt_pkg/lib/python3.10/site-packages/gamepad_bt_pkg-0.0.0-py3.10.egg-info' (and everything under it)
[1.633s] Copying ../../build/gamepad_bt_pkg/gamepad_bt_pkg.egg-info to /home/bobby/nexon_ws/install/gamepad_bt_pkg/lib/python3.10/site-packages/gamepad_bt_pkg-0.0.0-py3.10.egg-info
[1.634s] running install_scripts
[1.665s] Installing gamepad_bt script to /home/bobby/nexon_ws/install/gamepad_bt_pkg/lib/gamepad_bt_pkg
[1.668s] writing list of installed files to '/home/bobby/nexon_ws/build/gamepad_bt_pkg/install.log'
[1.713s] Invoked command in '/home/bobby/nexon_ws/src/gamepad_bt_pkg' returned '0': PYTHONPATH=/home/bobby/nexon_ws/build/gamepad_bt_pkg/prefix_override:/usr/lib/python3/dist-packages/colcon_core/task/python/colcon_distutils_commands:/home/bobby/nexon_ws/install/gamepad_bt_pkg/lib/python3.10/site-packages:${PYTHONPATH} /usr/bin/python3 -W ignore:setup.py install is deprecated -W ignore:easy_install command is deprecated setup.py egg_info --egg-base ../../build/gamepad_bt_pkg build --build-base /home/bobby/nexon_ws/build/gamepad_bt_pkg/build install --record /home/bobby/nexon_ws/build/gamepad_bt_pkg/install.log --single-version-externally-managed install_data
