[0.046s] Invoking command in '/home/bobby/nexon_ws/build/nexon_base': CMAKE_PREFIX_PATH=/home/bobby/nexon_ws/install/sllidar_ros2:/home/bobby/nexon_ws/install/nexon_navigation:/home/bobby/nexon_ws/install/nexon_description:/home/bobby/nexon_ws/install/nexon_bringup:/home/bobby/nexon_ws/install/nexon_base:/home/bobby/nexon_ws/install/nexon:/home/bobby/nexon_ws/install/lock_system:/home/bobby/nexon_ws/install/imu_kalman_pkg:/home/bobby/nexon_ws/install/gamepad_pkg:/home/bobby/nexon_ws/install/gamepad_bt_pkg:/home/bobby/nexon_ws/install/data_visual:/opt/ros/humble:/home/bobby/nexon_ws/install/nav2_dstar_lite:/home/bobby/nexon_ws/install/micro_ros_setup:/home/bobby/nexon_ws/install/micro_ros_agent /usr/bin/cmake /home/bobby/nexon_ws/src/nexon/nexon_base -DCMAKE_INSTALL_PREFIX=/home/bobby/nexon_ws/install/nexon_base
[0.070s] -- Found ament_cmake: 1.3.12 (/opt/ros/humble/share/ament_cmake/cmake)
[0.323s] -- Override CMake install command with custom implementation using symlinks instead of copying resources
[0.448s] -- Configuring done
[0.455s] -- Generating done
[0.456s] -- Build files have been written to: /home/bobby/nexon_ws/build/nexon_base
[0.461s] Invoked command in '/home/bobby/nexon_ws/build/nexon_base' returned '0': CMAKE_PREFIX_PATH=/home/bobby/nexon_ws/install/sllidar_ros2:/home/bobby/nexon_ws/install/nexon_navigation:/home/bobby/nexon_ws/install/nexon_description:/home/bobby/nexon_ws/install/nexon_bringup:/home/bobby/nexon_ws/install/nexon_base:/home/bobby/nexon_ws/install/nexon:/home/bobby/nexon_ws/install/lock_system:/home/bobby/nexon_ws/install/imu_kalman_pkg:/home/bobby/nexon_ws/install/gamepad_pkg:/home/bobby/nexon_ws/install/gamepad_bt_pkg:/home/bobby/nexon_ws/install/data_visual:/opt/ros/humble:/home/bobby/nexon_ws/install/nav2_dstar_lite:/home/bobby/nexon_ws/install/micro_ros_setup:/home/bobby/nexon_ws/install/micro_ros_agent /usr/bin/cmake /home/bobby/nexon_ws/src/nexon/nexon_base -DCMAKE_INSTALL_PREFIX=/home/bobby/nexon_ws/install/nexon_base
[0.466s] Invoking command in '/home/bobby/nexon_ws/build/nexon_base': CMAKE_PREFIX_PATH=/home/bobby/nexon_ws/install/sllidar_ros2:/home/bobby/nexon_ws/install/nexon_navigation:/home/bobby/nexon_ws/install/nexon_description:/home/bobby/nexon_ws/install/nexon_bringup:/home/bobby/nexon_ws/install/nexon_base:/home/bobby/nexon_ws/install/nexon:/home/bobby/nexon_ws/install/lock_system:/home/bobby/nexon_ws/install/imu_kalman_pkg:/home/bobby/nexon_ws/install/gamepad_pkg:/home/bobby/nexon_ws/install/gamepad_bt_pkg:/home/bobby/nexon_ws/install/data_visual:/opt/ros/humble:/home/bobby/nexon_ws/install/nav2_dstar_lite:/home/bobby/nexon_ws/install/micro_ros_setup:/home/bobby/nexon_ws/install/micro_ros_agent /usr/bin/cmake --build /home/bobby/nexon_ws/build/nexon_base -- -j4 -l4
[0.532s] Invoked command in '/home/bobby/nexon_ws/build/nexon_base' returned '0': CMAKE_PREFIX_PATH=/home/bobby/nexon_ws/install/sllidar_ros2:/home/bobby/nexon_ws/install/nexon_navigation:/home/bobby/nexon_ws/install/nexon_description:/home/bobby/nexon_ws/install/nexon_bringup:/home/bobby/nexon_ws/install/nexon_base:/home/bobby/nexon_ws/install/nexon:/home/bobby/nexon_ws/install/lock_system:/home/bobby/nexon_ws/install/imu_kalman_pkg:/home/bobby/nexon_ws/install/gamepad_pkg:/home/bobby/nexon_ws/install/gamepad_bt_pkg:/home/bobby/nexon_ws/install/data_visual:/opt/ros/humble:/home/bobby/nexon_ws/install/nav2_dstar_lite:/home/bobby/nexon_ws/install/micro_ros_setup:/home/bobby/nexon_ws/install/micro_ros_agent /usr/bin/cmake --build /home/bobby/nexon_ws/build/nexon_base -- -j4 -l4
[0.536s] Invoking command in '/home/bobby/nexon_ws/build/nexon_base': CMAKE_PREFIX_PATH=/home/bobby/nexon_ws/install/sllidar_ros2:/home/bobby/nexon_ws/install/nexon_navigation:/home/bobby/nexon_ws/install/nexon_description:/home/bobby/nexon_ws/install/nexon_bringup:/home/bobby/nexon_ws/install/nexon_base:/home/bobby/nexon_ws/install/nexon:/home/bobby/nexon_ws/install/lock_system:/home/bobby/nexon_ws/install/imu_kalman_pkg:/home/bobby/nexon_ws/install/gamepad_pkg:/home/bobby/nexon_ws/install/gamepad_bt_pkg:/home/bobby/nexon_ws/install/data_visual:/opt/ros/humble:/home/bobby/nexon_ws/install/nav2_dstar_lite:/home/bobby/nexon_ws/install/micro_ros_setup:/home/bobby/nexon_ws/install/micro_ros_agent /usr/bin/cmake --install /home/bobby/nexon_ws/build/nexon_base
[0.544s] -- Install configuration: ""
[0.546s] -- Execute custom install script
[0.546s] -- Up-to-date symlink: /home/bobby/nexon_ws/install/nexon_base/share/nexon_base/config/ekf.yaml
[0.547s] -- Up-to-date symlink: /home/bobby/nexon_ws/install/nexon_base/share/ament_index/resource_index/package_run_dependencies/nexon_base
[0.548s] -- Up-to-date symlink: /home/bobby/nexon_ws/install/nexon_base/share/ament_index/resource_index/parent_prefix_path/nexon_base
[0.548s] -- Up-to-date symlink: /home/bobby/nexon_ws/install/nexon_base/share/nexon_base/environment/ament_prefix_path.sh
[0.550s] -- Up-to-date symlink: /home/bobby/nexon_ws/install/nexon_base/share/nexon_base/environment/ament_prefix_path.dsv
[0.552s] -- Up-to-date symlink: /home/bobby/nexon_ws/install/nexon_base/share/nexon_base/environment/path.sh
[0.553s] -- Up-to-date symlink: /home/bobby/nexon_ws/install/nexon_base/share/nexon_base/environment/path.dsv
[0.553s] -- Up-to-date symlink: /home/bobby/nexon_ws/install/nexon_base/share/nexon_base/local_setup.bash
[0.553s] -- Up-to-date symlink: /home/bobby/nexon_ws/install/nexon_base/share/nexon_base/local_setup.sh
[0.553s] -- Up-to-date symlink: /home/bobby/nexon_ws/install/nexon_base/share/nexon_base/local_setup.zsh
[0.554s] -- Up-to-date symlink: /home/bobby/nexon_ws/install/nexon_base/share/nexon_base/local_setup.dsv
[0.554s] -- Symlinking: /home/bobby/nexon_ws/install/nexon_base/share/nexon_base/package.dsv
[0.568s] -- Up-to-date symlink: /home/bobby/nexon_ws/install/nexon_base/share/ament_index/resource_index/packages/nexon_base
[0.569s] -- Up-to-date symlink: /home/bobby/nexon_ws/install/nexon_base/share/nexon_base/cmake/nexon_baseConfig.cmake
[0.569s] -- Up-to-date symlink: /home/bobby/nexon_ws/install/nexon_base/share/nexon_base/cmake/nexon_baseConfig-version.cmake
[0.573s] -- Up-to-date symlink: /home/bobby/nexon_ws/install/nexon_base/share/nexon_base/package.xml
[0.574s] Invoked command in '/home/bobby/nexon_ws/build/nexon_base' returned '0': CMAKE_PREFIX_PATH=/home/bobby/nexon_ws/install/sllidar_ros2:/home/bobby/nexon_ws/install/nexon_navigation:/home/bobby/nexon_ws/install/nexon_description:/home/bobby/nexon_ws/install/nexon_bringup:/home/bobby/nexon_ws/install/nexon_base:/home/bobby/nexon_ws/install/nexon:/home/bobby/nexon_ws/install/lock_system:/home/bobby/nexon_ws/install/imu_kalman_pkg:/home/bobby/nexon_ws/install/gamepad_pkg:/home/bobby/nexon_ws/install/gamepad_bt_pkg:/home/bobby/nexon_ws/install/data_visual:/opt/ros/humble:/home/bobby/nexon_ws/install/nav2_dstar_lite:/home/bobby/nexon_ws/install/micro_ros_setup:/home/bobby/nexon_ws/install/micro_ros_agent /usr/bin/cmake --install /home/bobby/nexon_ws/build/nexon_base
